Using pre-set license
Built from '2022.2/release' branch; Version is '2022.2.0f1 (35dcd44975df) revision 3529940'; Using compiler version '192829333'; Build Type 'Release'
OS: 'Windows 11  (10.0.22621) 64bit Professional' Language: 'en' Physical Memory: 16315 MB
BatchMode: 1, IsHumanControllingUs: 0, StartBugReporterOnCrash: 0, Is64bit: 1, IsPro: 1

COMMAND LINE ARGUMENTS:
C:\Program Files\Unity\Hub\Editor\2022.2.0f1\Editor\Unity.exe
-adb2
-batchMode
-noUpm
-name
AssetImportWorker0
-projectPath
C:/Users/user3/OneDrive/Documents/GitHub/button_extension/ButtonExtension
-logFile
Logs/AssetImportWorker0.log
-srvPort
55607
Successfully changed project path to: C:/Users/user3/OneDrive/Documents/GitHub/button_extension/ButtonExtension
C:/Users/user3/OneDrive/Documents/GitHub/button_extension/ButtonExtension
[UnityMemory] Configuration Parameters - Can be set up in boot.config
    "memorysetup-bucket-allocator-granularity=16"
    "memorysetup-bucket-allocator-bucket-count=8"
    "memorysetup-bucket-allocator-block-size=33554432"
    "memorysetup-bucket-allocator-block-count=8"
    "memorysetup-main-allocator-block-size=16777216"
    "memorysetup-thread-allocator-block-size=16777216"
    "memorysetup-gfx-main-allocator-block-size=16777216"
    "memorysetup-gfx-thread-allocator-block-size=16777216"
    "memorysetup-cache-allocator-block-size=4194304"
    "memorysetup-typetree-allocator-block-size=2097152"
    "memorysetup-profiler-bucket-allocator-granularity=16"
    "memorysetup-profiler-bucket-allocator-bucket-count=8"
    "memorysetup-profiler-bucket-allocator-block-size=33554432"
    "memorysetup-profiler-bucket-allocator-block-count=8"
    "memorysetup-profiler-allocator-block-size=16777216"
    "memorysetup-profiler-editor-allocator-block-size=1048576"
    "memorysetup-temp-allocator-size-main=16777216"
    "memorysetup-job-temp-allocator-block-size=2097152"
    "memorysetup-job-temp-allocator-block-size-background=1048576"
    "memorysetup-job-temp-allocator-reduction-small-platforms=262144"
    "memorysetup-temp-allocator-size-background-worker=32768"
    "memorysetup-temp-allocator-size-job-worker=262144"
    "memorysetup-temp-allocator-size-preload-manager=33554432"
    "memorysetup-temp-allocator-size-nav-mesh-worker=65536"
    "memorysetup-temp-allocator-size-audio-worker=65536"
    "memorysetup-temp-allocator-size-cloud-worker=32768"
    "memorysetup-temp-allocator-size-gi-baking-worker=262144"
    "memorysetup-temp-allocator-size-gfx=262144"
Player connection [13284] Host "[IP] 192.168.0.35 [Port] 0 [Flags] 2 [Guid] 3521903329 [EditorId] 3521903329 [Version] 1048832 [Id] WindowsEditor(7,Axel) [Debug] 1 [PackageName] WindowsEditor [ProjectName] Editor" joined multi-casting on [225.0.0.222:54997]...

Player connection [13284] Host "[IP] 192.168.0.35 [Port] 0 [Flags] 2 [Guid] 3521903329 [EditorId] 3521903329 [Version] 1048832 [Id] WindowsEditor(7,Axel) [Debug] 1 [PackageName] WindowsEditor [ProjectName] Editor" joined alternative multi-casting on [225.0.0.222:34997]...

Refreshing native plugins compatible for Editor in 9.87 ms, found 3 plugins.
Preloading 0 native plugins for Editor in 0.00 ms.
Initialize engine version: 2022.2.0f1 (35dcd44975df)
[Subsystems] Discovering subsystems at path C:/Program Files/Unity/Hub/Editor/2022.2.0f1/Editor/Data/Resources/UnitySubsystems
[Subsystems] Discovering subsystems at path C:/Users/user3/OneDrive/Documents/GitHub/button_extension/ButtonExtension/Assets
GfxDevice: creating device client; threaded=0; jobified=0
Direct3D:
    Version:  Direct3D 11.0 [level 11.1]
    Renderer: NVIDIA GeForce GTX 1050 Ti (ID=0x1c82)
    Vendor:   NVIDIA
    VRAM:     4017 MB
    Driver:   31.0.15.2756
Initialize mono
Mono path[0] = 'C:/Program Files/Unity/Hub/Editor/2022.2.0f1/Editor/Data/Managed'
Mono path[1] = 'C:/Program Files/Unity/Hub/Editor/2022.2.0f1/Editor/Data/MonoBleedingEdge/lib/mono/unityjit-win32'
Mono config path = 'C:/Program Files/Unity/Hub/Editor/2022.2.0f1/Editor/Data/MonoBleedingEdge/etc'
Using monoOptions --debugger-agent=transport=dt_socket,embedding=1,server=y,suspend=n,address=127.0.0.1:56516
Begin MonoManager ReloadAssembly
Registering precompiled unity dll's ...
Register platform support module: C:/Program Files/Unity/Hub/Editor/2022.2.0f1/Editor/Data/PlaybackEngines/AndroidPlayer/UnityEditor.Android.Extensions.dll
Register platform support module: C:/Program Files/Unity/Hub/Editor/2022.2.0f1/Editor/Data/PlaybackEngines/iOSSupport/UnityEditor.iOS.Extensions.dll
Register platform support module: C:/Program Files/Unity/Hub/Editor/2022.2.0f1/Editor/Data/PlaybackEngines/WindowsStandaloneSupport/UnityEditor.WindowsStandalone.Extensions.dll
Registered in 0.010151 seconds.
- Loaded All Assemblies, in  0.407 seconds
Native extension for WindowsStandalone target not found
[usbmuxd] Start listen thread
[usbmuxd] Listen thread started
Native extension for iOS target not found
Native extension for Android target not found
Android Extension - Scanning For ADB Devices 173 ms
Mono: successfully reloaded assembly
- Finished resetting the current domain, in  0.560 seconds
Domain Reload Profiling:
	ReloadAssembly (237ms)
		BeginReloadAssembly (87ms)
			ExecutionOrderSort (0ms)
			DisableScriptedObjects (0ms)
			BackupInstance (0ms)
			ReleaseScriptingObjects (0ms)
			CreateAndSetChildDomain (1ms)
		LoadAllAssembliesAndSetupDomain (0ms)
			LoadAssemblies (85ms)
			RebuildTransferFunctionScriptingTraits (0ms)
			SetupTypeCache (160ms)
				TypeCache.Initialize (159ms)
					TypeCache.ScanAssembly (157ms)
				ResolveRequiredComponents (1ms)
		FinalizeReload (0ms)
			ReleaseScriptCaches (0ms)
			RebuildScriptCaches (0ms)
			SetupLoadedEditorAssemblies (490ms)
				LogAssemblyErrors (0ms)
				InitializePlatformSupportModulesInManaged (278ms)
				SetLoadedEditorAssemblies (5ms)
				RefreshPlugins (0ms)
				BeforeProcessingInitializeOnLoad (1ms)
				ProcessInitializeOnLoadAttributes (145ms)
				ProcessInitializeOnLoadMethodAttributes (61ms)
				AfterProcessingInitializeOnLoad (0ms)
				EditorAssembliesLoaded (0ms)
			ExecutionOrderSort2 (0ms)
			AwakeInstancesAfterBackupRestoration (0ms)
========================================================================
Worker process is ready to serve import requests
Begin MonoManager ReloadAssembly
Symbol file LoadedFromMemory doesn't match image C:\Users\user3\OneDrive\Documents\GitHub\button_extension\ButtonExtension\Library\PackageCache\com.unity.visualscripting@1.7.8\Editor\VisualScripting.Core\Dependencies\YamlDotNet\Unity.VisualScripting.YamlDotNet.dll
Symbol file LoadedFromMemory doesn't match image C:\Users\user3\OneDrive\Documents\GitHub\button_extension\ButtonExtension\Library\PackageCache\com.unity.visualscripting@1.7.8\Editor\VisualScripting.Core\Dependencies\DotNetZip\Unity.VisualScripting.IonicZip.dll
- Loaded All Assemblies, in  0.862 seconds
Refreshing native plugins compatible for Editor in 5.08 ms, found 3 plugins.
Native extension for WindowsStandalone target not found
Native extension for iOS target not found
Native extension for Android target not found
Mono: successfully reloaded assembly
- Finished resetting the current domain, in  0.643 seconds
Domain Reload Profiling:
	ReloadAssembly (257ms)
		BeginReloadAssembly (135ms)
			ExecutionOrderSort (0ms)
			DisableScriptedObjects (7ms)
			BackupInstance (0ms)
			ReleaseScriptingObjects (0ms)
			CreateAndSetChildDomain (23ms)
		LoadAllAssembliesAndSetupDomain (600ms)
			LoadAssemblies (92ms)
			RebuildTransferFunctionScriptingTraits (0ms)
			SetupTypeCache (564ms)
				TypeCache.Initialize (325ms)
					TypeCache.ScanAssembly (320ms)
				ResolveRequiredComponents (5ms)
		FinalizeReload (0ms)
			ReleaseScriptCaches (0ms)
			RebuildScriptCaches (0ms)
			SetupLoadedEditorAssemblies (459ms)
				LogAssemblyErrors (0ms)
				InitializePlatformSupportModulesInManaged (33ms)
				SetLoadedEditorAssemblies (7ms)
				RefreshPlugins (0ms)
				BeforeProcessingInitializeOnLoad (78ms)
				ProcessInitializeOnLoadAttributes (304ms)
				ProcessInitializeOnLoadMethodAttributes (29ms)
				AfterProcessingInitializeOnLoad (8ms)
				EditorAssembliesLoaded (0ms)
			ExecutionOrderSort2 (0ms)
			AwakeInstancesAfterBackupRestoration (7ms)
Launched and connected shader compiler UnityShaderCompiler.exe after 0.04 seconds
Refreshing native plugins compatible for Editor in 4.82 ms, found 3 plugins.
Preloading 0 native plugins for Editor in 0.00 ms.
Unloading 3393 Unused Serialized files (Serialized files now loaded: 0)
Unloading 28 unused Assets / (128.8 KB). Loaded Objects now: 3856.
Memory consumption went from 0.51 GB to 0.51 GB.
Total: 3.787700 ms (FindLiveObjects: 0.387600 ms CreateObjectMapping: 0.095100 ms MarkObjects: 3.164500 ms  DeleteObjects: 0.139000 ms)

AssetImportParameters requested are different than current active one (requested -> active):
  custom:container-demuxer-ogg: 62fdf1f143b41e24485cea50d1cbac27 -> 
  custom:video-codec-MediaFoundation-h265: 746d11721c4dcdbdad8f713fa42b33f4 -> 
  custom:video-decoder-ogg-theora: a1e56fd34408186e4bbccfd4996cb3dc -> 
  custom:framework-win-MediaFoundation: 216162199b28c13a410421893ffa2e32 -> 
  custom:container-demuxer-webm: 4f35f7cbe854078d1ac9338744f61a02 -> 
  custom:container-muxer-webm: aa71ff27fc2769a1b78a27578f13a17b -> 
  custom:video-decoder-webm-vp8: 9c59270c3fd7afecdb556c50c9e8de78 -> 
  custom:AudioImporter_EditorPlatform: d09bf68614088b80899f8185d706f6e7 -> 
  custom:video-encoder-webm-vp8: eb34c28f22e8b96e1ab97ce403110664 -> 
  custom:audio-decoder-ogg-vorbis: bf7c407c2cedff20999df2af8eb42d56 -> 
  custom:audio-encoder-webm-vorbis: bf7c407c2cedff20999df2af8eb42d56 -> 
========================================================================
Received Import Request.
  Time since last request: 3437.143789 seconds.
  path: Packages/com.anatolygarchik.fancybutton/Runtime
  artifactKey: Guid(7f0e9b92ce7b92247b36933326cf09bf) Importer(815301076,1909f56bfc062723c751e8b465ee728b)
Number of updated assets reloaded before import = 0
Start importing Packages/com.anatolygarchik.fancybutton/Runtime using Guid(7f0e9b92ce7b92247b36933326cf09bf) Importer(815301076,1909f56bfc062723c751e8b465ee728b)  -> (artifact id: 'b4cea23569671f3122a4c30cb890cf3f') in 0.003256 seconds 
Number of asset objects unloaded after import = 0
========================================================================
Received Import Request.
  Time since last request: 144.338195 seconds.
  path: Packages/com.anatolygarchik.fancybutton/Runtime/anatolygarchik.button-extension.Runtime.asmdef
  artifactKey: Guid(6f71d09169597804a991766d79087aad) Importer(815301076,1909f56bfc062723c751e8b465ee728b)
Number of updated assets reloaded before import = 0
Start importing Packages/com.anatolygarchik.fancybutton/Runtime/anatolygarchik.button-extension.Runtime.asmdef using Guid(6f71d09169597804a991766d79087aad) Importer(815301076,1909f56bfc062723c751e8b465ee728b)  -> (artifact id: 'd90d7201efe705f2b185d1fcfe1d7974') in 0.018795 seconds 
Number of asset objects unloaded after import = 0
========================================================================
Received Prepare
Begin MonoManager ReloadAssembly
Symbol file LoadedFromMemory doesn't match image C:\Users\user3\OneDrive\Documents\GitHub\button_extension\ButtonExtension\Library\PackageCache\com.unity.visualscripting@1.7.8\Editor\VisualScripting.Core\Dependencies\YamlDotNet\Unity.VisualScripting.YamlDotNet.dll
Symbol file LoadedFromMemory doesn't match image C:\Users\user3\OneDrive\Documents\GitHub\button_extension\ButtonExtension\Library\PackageCache\com.unity.visualscripting@1.7.8\Editor\VisualScripting.Core\Dependencies\DotNetZip\Unity.VisualScripting.IonicZip.dll
- Loaded All Assemblies, in  0.884 seconds
Refreshing native plugins compatible for Editor in 4.06 ms, found 3 plugins.
Native extension for WindowsStandalone target not found
Native extension for iOS target not found
Native extension for Android target not found
Mono: successfully reloaded assembly
- Finished resetting the current domain, in  0.933 seconds
Domain Reload Profiling:
	ReloadAssembly (255ms)
		BeginReloadAssembly (161ms)
			ExecutionOrderSort (0ms)
			DisableScriptedObjects (7ms)
			BackupInstance (0ms)
			ReleaseScriptingObjects (0ms)
			CreateAndSetChildDomain (45ms)
		LoadAllAssembliesAndSetupDomain (625ms)
			LoadAssemblies (105ms)
			RebuildTransferFunctionScriptingTraits (0ms)
			SetupTypeCache (586ms)
				TypeCache.Initialize (340ms)
					TypeCache.ScanAssembly (333ms)
				ResolveRequiredComponents (5ms)
		FinalizeReload (0ms)
			ReleaseScriptCaches (0ms)
			RebuildScriptCaches (0ms)
			SetupLoadedEditorAssemblies (443ms)
				LogAssemblyErrors (0ms)
				InitializePlatformSupportModulesInManaged (41ms)
				SetLoadedEditorAssemblies (8ms)
				RefreshPlugins (0ms)
				BeforeProcessingInitializeOnLoad (79ms)
				ProcessInitializeOnLoadAttributes (276ms)
				ProcessInitializeOnLoadMethodAttributes (30ms)
				AfterProcessingInitializeOnLoad (8ms)
				EditorAssembliesLoaded (0ms)
			ExecutionOrderSort2 (0ms)
			AwakeInstancesAfterBackupRestoration (7ms)
Refreshing native plugins compatible for Editor in 4.26 ms, found 3 plugins.
Preloading 0 native plugins for Editor in 0.00 ms.
Unloading 3388 Unused Serialized files (Serialized files now loaded: 0)
Unloading 23 unused Assets / (93.6 KB). Loaded Objects now: 3859.
Memory consumption went from 0.51 GB to 0.51 GB.
Total: 3.515600 ms (FindLiveObjects: 0.373300 ms CreateObjectMapping: 0.094600 ms MarkObjects: 2.934000 ms  DeleteObjects: 0.112700 ms)

AssetImportParameters requested are different than current active one (requested -> active):
  custom:container-demuxer-ogg: 62fdf1f143b41e24485cea50d1cbac27 -> 
  custom:video-codec-MediaFoundation-h265: 746d11721c4dcdbdad8f713fa42b33f4 -> 
  custom:video-decoder-ogg-theora: a1e56fd34408186e4bbccfd4996cb3dc -> 
  custom:framework-win-MediaFoundation: 216162199b28c13a410421893ffa2e32 -> 
  custom:container-demuxer-webm: 4f35f7cbe854078d1ac9338744f61a02 -> 
  custom:container-muxer-webm: aa71ff27fc2769a1b78a27578f13a17b -> 
  custom:video-decoder-webm-vp8: 9c59270c3fd7afecdb556c50c9e8de78 -> 
  custom:AudioImporter_EditorPlatform: d09bf68614088b80899f8185d706f6e7 -> 
  custom:video-encoder-webm-vp8: eb34c28f22e8b96e1ab97ce403110664 -> 
  custom:audio-decoder-ogg-vorbis: bf7c407c2cedff20999df2af8eb42d56 -> 
  custom:audio-encoder-webm-vorbis: bf7c407c2cedff20999df2af8eb42d56 -> 
========================================================================
Received Import Request.
  Time since last request: 19.890726 seconds.
  path: Packages/com.anatolygarchik.fancybutton/Runtime/anatolygarchik.fancybutton.Runtime.asmdef
  artifactKey: Guid(6f71d09169597804a991766d79087aad) Importer(815301076,1909f56bfc062723c751e8b465ee728b)
Number of updated assets reloaded before import = 0
Start importing Packages/com.anatolygarchik.fancybutton/Runtime/anatolygarchik.fancybutton.Runtime.asmdef using Guid(6f71d09169597804a991766d79087aad) Importer(815301076,1909f56bfc062723c751e8b465ee728b)  -> (artifact id: 'b4290dc676c29c9d7c9ba03a5fefb7f0') in 0.003775 seconds 
Number of asset objects unloaded after import = 0
========================================================================
Received Prepare
Assembly with name 'com.anatolygarchik.fancybutton.runtime' already exists (Packages/com.anatolygarchik.fancybutton/Runtime/anatolygarchik.fancybutton.Runtime.asmdef)
Assembly with name 'com.anatolygarchik.fancybutton.runtime' already exists (Packages/com.anatolygarchik.fancybutton/Runtime/anatolygarchik.button-extension.Runtime.asmdef)
Assembly with name 'com.anatolygarchik.fancybutton.runtime' already exists (Packages/com.anatolygarchik.fancybutton/Runtime/anatolygarchik.fancybutton.Runtime.asmdef)
Assembly with name 'com.anatolygarchik.fancybutton.runtime' already exists (Packages/com.anatolygarchik.fancybutton/Runtime/anatolygarchik.button-extension.Runtime.asmdef)
Begin MonoManager ReloadAssembly
Symbol file LoadedFromMemory doesn't match image C:\Users\user3\OneDrive\Documents\GitHub\button_extension\ButtonExtension\Library\PackageCache\com.unity.visualscripting@1.7.8\Editor\VisualScripting.Core\Dependencies\YamlDotNet\Unity.VisualScripting.YamlDotNet.dll
Symbol file LoadedFromMemory doesn't match image C:\Users\user3\OneDrive\Documents\GitHub\button_extension\ButtonExtension\Library\PackageCache\com.unity.visualscripting@1.7.8\Editor\VisualScripting.Core\Dependencies\DotNetZip\Unity.VisualScripting.IonicZip.dll
- Loaded All Assemblies, in  0.960 seconds
Refreshing native plugins compatible for Editor in 4.07 ms, found 3 plugins.
Native extension for WindowsStandalone target not found
Native extension for iOS target not found
Native extension for Android target not found
Assembly with name 'com.anatolygarchik.fancybutton.runtime' already exists (Packages/com.anatolygarchik.fancybutton/Runtime/anatolygarchik.fancybutton.Runtime.asmdef)
Assembly with name 'com.anatolygarchik.fancybutton.runtime' already exists (Packages/com.anatolygarchik.fancybutton/Runtime/anatolygarchik.button-extension.Runtime.asmdef)
Mono: successfully reloaded assembly
- Finished resetting the current domain, in  0.952 seconds
Domain Reload Profiling:
	ReloadAssembly (307ms)
		BeginReloadAssembly (204ms)
			ExecutionOrderSort (0ms)
			DisableScriptedObjects (6ms)
			BackupInstance (0ms)
			ReleaseScriptingObjects (0ms)
			CreateAndSetChildDomain (75ms)
		LoadAllAssembliesAndSetupDomain (648ms)
			LoadAssemblies (125ms)
			RebuildTransferFunctionScriptingTraits (0ms)
			SetupTypeCache (601ms)
				TypeCache.Initialize (359ms)
					TypeCache.ScanAssembly (351ms)
				ResolveRequiredComponents (4ms)
		FinalizeReload (0ms)
			ReleaseScriptCaches (0ms)
			RebuildScriptCaches (0ms)
			SetupLoadedEditorAssemblies (468ms)
				LogAssemblyErrors (0ms)
				InitializePlatformSupportModulesInManaged (40ms)
				SetLoadedEditorAssemblies (8ms)
				RefreshPlugins (0ms)
				BeforeProcessingInitializeOnLoad (105ms)
				ProcessInitializeOnLoadAttributes (276ms)
				ProcessInitializeOnLoadMethodAttributes (31ms)
				AfterProcessingInitializeOnLoad (8ms)
				EditorAssembliesLoaded (0ms)
			ExecutionOrderSort2 (0ms)
			AwakeInstancesAfterBackupRestoration (7ms)
Refreshing native plugins compatible for Editor in 4.26 ms, found 3 plugins.
Preloading 0 native plugins for Editor in 0.00 ms.
Unloading 3388 Unused Serialized files (Serialized files now loaded: 0)
Unloading 23 unused Assets / (93.5 KB). Loaded Objects now: 3862.
Memory consumption went from 0.51 GB to 0.51 GB.
Total: 3.548800 ms (FindLiveObjects: 0.378300 ms CreateObjectMapping: 0.094600 ms MarkObjects: 2.955900 ms  DeleteObjects: 0.118900 ms)

AssetImportParameters requested are different than current active one (requested -> active):
  custom:container-demuxer-ogg: 62fdf1f143b41e24485cea50d1cbac27 -> 
  custom:video-codec-MediaFoundation-h265: 746d11721c4dcdbdad8f713fa42b33f4 -> 
  custom:video-decoder-ogg-theora: a1e56fd34408186e4bbccfd4996cb3dc -> 
  custom:framework-win-MediaFoundation: 216162199b28c13a410421893ffa2e32 -> 
  custom:container-demuxer-webm: 4f35f7cbe854078d1ac9338744f61a02 -> 
  custom:container-muxer-webm: aa71ff27fc2769a1b78a27578f13a17b -> 
  custom:video-decoder-webm-vp8: 9c59270c3fd7afecdb556c50c9e8de78 -> 
  custom:AudioImporter_EditorPlatform: d09bf68614088b80899f8185d706f6e7 -> 
  custom:video-encoder-webm-vp8: eb34c28f22e8b96e1ab97ce403110664 -> 
  custom:audio-decoder-ogg-vorbis: bf7c407c2cedff20999df2af8eb42d56 -> 
  custom:audio-encoder-webm-vorbis: bf7c407c2cedff20999df2af8eb42d56 -> 
========================================================================
Received Import Request.
  Time since last request: 24.545114 seconds.
  path: Packages/com.anatolygarchik.fancybutton/Runtime/fancybutton.Runtime.asmdef
  artifactKey: Guid(6f71d09169597804a991766d79087aad) Importer(815301076,1909f56bfc062723c751e8b465ee728b)
Number of updated assets reloaded before import = 0
Start importing Packages/com.anatolygarchik.fancybutton/Runtime/fancybutton.Runtime.asmdef using Guid(6f71d09169597804a991766d79087aad) Importer(815301076,1909f56bfc062723c751e8b465ee728b)  -> (artifact id: '47443bd445330f02a20fd2f62fa7c160') in 0.003636 seconds 
Number of asset objects unloaded after import = 0
========================================================================
Received Prepare
Assembly with name 'com.anatolygarchik.fancybutton.runtime' already exists (Packages/com.anatolygarchik.fancybutton/Runtime/anatolygarchik.button-extension.Runtime.asmdef)
Assembly with name 'com.anatolygarchik.fancybutton.runtime' already exists (Packages/com.anatolygarchik.fancybutton/Runtime/fancybutton.Runtime.asmdef)
Assembly with name 'com.anatolygarchik.fancybutton.runtime' already exists (Packages/com.anatolygarchik.fancybutton/Runtime/anatolygarchik.fancybutton.Runtime.asmdef)
Assembly with name 'com.anatolygarchik.fancybutton.runtime' already exists (Packages/com.anatolygarchik.fancybutton/Runtime/fancybutton.Runtime.asmdef)
Assembly with name 'com.anatolygarchik.fancybutton.runtime' already exists (Packages/com.anatolygarchik.fancybutton/Runtime/anatolygarchik.button-extension.Runtime.asmdef)
Assembly with name 'com.anatolygarchik.fancybutton.runtime' already exists (Packages/com.anatolygarchik.fancybutton/Runtime/fancybutton.Runtime.asmdef)
Assembly with name 'com.anatolygarchik.fancybutton.runtime' already exists (Packages/com.anatolygarchik.fancybutton/Runtime/anatolygarchik.fancybutton.Runtime.asmdef)
Assembly with name 'com.anatolygarchik.fancybutton.runtime' already exists (Packages/com.anatolygarchik.fancybutton/Runtime/fancybutton.Runtime.asmdef)
Begin MonoManager ReloadAssembly
Symbol file LoadedFromMemory doesn't match image C:\Users\user3\OneDrive\Documents\GitHub\button_extension\ButtonExtension\Library\PackageCache\com.unity.visualscripting@1.7.8\Editor\VisualScripting.Core\Dependencies\YamlDotNet\Unity.VisualScripting.YamlDotNet.dll
Symbol file LoadedFromMemory doesn't match image C:\Users\user3\OneDrive\Documents\GitHub\button_extension\ButtonExtension\Library\PackageCache\com.unity.visualscripting@1.7.8\Editor\VisualScripting.Core\Dependencies\DotNetZip\Unity.VisualScripting.IonicZip.dll
- Loaded All Assemblies, in  0.981 seconds
Refreshing native plugins compatible for Editor in 3.83 ms, found 3 plugins.
Native extension for WindowsStandalone target not found
Native extension for iOS target not found
Native extension for Android target not found
Assembly with name 'com.anatolygarchik.fancybutton.runtime' already exists (Packages/com.anatolygarchik.fancybutton/Runtime/anatolygarchik.button-extension.Runtime.asmdef)
Assembly with name 'com.anatolygarchik.fancybutton.runtime' already exists (Packages/com.anatolygarchik.fancybutton/Runtime/fancybutton.Runtime.asmdef)
Assembly with name 'com.anatolygarchik.fancybutton.runtime' already exists (Packages/com.anatolygarchik.fancybutton/Runtime/anatolygarchik.fancybutton.Runtime.asmdef)
Assembly with name 'com.anatolygarchik.fancybutton.runtime' already exists (Packages/com.anatolygarchik.fancybutton/Runtime/fancybutton.Runtime.asmdef)
Mono: successfully reloaded assembly
- Finished resetting the current domain, in  0.940 seconds
Domain Reload Profiling:
	ReloadAssembly (312ms)
		BeginReloadAssembly (194ms)
			ExecutionOrderSort (0ms)
			DisableScriptedObjects (9ms)
			BackupInstance (0ms)
			ReleaseScriptingObjects (0ms)
			CreateAndSetChildDomain (45ms)
		LoadAllAssembliesAndSetupDomain (662ms)
			LoadAssemblies (134ms)
			RebuildTransferFunctionScriptingTraits (0ms)
			SetupTypeCache (625ms)
				TypeCache.Initialize (383ms)
					TypeCache.ScanAssembly (375ms)
				ResolveRequiredComponents (5ms)
		FinalizeReload (0ms)
			ReleaseScriptCaches (0ms)
			RebuildScriptCaches (0ms)
			SetupLoadedEditorAssemblies (464ms)
				LogAssemblyErrors (0ms)
				InitializePlatformSupportModulesInManaged (40ms)
				SetLoadedEditorAssemblies (8ms)
				RefreshPlugins (0ms)
				BeforeProcessingInitializeOnLoad (107ms)
				ProcessInitializeOnLoadAttributes (271ms)
				ProcessInitializeOnLoadMethodAttributes (30ms)
				AfterProcessingInitializeOnLoad (9ms)
				EditorAssembliesLoaded (0ms)
			ExecutionOrderSort2 (0ms)
			AwakeInstancesAfterBackupRestoration (7ms)
Refreshing native plugins compatible for Editor in 3.79 ms, found 3 plugins.
Preloading 0 native plugins for Editor in 0.00 ms.
Unloading 3388 Unused Serialized files (Serialized files now loaded: 0)
Unloading 23 unused Assets / (93.6 KB). Loaded Objects now: 3865.
Memory consumption went from 0.51 GB to 0.51 GB.
Total: 3.637400 ms (FindLiveObjects: 0.451400 ms CreateObjectMapping: 0.101000 ms MarkObjects: 2.964600 ms  DeleteObjects: 0.119100 ms)

AssetImportParameters requested are different than current active one (requested -> active):
  custom:container-demuxer-ogg: 62fdf1f143b41e24485cea50d1cbac27 -> 
  custom:video-codec-MediaFoundation-h265: 746d11721c4dcdbdad8f713fa42b33f4 -> 
  custom:video-decoder-ogg-theora: a1e56fd34408186e4bbccfd4996cb3dc -> 
  custom:framework-win-MediaFoundation: 216162199b28c13a410421893ffa2e32 -> 
  custom:container-demuxer-webm: 4f35f7cbe854078d1ac9338744f61a02 -> 
  custom:container-muxer-webm: aa71ff27fc2769a1b78a27578f13a17b -> 
  custom:video-decoder-webm-vp8: 9c59270c3fd7afecdb556c50c9e8de78 -> 
  custom:AudioImporter_EditorPlatform: d09bf68614088b80899f8185d706f6e7 -> 
  custom:video-encoder-webm-vp8: eb34c28f22e8b96e1ab97ce403110664 -> 
  custom:audio-decoder-ogg-vorbis: bf7c407c2cedff20999df2af8eb42d56 -> 
  custom:audio-encoder-webm-vorbis: bf7c407c2cedff20999df2af8eb42d56 -> 
========================================================================
Received Import Request.
  Time since last request: 14.634586 seconds.
  path: Packages/com.anatolygarchik.fancybutton/Editor/fancybutton.Editor.asmdef
  artifactKey: Guid(b799b27d1785b934289706df7e883044) Importer(815301076,1909f56bfc062723c751e8b465ee728b)
Number of updated assets reloaded before import = 0
Start importing Packages/com.anatolygarchik.fancybutton/Editor/fancybutton.Editor.asmdef using Guid(b799b27d1785b934289706df7e883044) Importer(815301076,1909f56bfc062723c751e8b465ee728b)  -> (artifact id: '16d4d6b5408e6d02e3ae137330efdd4c') in 0.003292 seconds 
Number of asset objects unloaded after import = 0
========================================================================
Received Prepare
Assembly with name 'com.anatolygarchik.button-extension.editor' already exists (Packages/com.anatolygarchik.fancybutton/Editor/anatolygarchik.button-extension.Editor.asmdef)
Assembly with name 'com.anatolygarchik.button-extension.editor' already exists (Packages/com.anatolygarchik.fancybutton/Editor/fancybutton.Editor.asmdef)
Assembly with name 'com.anatolygarchik.fancybutton.runtime' already exists (Packages/com.anatolygarchik.fancybutton/Runtime/anatolygarchik.button-extension.Runtime.asmdef)
Assembly with name 'com.anatolygarchik.fancybutton.runtime' already exists (Packages/com.anatolygarchik.fancybutton/Runtime/fancybutton.Runtime.asmdef)
Assembly with name 'com.anatolygarchik.fancybutton.runtime' already exists (Packages/com.anatolygarchik.fancybutton/Runtime/anatolygarchik.fancybutton.Runtime.asmdef)
Assembly with name 'com.anatolygarchik.fancybutton.runtime' already exists (Packages/com.anatolygarchik.fancybutton/Runtime/fancybutton.Runtime.asmdef)
Assembly with name 'com.anatolygarchik.button-extension.editor' already exists (Packages/com.anatolygarchik.fancybutton/Editor/anatolygarchik.button-extension.Editor.asmdef)
Assembly with name 'com.anatolygarchik.button-extension.editor' already exists (Packages/com.anatolygarchik.fancybutton/Editor/fancybutton.Editor.asmdef)
Assembly with name 'com.anatolygarchik.fancybutton.runtime' already exists (Packages/com.anatolygarchik.fancybutton/Runtime/anatolygarchik.button-extension.Runtime.asmdef)
Assembly with name 'com.anatolygarchik.fancybutton.runtime' already exists (Packages/com.anatolygarchik.fancybutton/Runtime/fancybutton.Runtime.asmdef)
Assembly with name 'com.anatolygarchik.fancybutton.runtime' already exists (Packages/com.anatolygarchik.fancybutton/Runtime/anatolygarchik.fancybutton.Runtime.asmdef)
Assembly with name 'com.anatolygarchik.fancybutton.runtime' already exists (Packages/com.anatolygarchik.fancybutton/Runtime/fancybutton.Runtime.asmdef)
Begin MonoManager ReloadAssembly
Symbol file LoadedFromMemory doesn't match image C:\Users\user3\OneDrive\Documents\GitHub\button_extension\ButtonExtension\Library\PackageCache\com.unity.visualscripting@1.7.8\Editor\VisualScripting.Core\Dependencies\YamlDotNet\Unity.VisualScripting.YamlDotNet.dll
Symbol file LoadedFromMemory doesn't match image C:\Users\user3\OneDrive\Documents\GitHub\button_extension\ButtonExtension\Library\PackageCache\com.unity.visualscripting@1.7.8\Editor\VisualScripting.Core\Dependencies\DotNetZip\Unity.VisualScripting.IonicZip.dll
- Loaded All Assemblies, in  0.936 seconds
Refreshing native plugins compatible for Editor in 3.94 ms, found 3 plugins.
Native extension for WindowsStandalone target not found
Native extension for iOS target not found
Native extension for Android target not found
Assembly with name 'com.anatolygarchik.button-extension.editor' already exists (Packages/com.anatolygarchik.fancybutton/Editor/anatolygarchik.button-extension.Editor.asmdef)
Assembly with name 'com.anatolygarchik.button-extension.editor' already exists (Packages/com.anatolygarchik.fancybutton/Editor/fancybutton.Editor.asmdef)
Assembly with name 'com.anatolygarchik.fancybutton.runtime' already exists (Packages/com.anatolygarchik.fancybutton/Runtime/anatolygarchik.button-extension.Runtime.asmdef)
Assembly with name 'com.anatolygarchik.fancybutton.runtime' already exists (Packages/com.anatolygarchik.fancybutton/Runtime/fancybutton.Runtime.asmdef)
Assembly with name 'com.anatolygarchik.fancybutton.runtime' already exists (Packages/com.anatolygarchik.fancybutton/Runtime/anatolygarchik.fancybutton.Runtime.asmdef)
Assembly with name 'com.anatolygarchik.fancybutton.runtime' already exists (Packages/com.anatolygarchik.fancybutton/Runtime/fancybutton.Runtime.asmdef)
Mono: successfully reloaded assembly
- Finished resetting the current domain, in  0.946 seconds
Domain Reload Profiling:
	ReloadAssembly (291ms)
		BeginReloadAssembly (184ms)
			ExecutionOrderSort (0ms)
			DisableScriptedObjects (9ms)
			BackupInstance (0ms)
			ReleaseScriptingObjects (0ms)
			CreateAndSetChildDomain (42ms)
		LoadAllAssembliesAndSetupDomain (642ms)
			LoadAssemblies (135ms)
			RebuildTransferFunctionScriptingTraits (0ms)
			SetupTypeCache (597ms)
				TypeCache.Initialize (348ms)
					TypeCache.ScanAssembly (341ms)
				ResolveRequiredComponents (4ms)
		FinalizeReload (0ms)
			ReleaseScriptCaches (0ms)
			RebuildScriptCaches (0ms)
			SetupLoadedEditorAssemblies (472ms)
				LogAssemblyErrors (0ms)
				InitializePlatformSupportModulesInManaged (40ms)
				SetLoadedEditorAssemblies (7ms)
				RefreshPlugins (0ms)
				BeforeProcessingInitializeOnLoad (106ms)
				ProcessInitializeOnLoadAttributes (278ms)
				ProcessInitializeOnLoadMethodAttributes (29ms)
				AfterProcessingInitializeOnLoad (11ms)
				EditorAssembliesLoaded (0ms)
			ExecutionOrderSort2 (0ms)
			AwakeInstancesAfterBackupRestoration (8ms)
Refreshing native plugins compatible for Editor in 4.18 ms, found 3 plugins.
Preloading 0 native plugins for Editor in 0.00 ms.
Unloading 3388 Unused Serialized files (Serialized files now loaded: 0)
Unloading 23 unused Assets / (93.4 KB). Loaded Objects now: 3868.
Memory consumption went from 0.51 GB to 0.51 GB.
Total: 3.572300 ms (FindLiveObjects: 0.349600 ms CreateObjectMapping: 0.094400 ms MarkObjects: 2.991300 ms  DeleteObjects: 0.135600 ms)

AssetImportParameters requested are different than current active one (requested -> active):
  custom:container-demuxer-ogg: 62fdf1f143b41e24485cea50d1cbac27 -> 
  custom:video-codec-MediaFoundation-h265: 746d11721c4dcdbdad8f713fa42b33f4 -> 
  custom:video-decoder-ogg-theora: a1e56fd34408186e4bbccfd4996cb3dc -> 
  custom:framework-win-MediaFoundation: 216162199b28c13a410421893ffa2e32 -> 
  custom:container-demuxer-webm: 4f35f7cbe854078d1ac9338744f61a02 -> 
  custom:container-muxer-webm: aa71ff27fc2769a1b78a27578f13a17b -> 
  custom:video-decoder-webm-vp8: 9c59270c3fd7afecdb556c50c9e8de78 -> 
  custom:AudioImporter_EditorPlatform: d09bf68614088b80899f8185d706f6e7 -> 
  custom:video-encoder-webm-vp8: eb34c28f22e8b96e1ab97ce403110664 -> 
  custom:audio-decoder-ogg-vorbis: bf7c407c2cedff20999df2af8eb42d56 -> 
  custom:audio-encoder-webm-vorbis: bf7c407c2cedff20999df2af8eb42d56 -> 
========================================================================
Received Import Request.
  Time since last request: 33.195697 seconds.
  path: Packages/com.anatolygarchik.fancybutton/Editor/fancybutton.Editor.asmdef
  artifactKey: Guid(b799b27d1785b934289706df7e883044) Importer(815301076,1909f56bfc062723c751e8b465ee728b)
Number of updated assets reloaded before import = 0
Start importing Packages/com.anatolygarchik.fancybutton/Editor/fancybutton.Editor.asmdef using Guid(b799b27d1785b934289706df7e883044) Importer(815301076,1909f56bfc062723c751e8b465ee728b)  -> (artifact id: '0cdb16fe1d83500df5930f94f0cdacf9') in 0.003636 seconds 
Number of asset objects unloaded after import = 0
========================================================================
Received Prepare
Folder 'Packages/com.anatolygarchik.fancybutton/Editor/' contains multiple assembly definition files (Packages/com.anatolygarchik.fancybutton/Editor/anatolygarchik.button-extension.Editor.asmdef)
Folder 'Packages/com.anatolygarchik.fancybutton/Editor/' contains multiple assembly definition files (Packages/com.anatolygarchik.fancybutton/Editor/fancybutton.Editor.asmdef)
Assembly with name 'com.anatolygarchik.fancybutton.runtime' already exists (Packages/com.anatolygarchik.fancybutton/Runtime/anatolygarchik.button-extension.Runtime.asmdef)
Assembly with name 'com.anatolygarchik.fancybutton.runtime' already exists (Packages/com.anatolygarchik.fancybutton/Runtime/fancybutton.Runtime.asmdef)
Assembly with name 'com.anatolygarchik.fancybutton.runtime' already exists (Packages/com.anatolygarchik.fancybutton/Runtime/anatolygarchik.fancybutton.Runtime.asmdef)
Assembly with name 'com.anatolygarchik.fancybutton.runtime' already exists (Packages/com.anatolygarchik.fancybutton/Runtime/fancybutton.Runtime.asmdef)
ArgumentException: An item with the same key has already been added. Key: b799b27d1785b934289706df7e883044
  at System.Collections.Generic.Dictionary`2[TKey,TValue].TryInsert (TKey key, TValue value, System.Collections.Generic.InsertionBehavior behavior) [0x0015a] in <8f06425e63004caf99a79845675f751e>:0 
  at System.Collections.Generic.Dictionary`2[TKey,TValue].Add (TKey key, TValue value) [0x00000] in <8f06425e63004caf99a79845675f751e>:0 
  at System.Linq.Enumerable.ToDictionary[TSource,TKey,TElement] (TSource[] source, System.Func`2[T,TResult] keySelector, System.Func`2[T,TResult] elementSelector, System.Collections.Generic.IEqualityComparer`1[T] comparer) [0x00029] in <7e91c7d737f04acfa67ccef9a61afddb>:0 
  at System.Linq.Enumerable.ToDictionary[TSource,TKey,TElement] (System.Collections.Generic.IEnumerable`1[T] source, System.Func`2[T,TResult] keySelector, System.Func`2[T,TResult] elementSelector, System.Collections.Generic.IEqualityComparer`1[T] comparer) [0x00051] in <7e91c7d737f04acfa67ccef9a61afddb>:0 
  at System.Linq.Enumerable.ToDictionary[TSource,TKey,TElement] (System.Collections.Generic.IEnumerable`1[T] source, System.Func`2[T,TResult] keySelector, System.Func`2[T,TResult] elementSelector) [0x00000] in <7e91c7d737f04acfa67ccef9a61afddb>:0 
  at UnityEditor.Scripting.ScriptCompilation.AssemblyGraphBuilder.Initialize (System.Collections.Generic.IReadOnlyCollection`1[T] assemblies, System.Collections.Generic.IReadOnlyCollection`1[T] customScriptAssemblyReferences) [0x00046] in <a62328349c154758b537cb55981f61df>:0 
  at UnityEditor.Scripting.ScriptCompilation.AssemblyGraphBuilderFactory.GetOrCreate (System.String projectPath, System.Collections.Generic.IReadOnlyCollection`1[T] assemblies, System.Collections.Generic.IReadOnlyCollection`1[T] customScriptAssemblyReferences) [0x00038] in <a62328349c154758b537cb55981f61df>:0 
  at UnityEditor.Scripting.ScriptCompilation.EditorCompilation.GetAssemblyGraphBuilder () [0x00027] in <a62328349c154758b537cb55981f61df>:0 
  at UnityEditor.Scripting.ScriptCompilation.EditorCompilation.SetAllScripts (System.String[] allScripts) [0x0000d] in <a62328349c154758b537cb55981f61df>:0 
  at UnityEditor.Scripting.ScriptCompilation.EditorCompilationInterface.SetAllScripts (System.String[] allScripts) [0x00006] in <a62328349c154758b537cb55981f61df>:0 

Folder 'Packages/com.anatolygarchik.fancybutton/Editor/' contains multiple assembly definition files (Packages/com.anatolygarchik.fancybutton/Editor/anatolygarchik.button-extension.Editor.asmdef)
Folder 'Packages/com.anatolygarchik.fancybutton/Editor/' contains multiple assembly definition files (Packages/com.anatolygarchik.fancybutton/Editor/fancybutton.Editor.asmdef)
Assembly with name 'com.anatolygarchik.fancybutton.runtime' already exists (Packages/com.anatolygarchik.fancybutton/Runtime/anatolygarchik.button-extension.Runtime.asmdef)
Assembly with name 'com.anatolygarchik.fancybutton.runtime' already exists (Packages/com.anatolygarchik.fancybutton/Runtime/fancybutton.Runtime.asmdef)
Assembly with name 'com.anatolygarchik.fancybutton.runtime' already exists (Packages/com.anatolygarchik.fancybutton/Runtime/anatolygarchik.fancybutton.Runtime.asmdef)
Assembly with name 'com.anatolygarchik.fancybutton.runtime' already exists (Packages/com.anatolygarchik.fancybutton/Runtime/fancybutton.Runtime.asmdef)
ArgumentException: An item with the same key has already been added. Key: b799b27d1785b934289706df7e883044
  at System.Collections.Generic.Dictionary`2[TKey,TValue].TryInsert (TKey key, TValue value, System.Collections.Generic.InsertionBehavior behavior) [0x0015a] in <8f06425e63004caf99a79845675f751e>:0 
  at System.Collections.Generic.Dictionary`2[TKey,TValue].Add (TKey key, TValue value) [0x00000] in <8f06425e63004caf99a79845675f751e>:0 
  at System.Linq.Enumerable.ToDictionary[TSource,TKey,TElement] (TSource[] source, System.Func`2[T,TResult] keySelector, System.Func`2[T,TResult] elementSelector, System.Collections.Generic.IEqualityComparer`1[T] comparer) [0x00029] in <7e91c7d737f04acfa67ccef9a61afddb>:0 
  at System.Linq.Enumerable.ToDictionary[TSource,TKey,TElement] (System.Collections.Generic.IEnumerable`1[T] source, System.Func`2[T,TResult] keySelector, System.Func`2[T,TResult] elementSelector, System.Collections.Generic.IEqualityComparer`1[T] comparer) [0x00051] in <7e91c7d737f04acfa67ccef9a61afddb>:0 
  at System.Linq.Enumerable.ToDictionary[TSource,TKey,TElement] (System.Collections.Generic.IEnumerable`1[T] source, System.Func`2[T,TResult] keySelector, System.Func`2[T,TResult] elementSelector) [0x00000] in <7e91c7d737f04acfa67ccef9a61afddb>:0 
  at UnityEditor.Scripting.ScriptCompilation.AssemblyGraphBuilder.Initialize (System.Collections.Generic.IReadOnlyCollection`1[T] assemblies, System.Collections.Generic.IReadOnlyCollection`1[T] customScriptAssemblyReferences) [0x00046] in <a62328349c154758b537cb55981f61df>:0 
  at UnityEditor.Scripting.ScriptCompilation.AssemblyGraphBuilderFactory.GetOrCreate (System.String projectPath, System.Collections.Generic.IReadOnlyCollection`1[T] assemblies, System.Collections.Generic.IReadOnlyCollection`1[T] customScriptAssemblyReferences) [0x00038] in <a62328349c154758b537cb55981f61df>:0 
  at UnityEditor.Scripting.ScriptCompilation.EditorCompilation.GetAssemblyGraphBuilder () [0x00027] in <a62328349c154758b537cb55981f61df>:0 
  at UnityEditor.Scripting.ScriptCompilation.EditorCompilation.SetAllScripts (System.String[] allScripts) [0x0000d] in <a62328349c154758b537cb55981f61df>:0 
  at UnityEditor.Scripting.ScriptCompilation.EditorCompilationInterface.SetAllScripts (System.String[] allScripts) [0x00006] in <a62328349c154758b537cb55981f61df>:0 

Begin MonoManager ReloadAssembly
Symbol file LoadedFromMemory doesn't match image C:\Users\user3\OneDrive\Documents\GitHub\button_extension\ButtonExtension\Library\PackageCache\com.unity.visualscripting@1.7.8\Editor\VisualScripting.Core\Dependencies\YamlDotNet\Unity.VisualScripting.YamlDotNet.dll
Symbol file LoadedFromMemory doesn't match image C:\Users\user3\OneDrive\Documents\GitHub\button_extension\ButtonExtension\Library\PackageCache\com.unity.visualscripting@1.7.8\Editor\VisualScripting.Core\Dependencies\DotNetZip\Unity.VisualScripting.IonicZip.dll
- Loaded All Assemblies, in  0.883 seconds
Refreshing native plugins compatible for Editor in 3.97 ms, found 3 plugins.
Native extension for WindowsStandalone target not found
Native extension for iOS target not found
Native extension for Android target not found
Folder 'Packages/com.anatolygarchik.fancybutton/Editor/' contains multiple assembly definition files (Packages/com.anatolygarchik.fancybutton/Editor/anatolygarchik.button-extension.Editor.asmdef)
Folder 'Packages/com.anatolygarchik.fancybutton/Editor/' contains multiple assembly definition files (Packages/com.anatolygarchik.fancybutton/Editor/fancybutton.Editor.asmdef)
Assembly with name 'com.anatolygarchik.fancybutton.runtime' already exists (Packages/com.anatolygarchik.fancybutton/Runtime/anatolygarchik.button-extension.Runtime.asmdef)
Assembly with name 'com.anatolygarchik.fancybutton.runtime' already exists (Packages/com.anatolygarchik.fancybutton/Runtime/fancybutton.Runtime.asmdef)
Assembly with name 'com.anatolygarchik.fancybutton.runtime' already exists (Packages/com.anatolygarchik.fancybutton/Runtime/anatolygarchik.fancybutton.Runtime.asmdef)
Assembly with name 'com.anatolygarchik.fancybutton.runtime' already exists (Packages/com.anatolygarchik.fancybutton/Runtime/fancybutton.Runtime.asmdef)
ArgumentException: An item with the same key has already been added. Key: b799b27d1785b934289706df7e883044
  at System.Collections.Generic.Dictionary`2[TKey,TValue].TryInsert (TKey key, TValue value, System.Collections.Generic.InsertionBehavior behavior) [0x0015a] in <8f06425e63004caf99a79845675f751e>:0 
  at System.Collections.Generic.Dictionary`2[TKey,TValue].Add (TKey key, TValue value) [0x00000] in <8f06425e63004caf99a79845675f751e>:0 
  at System.Linq.Enumerable.ToDictionary[TSource,TKey,TElement] (TSource[] source, System.Func`2[T,TResult] keySelector, System.Func`2[T,TResult] elementSelector, System.Collections.Generic.IEqualityComparer`1[T] comparer) [0x00029] in <7e91c7d737f04acfa67ccef9a61afddb>:0 
  at System.Linq.Enumerable.ToDictionary[TSource,TKey,TElement] (System.Collections.Generic.IEnumerable`1[T] source, System.Func`2[T,TResult] keySelector, System.Func`2[T,TResult] elementSelector, System.Collections.Generic.IEqualityComparer`1[T] comparer) [0x00051] in <7e91c7d737f04acfa67ccef9a61afddb>:0 
  at System.Linq.Enumerable.ToDictionary[TSource,TKey,TElement] (System.Collections.Generic.IEnumerable`1[T] source, System.Func`2[T,TResult] keySelector, System.Func`2[T,TResult] elementSelector) [0x00000] in <7e91c7d737f04acfa67ccef9a61afddb>:0 
  at UnityEditor.Scripting.ScriptCompilation.AssemblyGraphBuilder.Initialize (System.Collections.Generic.IReadOnlyCollection`1[T] assemblies, System.Collections.Generic.IReadOnlyCollection`1[T] customScriptAssemblyReferences) [0x00046] in <a62328349c154758b537cb55981f61df>:0 
  at UnityEditor.Scripting.ScriptCompilation.AssemblyGraphBuilderFactory.GetOrCreate (System.String projectPath, System.Collections.Generic.IReadOnlyCollection`1[T] assemblies, System.Collections.Generic.IReadOnlyCollection`1[T] customScriptAssemblyReferences) [0x00038] in <a62328349c154758b537cb55981f61df>:0 
  at UnityEditor.Scripting.ScriptCompilation.EditorCompilation.GetAssemblyGraphBuilder () [0x00027] in <a62328349c154758b537cb55981f61df>:0 
  at UnityEditor.Scripting.ScriptCompilation.EditorCompilation.SetAllScripts (System.String[] allScripts) [0x0000d] in <a62328349c154758b537cb55981f61df>:0 
  at UnityEditor.Scripting.ScriptCompilation.EditorCompilationInterface.SetAllScripts (System.String[] allScripts) [0x00006] in <a62328349c154758b537cb55981f61df>:0 

Mono: successfully reloaded assembly
- Finished resetting the current domain, in  0.930 seconds
Domain Reload Profiling:
	ReloadAssembly (248ms)
		BeginReloadAssembly (156ms)
			ExecutionOrderSort (0ms)
			DisableScriptedObjects (7ms)
			BackupInstance (0ms)
			ReleaseScriptingObjects (0ms)
			CreateAndSetChildDomain (45ms)
		LoadAllAssembliesAndSetupDomain (632ms)
			LoadAssemblies (97ms)
			RebuildTransferFunctionScriptingTraits (0ms)
			SetupTypeCache (591ms)
				TypeCache.Initialize (327ms)
					TypeCache.ScanAssembly (319ms)
				ResolveRequiredComponents (5ms)
		FinalizeReload (0ms)
			ReleaseScriptCaches (0ms)
			RebuildScriptCaches (0ms)
			SetupLoadedEditorAssemblies (442ms)
				LogAssemblyErrors (0ms)
				InitializePlatformSupportModulesInManaged (45ms)
				SetLoadedEditorAssemblies (7ms)
				RefreshPlugins (0ms)
				BeforeProcessingInitializeOnLoad (87ms)
				ProcessInitializeOnLoadAttributes (269ms)
				ProcessInitializeOnLoadMethodAttributes (27ms)
				AfterProcessingInitializeOnLoad (8ms)
				EditorAssembliesLoaded (0ms)
			ExecutionOrderSort2 (0ms)
			AwakeInstancesAfterBackupRestoration (7ms)
Refreshing native plugins compatible for Editor in 3.81 ms, found 3 plugins.
Preloading 0 native plugins for Editor in 0.00 ms.
Unloading 3388 Unused Serialized files (Serialized files now loaded: 0)
Unloading 23 unused Assets / (93.4 KB). Loaded Objects now: 3871.
Memory consumption went from 0.51 GB to 0.51 GB.
Total: 4.057700 ms (FindLiveObjects: 0.379100 ms CreateObjectMapping: 0.152900 ms MarkObjects: 3.393900 ms  DeleteObjects: 0.130500 ms)

AssetImportParameters requested are different than current active one (requested -> active):
  custom:container-demuxer-ogg: 62fdf1f143b41e24485cea50d1cbac27 -> 
  custom:video-codec-MediaFoundation-h265: 746d11721c4dcdbdad8f713fa42b33f4 -> 
  custom:video-decoder-ogg-theora: a1e56fd34408186e4bbccfd4996cb3dc -> 
  custom:framework-win-MediaFoundation: 216162199b28c13a410421893ffa2e32 -> 
  custom:container-demuxer-webm: 4f35f7cbe854078d1ac9338744f61a02 -> 
  custom:container-muxer-webm: aa71ff27fc2769a1b78a27578f13a17b -> 
  custom:video-decoder-webm-vp8: 9c59270c3fd7afecdb556c50c9e8de78 -> 
  custom:AudioImporter_EditorPlatform: d09bf68614088b80899f8185d706f6e7 -> 
  custom:video-encoder-webm-vp8: eb34c28f22e8b96e1ab97ce403110664 -> 
  custom:audio-decoder-ogg-vorbis: bf7c407c2cedff20999df2af8eb42d56 -> 
  custom:audio-encoder-webm-vorbis: bf7c407c2cedff20999df2af8eb42d56 -> 
========================================================================
Received Import Request.
  Time since last request: 16.397570 seconds.
  path: Packages/com.anatolygarchik.fancybutton/Runtime/fancybutton.Runtime.asmdef
  artifactKey: Guid(6f71d09169597804a991766d79087aad) Importer(815301076,1909f56bfc062723c751e8b465ee728b)
Number of updated assets reloaded before import = 0
Start importing Packages/com.anatolygarchik.fancybutton/Runtime/fancybutton.Runtime.asmdef using Guid(6f71d09169597804a991766d79087aad) Importer(815301076,1909f56bfc062723c751e8b465ee728b)  -> (artifact id: '2750a4285b2b37c8fde7496c30dc323b') in 0.003034 seconds 
Number of asset objects unloaded after import = 0
========================================================================
Received Prepare
Folder 'Packages/com.anatolygarchik.fancybutton/Editor/' contains multiple assembly definition files (Packages/com.anatolygarchik.fancybutton/Editor/anatolygarchik.button-extension.Editor.asmdef)
Folder 'Packages/com.anatolygarchik.fancybutton/Editor/' contains multiple assembly definition files (Packages/com.anatolygarchik.fancybutton/Editor/fancybutton.Editor.asmdef)
Folder 'Packages/com.anatolygarchik.fancybutton/Runtime/' contains multiple assembly definition files (Packages/com.anatolygarchik.fancybutton/Runtime/anatolygarchik.button-extension.Runtime.asmdef)
Folder 'Packages/com.anatolygarchik.fancybutton/Runtime/' contains multiple assembly definition files (Packages/com.anatolygarchik.fancybutton/Runtime/fancybutton.Runtime.asmdef)
Assembly with name 'com.anatolygarchik.fancybutton.runtime' already exists (Packages/com.anatolygarchik.fancybutton/Runtime/anatolygarchik.fancybutton.Runtime.asmdef)
Assembly with name 'com.anatolygarchik.fancybutton.runtime' already exists (Packages/com.anatolygarchik.fancybutton/Runtime/anatolygarchik.button-extension.Runtime.asmdef)
ArgumentException: An item with the same key has already been added. Key: b799b27d1785b934289706df7e883044
  at System.Collections.Generic.Dictionary`2[TKey,TValue].TryInsert (TKey key, TValue value, System.Collections.Generic.InsertionBehavior behavior) [0x0015a] in <8f06425e63004caf99a79845675f751e>:0 
  at System.Collections.Generic.Dictionary`2[TKey,TValue].Add (TKey key, TValue value) [0x00000] in <8f06425e63004caf99a79845675f751e>:0 
  at System.Linq.Enumerable.ToDictionary[TSource,TKey,TElement] (TSource[] source, System.Func`2[T,TResult] keySelector, System.Func`2[T,TResult] elementSelector, System.Collections.Generic.IEqualityComparer`1[T] comparer) [0x00029] in <7e91c7d737f04acfa67ccef9a61afddb>:0 
  at System.Linq.Enumerable.ToDictionary[TSource,TKey,TElement] (System.Collections.Generic.IEnumerable`1[T] source, System.Func`2[T,TResult] keySelector, System.Func`2[T,TResult] elementSelector, System.Collections.Generic.IEqualityComparer`1[T] comparer) [0x00051] in <7e91c7d737f04acfa67ccef9a61afddb>:0 
  at System.Linq.Enumerable.ToDictionary[TSource,TKey,TElement] (System.Collections.Generic.IEnumerable`1[T] source, System.Func`2[T,TResult] keySelector, System.Func`2[T,TResult] elementSelector) [0x00000] in <7e91c7d737f04acfa67ccef9a61afddb>:0 
  at UnityEditor.Scripting.ScriptCompilation.AssemblyGraphBuilder.Initialize (System.Collections.Generic.IReadOnlyCollection`1[T] assemblies, System.Collections.Generic.IReadOnlyCollection`1[T] customScriptAssemblyReferences) [0x00046] in <a62328349c154758b537cb55981f61df>:0 
  at UnityEditor.Scripting.ScriptCompilation.AssemblyGraphBuilderFactory.GetOrCreate (System.String projectPath, System.Collections.Generic.IReadOnlyCollection`1[T] assemblies, System.Collections.Generic.IReadOnlyCollection`1[T] customScriptAssemblyReferences) [0x00038] in <a62328349c154758b537cb55981f61df>:0 
  at UnityEditor.Scripting.ScriptCompilation.EditorCompilation.GetAssemblyGraphBuilder () [0x00027] in <a62328349c154758b537cb55981f61df>:0 
  at UnityEditor.Scripting.ScriptCompilation.EditorCompilation.SetAllScripts (System.String[] allScripts) [0x0000d] in <a62328349c154758b537cb55981f61df>:0 
  at UnityEditor.Scripting.ScriptCompilation.EditorCompilationInterface.SetAllScripts (System.String[] allScripts) [0x00006] in <a62328349c154758b537cb55981f61df>:0 

Folder 'Packages/com.anatolygarchik.fancybutton/Editor/' contains multiple assembly definition files (Packages/com.anatolygarchik.fancybutton/Editor/anatolygarchik.button-extension.Editor.asmdef)
Folder 'Packages/com.anatolygarchik.fancybutton/Editor/' contains multiple assembly definition files (Packages/com.anatolygarchik.fancybutton/Editor/fancybutton.Editor.asmdef)
Folder 'Packages/com.anatolygarchik.fancybutton/Runtime/' contains multiple assembly definition files (Packages/com.anatolygarchik.fancybutton/Runtime/anatolygarchik.button-extension.Runtime.asmdef)
Folder 'Packages/com.anatolygarchik.fancybutton/Runtime/' contains multiple assembly definition files (Packages/com.anatolygarchik.fancybutton/Runtime/fancybutton.Runtime.asmdef)
Assembly with name 'com.anatolygarchik.fancybutton.runtime' already exists (Packages/com.anatolygarchik.fancybutton/Runtime/anatolygarchik.fancybutton.Runtime.asmdef)
Assembly with name 'com.anatolygarchik.fancybutton.runtime' already exists (Packages/com.anatolygarchik.fancybutton/Runtime/anatolygarchik.button-extension.Runtime.asmdef)
ArgumentException: An item with the same key has already been added. Key: b799b27d1785b934289706df7e883044
  at System.Collections.Generic.Dictionary`2[TKey,TValue].TryInsert (TKey key, TValue value, System.Collections.Generic.InsertionBehavior behavior) [0x0015a] in <8f06425e63004caf99a79845675f751e>:0 
  at System.Collections.Generic.Dictionary`2[TKey,TValue].Add (TKey key, TValue value) [0x00000] in <8f06425e63004caf99a79845675f751e>:0 
  at System.Linq.Enumerable.ToDictionary[TSource,TKey,TElement] (TSource[] source, System.Func`2[T,TResult] keySelector, System.Func`2[T,TResult] elementSelector, System.Collections.Generic.IEqualityComparer`1[T] comparer) [0x00029] in <7e91c7d737f04acfa67ccef9a61afddb>:0 
  at System.Linq.Enumerable.ToDictionary[TSource,TKey,TElement] (System.Collections.Generic.IEnumerable`1[T] source, System.Func`2[T,TResult] keySelector, System.Func`2[T,TResult] elementSelector, System.Collections.Generic.IEqualityComparer`1[T] comparer) [0x00051] in <7e91c7d737f04acfa67ccef9a61afddb>:0 
  at System.Linq.Enumerable.ToDictionary[TSource,TKey,TElement] (System.Collections.Generic.IEnumerable`1[T] source, System.Func`2[T,TResult] keySelector, System.Func`2[T,TResult] elementSelector) [0x00000] in <7e91c7d737f04acfa67ccef9a61afddb>:0 
  at UnityEditor.Scripting.ScriptCompilation.AssemblyGraphBuilder.Initialize (System.Collections.Generic.IReadOnlyCollection`1[T] assemblies, System.Collections.Generic.IReadOnlyCollection`1[T] customScriptAssemblyReferences) [0x00046] in <a62328349c154758b537cb55981f61df>:0 
  at UnityEditor.Scripting.ScriptCompilation.AssemblyGraphBuilderFactory.GetOrCreate (System.String projectPath, System.Collections.Generic.IReadOnlyCollection`1[T] assemblies, System.Collections.Generic.IReadOnlyCollection`1[T] customScriptAssemblyReferences) [0x00038] in <a62328349c154758b537cb55981f61df>:0 
  at UnityEditor.Scripting.ScriptCompilation.EditorCompilation.GetAssemblyGraphBuilder () [0x00027] in <a62328349c154758b537cb55981f61df>:0 
  at UnityEditor.Scripting.ScriptCompilation.EditorCompilation.SetAllScripts (System.String[] allScripts) [0x0000d] in <a62328349c154758b537cb55981f61df>:0 
  at UnityEditor.Scripting.ScriptCompilation.EditorCompilationInterface.SetAllScripts (System.String[] allScripts) [0x00006] in <a62328349c154758b537cb55981f61df>:0 

Begin MonoManager ReloadAssembly
Symbol file LoadedFromMemory doesn't match image C:\Users\user3\OneDrive\Documents\GitHub\button_extension\ButtonExtension\Library\PackageCache\com.unity.visualscripting@1.7.8\Editor\VisualScripting.Core\Dependencies\YamlDotNet\Unity.VisualScripting.YamlDotNet.dll
Symbol file LoadedFromMemory doesn't match image C:\Users\user3\OneDrive\Documents\GitHub\button_extension\ButtonExtension\Library\PackageCache\com.unity.visualscripting@1.7.8\Editor\VisualScripting.Core\Dependencies\DotNetZip\Unity.VisualScripting.IonicZip.dll
- Loaded All Assemblies, in  0.949 seconds
Refreshing native plugins compatible for Editor in 3.80 ms, found 3 plugins.
Native extension for WindowsStandalone target not found
Native extension for iOS target not found
Native extension for Android target not found
Folder 'Packages/com.anatolygarchik.fancybutton/Editor/' contains multiple assembly definition files (Packages/com.anatolygarchik.fancybutton/Editor/anatolygarchik.button-extension.Editor.asmdef)
Folder 'Packages/com.anatolygarchik.fancybutton/Editor/' contains multiple assembly definition files (Packages/com.anatolygarchik.fancybutton/Editor/fancybutton.Editor.asmdef)
Folder 'Packages/com.anatolygarchik.fancybutton/Runtime/' contains multiple assembly definition files (Packages/com.anatolygarchik.fancybutton/Runtime/anatolygarchik.button-extension.Runtime.asmdef)
Folder 'Packages/com.anatolygarchik.fancybutton/Runtime/' contains multiple assembly definition files (Packages/com.anatolygarchik.fancybutton/Runtime/fancybutton.Runtime.asmdef)
Assembly with name 'com.anatolygarchik.fancybutton.runtime' already exists (Packages/com.anatolygarchik.fancybutton/Runtime/anatolygarchik.fancybutton.Runtime.asmdef)
Assembly with name 'com.anatolygarchik.fancybutton.runtime' already exists (Packages/com.anatolygarchik.fancybutton/Runtime/anatolygarchik.button-extension.Runtime.asmdef)
ArgumentException: An item with the same key has already been added. Key: b799b27d1785b934289706df7e883044
  at System.Collections.Generic.Dictionary`2[TKey,TValue].TryInsert (TKey key, TValue value, System.Collections.Generic.InsertionBehavior behavior) [0x0015a] in <8f06425e63004caf99a79845675f751e>:0 
  at System.Collections.Generic.Dictionary`2[TKey,TValue].Add (TKey key, TValue value) [0x00000] in <8f06425e63004caf99a79845675f751e>:0 
  at System.Linq.Enumerable.ToDictionary[TSource,TKey,TElement] (TSource[] source, System.Func`2[T,TResult] keySelector, System.Func`2[T,TResult] elementSelector, System.Collections.Generic.IEqualityComparer`1[T] comparer) [0x00029] in <7e91c7d737f04acfa67ccef9a61afddb>:0 
  at System.Linq.Enumerable.ToDictionary[TSource,TKey,TElement] (System.Collections.Generic.IEnumerable`1[T] source, System.Func`2[T,TResult] keySelector, System.Func`2[T,TResult] elementSelector, System.Collections.Generic.IEqualityComparer`1[T] comparer) [0x00051] in <7e91c7d737f04acfa67ccef9a61afddb>:0 
  at System.Linq.Enumerable.ToDictionary[TSource,TKey,TElement] (System.Collections.Generic.IEnumerable`1[T] source, System.Func`2[T,TResult] keySelector, System.Func`2[T,TResult] elementSelector) [0x00000] in <7e91c7d737f04acfa67ccef9a61afddb>:0 
  at UnityEditor.Scripting.ScriptCompilation.AssemblyGraphBuilder.Initialize (System.Collections.Generic.IReadOnlyCollection`1[T] assemblies, System.Collections.Generic.IReadOnlyCollection`1[T] customScriptAssemblyReferences) [0x00046] in <a62328349c154758b537cb55981f61df>:0 
  at UnityEditor.Scripting.ScriptCompilation.AssemblyGraphBuilderFactory.GetOrCreate (System.String projectPath, System.Collections.Generic.IReadOnlyCollection`1[T] assemblies, System.Collections.Generic.IReadOnlyCollection`1[T] customScriptAssemblyReferences) [0x00038] in <a62328349c154758b537cb55981f61df>:0 
  at UnityEditor.Scripting.ScriptCompilation.EditorCompilation.GetAssemblyGraphBuilder () [0x00027] in <a62328349c154758b537cb55981f61df>:0 
  at UnityEditor.Scripting.ScriptCompilation.EditorCompilation.SetAllScripts (System.String[] allScripts) [0x0000d] in <a62328349c154758b537cb55981f61df>:0 
  at UnityEditor.Scripting.ScriptCompilation.EditorCompilationInterface.SetAllScripts (System.String[] allScripts) [0x00006] in <a62328349c154758b537cb55981f61df>:0 

Mono: successfully reloaded assembly
- Finished resetting the current domain, in  0.944 seconds
Domain Reload Profiling:
	ReloadAssembly (295ms)
		BeginReloadAssembly (167ms)
			ExecutionOrderSort (0ms)
			DisableScriptedObjects (7ms)
			BackupInstance (0ms)
			ReleaseScriptingObjects (0ms)
			CreateAndSetChildDomain (54ms)
		LoadAllAssembliesAndSetupDomain (649ms)
			LoadAssemblies (107ms)
			RebuildTransferFunctionScriptingTraits (0ms)
			SetupTypeCache (604ms)
				TypeCache.Initialize (353ms)
					TypeCache.ScanAssembly (345ms)
				ResolveRequiredComponents (8ms)
		FinalizeReload (0ms)
			ReleaseScriptCaches (0ms)
			RebuildScriptCaches (0ms)
			SetupLoadedEditorAssemblies (442ms)
				LogAssemblyErrors (0ms)
				InitializePlatformSupportModulesInManaged (39ms)
				SetLoadedEditorAssemblies (7ms)
				RefreshPlugins (0ms)
				BeforeProcessingInitializeOnLoad (88ms)
				ProcessInitializeOnLoadAttributes (270ms)
				ProcessInitializeOnLoadMethodAttributes (27ms)
				AfterProcessingInitializeOnLoad (11ms)
				EditorAssembliesLoaded (0ms)
			ExecutionOrderSort2 (0ms)
			AwakeInstancesAfterBackupRestoration (9ms)
Refreshing native plugins compatible for Editor in 4.03 ms, found 3 plugins.
Preloading 0 native plugins for Editor in 0.00 ms.
Unloading 3388 Unused Serialized files (Serialized files now loaded: 0)
Unloading 23 unused Assets / (93.4 KB). Loaded Objects now: 3874.
Memory consumption went from 0.51 GB to 0.51 GB.
Total: 3.315500 ms (FindLiveObjects: 0.323900 ms CreateObjectMapping: 0.092600 ms MarkObjects: 2.791800 ms  DeleteObjects: 0.106300 ms)

AssetImportParameters requested are different than current active one (requested -> active):
  custom:container-demuxer-ogg: 62fdf1f143b41e24485cea50d1cbac27 -> 
  custom:video-codec-MediaFoundation-h265: 746d11721c4dcdbdad8f713fa42b33f4 -> 
  custom:video-decoder-ogg-theora: a1e56fd34408186e4bbccfd4996cb3dc -> 
  custom:framework-win-MediaFoundation: 216162199b28c13a410421893ffa2e32 -> 
  custom:container-demuxer-webm: 4f35f7cbe854078d1ac9338744f61a02 -> 
  custom:container-muxer-webm: aa71ff27fc2769a1b78a27578f13a17b -> 
  custom:video-decoder-webm-vp8: 9c59270c3fd7afecdb556c50c9e8de78 -> 
  custom:AudioImporter_EditorPlatform: d09bf68614088b80899f8185d706f6e7 -> 
  custom:video-encoder-webm-vp8: eb34c28f22e8b96e1ab97ce403110664 -> 
  custom:audio-decoder-ogg-vorbis: bf7c407c2cedff20999df2af8eb42d56 -> 
  custom:audio-encoder-webm-vorbis: bf7c407c2cedff20999df2af8eb42d56 -> 
========================================================================
Received Import Request.
  Time since last request: 11.803246 seconds.
  path: Packages/com.anatolygarchik.fancybutton/Runtime/Data
  artifactKey: Guid(0f26aad8c226b484d89bff80859432ff) Importer(815301076,1909f56bfc062723c751e8b465ee728b)
Number of updated assets reloaded before import = 0
Start importing Packages/com.anatolygarchik.fancybutton/Runtime/Data using Guid(0f26aad8c226b484d89bff80859432ff) Importer(815301076,1909f56bfc062723c751e8b465ee728b)  -> (artifact id: '4ec379be1b633e07c236c693dbc84e66') in 0.003752 seconds 
Number of asset objects unloaded after import = 0
========================================================================
Received Import Request.
  Time since last request: 2.122540 seconds.
  path: Packages/com.anatolygarchik.fancybutton/Runtime/Data/ButtonColorSettings.cs
  artifactKey: Guid(3980de0de5e136145a177af655188f8b) Importer(815301076,1909f56bfc062723c751e8b465ee728b)
Number of updated assets reloaded before import = 0
Start importing Packages/com.anatolygarchik.fancybutton/Runtime/Data/ButtonColorSettings.cs using Guid(3980de0de5e136145a177af655188f8b) Importer(815301076,1909f56bfc062723c751e8b465ee728b)  -> (artifact id: 'e6c9c3fa8ce9b4a7fa19d9f4c0cefcb7') in 0.006206 seconds 
Number of asset objects unloaded after import = 0
========================================================================
Received Import Request.
  Time since last request: 9.231328 seconds.
  path: Packages/com.anatolygarchik.fancybutton/Runtime/Data/ButtonScaleSettings.cs
  artifactKey: Guid(764a5bec293f7424ba5e93c60305b32e) Importer(815301076,1909f56bfc062723c751e8b465ee728b)
Number of updated assets reloaded before import = 0
Start importing Packages/com.anatolygarchik.fancybutton/Runtime/Data/ButtonScaleSettings.cs using Guid(764a5bec293f7424ba5e93c60305b32e) Importer(815301076,1909f56bfc062723c751e8b465ee728b)  -> (artifact id: '3236ea31fa48597d7a65f2748fcd741b') in 0.003716 seconds 
Number of asset objects unloaded after import = 0
========================================================================
Received Import Request.
  Time since last request: 6.368185 seconds.
  path: Packages/com.anatolygarchik.fancybutton/Runtime/Data/ButtonSettings.cs
  artifactKey: Guid(909eb2ea47a749d593931f4ae022cda3) Importer(815301076,1909f56bfc062723c751e8b465ee728b)
Number of updated assets reloaded before import = 0
Start importing Packages/com.anatolygarchik.fancybutton/Runtime/Data/ButtonSettings.cs using Guid(909eb2ea47a749d593931f4ae022cda3) Importer(815301076,1909f56bfc062723c751e8b465ee728b)  -> (artifact id: '4c7954cf55af6bf7c98e94fb80094c99') in 0.002670 seconds 
Number of asset objects unloaded after import = 0
========================================================================
Received Import Request.
  Time since last request: 1.766844 seconds.
  path: Packages/com.anatolygarchik.fancybutton/Runtime/Data/ButtonShineSettings.cs
  artifactKey: Guid(eee3871263ab450469e934aed3e8b007) Importer(815301076,1909f56bfc062723c751e8b465ee728b)
Number of updated assets reloaded before import = 0
Start importing Packages/com.anatolygarchik.fancybutton/Runtime/Data/ButtonShineSettings.cs using Guid(eee3871263ab450469e934aed3e8b007) Importer(815301076,1909f56bfc062723c751e8b465ee728b)  -> (artifact id: '9ad66a6d03a6191622c34c17a596398e') in 0.001874 seconds 
Number of asset objects unloaded after import = 0
========================================================================
Received Import Request.
  Time since last request: 0.812450 seconds.
  path: Packages/com.anatolygarchik.fancybutton/Runtime/Data/ButtonSpriteSettings.cs
  artifactKey: Guid(83f296cf5a2291946b39a7c22572057d) Importer(815301076,1909f56bfc062723c751e8b465ee728b)
Number of updated assets reloaded before import = 0
Start importing Packages/com.anatolygarchik.fancybutton/Runtime/Data/ButtonSpriteSettings.cs using Guid(83f296cf5a2291946b39a7c22572057d) Importer(815301076,1909f56bfc062723c751e8b465ee728b)  -> (artifact id: '9f2d1eb61f86e9b4413bc7503b1d39ed') in 0.004177 seconds 
Number of asset objects unloaded after import = 0
========================================================================
Received Import Request.
  Time since last request: 1.966734 seconds.
  path: Packages/com.anatolygarchik.fancybutton/Runtime/Data/ButtonTextSettings.cs
  artifactKey: Guid(b268c3dc364bb8646a6498f0777fd7ec) Importer(815301076,1909f56bfc062723c751e8b465ee728b)
Number of updated assets reloaded before import = 0
Start importing Packages/com.anatolygarchik.fancybutton/Runtime/Data/ButtonTextSettings.cs using Guid(b268c3dc364bb8646a6498f0777fd7ec) Importer(815301076,1909f56bfc062723c751e8b465ee728b)  -> (artifact id: '49f4dcce2240dedb071e2de176770cbc') in 0.001896 seconds 
Number of asset objects unloaded after import = 0
========================================================================
Received Import Request.
  Time since last request: 1.102907 seconds.
  path: Packages/com.anatolygarchik.fancybutton/Runtime/Data/IButtonSettingsContainer.cs
  artifactKey: Guid(dd88ed34c3ab4bc3a606632839b7506a) Importer(815301076,1909f56bfc062723c751e8b465ee728b)
Number of updated assets reloaded before import = 0
Start importing Packages/com.anatolygarchik.fancybutton/Runtime/Data/IButtonSettingsContainer.cs using Guid(dd88ed34c3ab4bc3a606632839b7506a) Importer(815301076,1909f56bfc062723c751e8b465ee728b)  -> (artifact id: 'd50dcebeb23724ab2dc6c9cb922b63c8') in 0.001890 seconds 
Number of asset objects unloaded after import = 0
========================================================================
Received Import Request.
  Time since last request: 23.322231 seconds.
  path: Packages/com.anatolygarchik.fancybutton/Runtime/Data/IButtonSettingsContainer.cs
  artifactKey: Guid(dd88ed34c3ab4bc3a606632839b7506a) Importer(815301076,1909f56bfc062723c751e8b465ee728b)
Number of updated assets reloaded before import = 0
Start importing Packages/com.anatolygarchik.fancybutton/Runtime/Data/IButtonSettingsContainer.cs using Guid(dd88ed34c3ab4bc3a606632839b7506a) Importer(815301076,1909f56bfc062723c751e8b465ee728b)  -> (artifact id: '8f53dc49d7d53e14d28229e8b4eb8d77') in 0.002183 seconds 
Number of asset objects unloaded after import = 0
========================================================================
Received Import Request.
  Time since last request: 11.684056 seconds.
  path: Packages/com.anatolygarchik.fancybutton/Runtime/FancyButtons/Button.cs
  artifactKey: Guid(9fd3e2f014a9ffe47abdae8655cc65f6) Importer(815301076,1909f56bfc062723c751e8b465ee728b)
Number of updated assets reloaded before import = 0
Start importing Packages/com.anatolygarchik.fancybutton/Runtime/FancyButtons/Button.cs using Guid(9fd3e2f014a9ffe47abdae8655cc65f6) Importer(815301076,1909f56bfc062723c751e8b465ee728b)  -> (artifact id: '895b3157cf55535619bf0fa48ea7ff48') in 0.001821 seconds 
Number of asset objects unloaded after import = 0
========================================================================
Received Import Request.
  Time since last request: 1.228795 seconds.
  path: Packages/com.anatolygarchik.fancybutton/Runtime/FancyButtons/ButtonAnimator.cs
  artifactKey: Guid(00f6d8134157a3548b7c95a38c3f073b) Importer(815301076,1909f56bfc062723c751e8b465ee728b)
Number of updated assets reloaded before import = 0
Start importing Packages/com.anatolygarchik.fancybutton/Runtime/FancyButtons/ButtonAnimator.cs using Guid(00f6d8134157a3548b7c95a38c3f073b) Importer(815301076,1909f56bfc062723c751e8b465ee728b)  -> (artifact id: 'b0d87e5f410d2325a865cced772a29f3') in 0.002049 seconds 
Number of asset objects unloaded after import = 0
========================================================================
Received Import Request.
  Time since last request: 1.753041 seconds.
  path: Packages/com.anatolygarchik.fancybutton/Runtime/FancyButtons/ButtonColorAnimator.cs
  artifactKey: Guid(1e5fe40ca48b461e8003b491ea20bead) Importer(815301076,1909f56bfc062723c751e8b465ee728b)
Number of updated assets reloaded before import = 0
Start importing Packages/com.anatolygarchik.fancybutton/Runtime/FancyButtons/ButtonColorAnimator.cs using Guid(1e5fe40ca48b461e8003b491ea20bead) Importer(815301076,1909f56bfc062723c751e8b465ee728b)  -> (artifact id: 'cfb8744a63ec5486e838daf5fec8047e') in 0.002064 seconds 
Number of asset objects unloaded after import = 0
========================================================================
Received Import Request.
  Time since last request: 1.309056 seconds.
  path: Packages/com.anatolygarchik.fancybutton/Runtime/FancyButtons/ButtonScaleAnimator.cs
  artifactKey: Guid(b3da178e1ecf4332bbe4b5a8f9298372) Importer(815301076,1909f56bfc062723c751e8b465ee728b)
Number of updated assets reloaded before import = 0
Start importing Packages/com.anatolygarchik.fancybutton/Runtime/FancyButtons/ButtonScaleAnimator.cs using Guid(b3da178e1ecf4332bbe4b5a8f9298372) Importer(815301076,1909f56bfc062723c751e8b465ee728b)  -> (artifact id: '6f94c7bbaa9206653fc5bb77372c9bfc') in 0.001897 seconds 
Number of asset objects unloaded after import = 0
========================================================================
Received Import Request.
  Time since last request: 0.662388 seconds.
  path: Packages/com.anatolygarchik.fancybutton/Runtime/FancyButtons/ButtonShineAnimator.cs
  artifactKey: Guid(a1ee61c59a5afba479eded48f384699a) Importer(815301076,1909f56bfc062723c751e8b465ee728b)
Number of updated assets reloaded before import = 0
Start importing Packages/com.anatolygarchik.fancybutton/Runtime/FancyButtons/ButtonShineAnimator.cs using Guid(a1ee61c59a5afba479eded48f384699a) Importer(815301076,1909f56bfc062723c751e8b465ee728b)  -> (artifact id: 'a7efe35e5abd3493bdb30c87d350185e') in 0.002761 seconds 
Number of asset objects unloaded after import = 0
========================================================================
Received Import Request.
  Time since last request: 1.504625 seconds.
  path: Packages/com.anatolygarchik.fancybutton/Runtime/FancyButtons/ButtonSpriteAnimator.cs
  artifactKey: Guid(5708402930bf4e378232cd48e134c5b2) Importer(815301076,1909f56bfc062723c751e8b465ee728b)
Number of updated assets reloaded before import = 0
Start importing Packages/com.anatolygarchik.fancybutton/Runtime/FancyButtons/ButtonSpriteAnimator.cs using Guid(5708402930bf4e378232cd48e134c5b2) Importer(815301076,1909f56bfc062723c751e8b465ee728b)  -> (artifact id: '40263a623c3b43ff69b5f50cfb0ec70d') in 0.002014 seconds 
Number of asset objects unloaded after import = 0
========================================================================
Received Import Request.
  Time since last request: 0.654503 seconds.
  path: Packages/com.anatolygarchik.fancybutton/Runtime/FancyButtons/Selectable.cs
  artifactKey: Guid(d467490d2c139464f9ae4765a1a518b3) Importer(815301076,1909f56bfc062723c751e8b465ee728b)
Number of updated assets reloaded before import = 0
Start importing Packages/com.anatolygarchik.fancybutton/Runtime/FancyButtons/Selectable.cs using Guid(d467490d2c139464f9ae4765a1a518b3) Importer(815301076,1909f56bfc062723c751e8b465ee728b)  -> (artifact id: '9328a951b272247a7b448b76ef9157a4') in 0.002331 seconds 
Number of asset objects unloaded after import = 0
========================================================================
Received Import Request.
  Time since last request: 1.010299 seconds.
  path: Packages/com.anatolygarchik.fancybutton/Runtime/FancyButtons/ButtonTextAnimator.cs
  artifactKey: Guid(9814e732f89e66e47aded1cafc10efd8) Importer(815301076,1909f56bfc062723c751e8b465ee728b)
Number of updated assets reloaded before import = 0
Start importing Packages/com.anatolygarchik.fancybutton/Runtime/FancyButtons/ButtonTextAnimator.cs using Guid(9814e732f89e66e47aded1cafc10efd8) Importer(815301076,1909f56bfc062723c751e8b465ee728b)  -> (artifact id: '07fe2a69b0f016669b329e2b8710c66b') in 0.002019 seconds 
Number of asset objects unloaded after import = 0
========================================================================
Received Prepare
Folder 'Packages/com.anatolygarchik.fancybutton/Editor/' contains multiple assembly definition files (Packages/com.anatolygarchik.fancybutton/Editor/anatolygarchik.button-extension.Editor.asmdef)
Folder 'Packages/com.anatolygarchik.fancybutton/Editor/' contains multiple assembly definition files (Packages/com.anatolygarchik.fancybutton/Editor/fancybutton.Editor.asmdef)
Folder 'Packages/com.anatolygarchik.fancybutton/Runtime/' contains multiple assembly definition files (Packages/com.anatolygarchik.fancybutton/Runtime/anatolygarchik.button-extension.Runtime.asmdef)
Folder 'Packages/com.anatolygarchik.fancybutton/Runtime/' contains multiple assembly definition files (Packages/com.anatolygarchik.fancybutton/Runtime/fancybutton.Runtime.asmdef)
Assembly with name 'com.anatolygarchik.fancybutton.runtime' already exists (Packages/com.anatolygarchik.fancybutton/Runtime/anatolygarchik.fancybutton.Runtime.asmdef)
Assembly with name 'com.anatolygarchik.fancybutton.runtime' already exists (Packages/com.anatolygarchik.fancybutton/Runtime/anatolygarchik.button-extension.Runtime.asmdef)
ArgumentException: An item with the same key has already been added. Key: b799b27d1785b934289706df7e883044
  at System.Collections.Generic.Dictionary`2[TKey,TValue].TryInsert (TKey key, TValue value, System.Collections.Generic.InsertionBehavior behavior) [0x0015a] in <8f06425e63004caf99a79845675f751e>:0 
  at System.Collections.Generic.Dictionary`2[TKey,TValue].Add (TKey key, TValue value) [0x00000] in <8f06425e63004caf99a79845675f751e>:0 
  at System.Linq.Enumerable.ToDictionary[TSource,TKey,TElement] (TSource[] source, System.Func`2[T,TResult] keySelector, System.Func`2[T,TResult] elementSelector, System.Collections.Generic.IEqualityComparer`1[T] comparer) [0x00029] in <7e91c7d737f04acfa67ccef9a61afddb>:0 
  at System.Linq.Enumerable.ToDictionary[TSource,TKey,TElement] (System.Collections.Generic.IEnumerable`1[T] source, System.Func`2[T,TResult] keySelector, System.Func`2[T,TResult] elementSelector, System.Collections.Generic.IEqualityComparer`1[T] comparer) [0x00051] in <7e91c7d737f04acfa67ccef9a61afddb>:0 
  at System.Linq.Enumerable.ToDictionary[TSource,TKey,TElement] (System.Collections.Generic.IEnumerable`1[T] source, System.Func`2[T,TResult] keySelector, System.Func`2[T,TResult] elementSelector) [0x00000] in <7e91c7d737f04acfa67ccef9a61afddb>:0 
  at UnityEditor.Scripting.ScriptCompilation.AssemblyGraphBuilder.Initialize (System.Collections.Generic.IReadOnlyCollection`1[T] assemblies, System.Collections.Generic.IReadOnlyCollection`1[T] customScriptAssemblyReferences) [0x00046] in <a62328349c154758b537cb55981f61df>:0 
  at UnityEditor.Scripting.ScriptCompilation.AssemblyGraphBuilderFactory.GetOrCreate (System.String projectPath, System.Collections.Generic.IReadOnlyCollection`1[T] assemblies, System.Collections.Generic.IReadOnlyCollection`1[T] customScriptAssemblyReferences) [0x00038] in <a62328349c154758b537cb55981f61df>:0 
  at UnityEditor.Scripting.ScriptCompilation.EditorCompilation.GetAssemblyGraphBuilder () [0x00027] in <a62328349c154758b537cb55981f61df>:0 
  at UnityEditor.Scripting.ScriptCompilation.EditorCompilation.SetAllScripts (System.String[] allScripts) [0x0000d] in <a62328349c154758b537cb55981f61df>:0 
  at UnityEditor.Scripting.ScriptCompilation.EditorCompilationInterface.SetAllScripts (System.String[] allScripts) [0x00006] in <a62328349c154758b537cb55981f61df>:0 

Folder 'Packages/com.anatolygarchik.fancybutton/Editor/' contains multiple assembly definition files (Packages/com.anatolygarchik.fancybutton/Editor/anatolygarchik.button-extension.Editor.asmdef)
Folder 'Packages/com.anatolygarchik.fancybutton/Editor/' contains multiple assembly definition files (Packages/com.anatolygarchik.fancybutton/Editor/fancybutton.Editor.asmdef)
Folder 'Packages/com.anatolygarchik.fancybutton/Runtime/' contains multiple assembly definition files (Packages/com.anatolygarchik.fancybutton/Runtime/anatolygarchik.button-extension.Runtime.asmdef)
Folder 'Packages/com.anatolygarchik.fancybutton/Runtime/' contains multiple assembly definition files (Packages/com.anatolygarchik.fancybutton/Runtime/fancybutton.Runtime.asmdef)
Assembly with name 'com.anatolygarchik.fancybutton.runtime' already exists (Packages/com.anatolygarchik.fancybutton/Runtime/anatolygarchik.fancybutton.Runtime.asmdef)
Assembly with name 'com.anatolygarchik.fancybutton.runtime' already exists (Packages/com.anatolygarchik.fancybutton/Runtime/anatolygarchik.button-extension.Runtime.asmdef)
ArgumentException: An item with the same key has already been added. Key: b799b27d1785b934289706df7e883044
  at System.Collections.Generic.Dictionary`2[TKey,TValue].TryInsert (TKey key, TValue value, System.Collections.Generic.InsertionBehavior behavior) [0x0015a] in <8f06425e63004caf99a79845675f751e>:0 
  at System.Collections.Generic.Dictionary`2[TKey,TValue].Add (TKey key, TValue value) [0x00000] in <8f06425e63004caf99a79845675f751e>:0 
  at System.Linq.Enumerable.ToDictionary[TSource,TKey,TElement] (TSource[] source, System.Func`2[T,TResult] keySelector, System.Func`2[T,TResult] elementSelector, System.Collections.Generic.IEqualityComparer`1[T] comparer) [0x00029] in <7e91c7d737f04acfa67ccef9a61afddb>:0 
  at System.Linq.Enumerable.ToDictionary[TSource,TKey,TElement] (System.Collections.Generic.IEnumerable`1[T] source, System.Func`2[T,TResult] keySelector, System.Func`2[T,TResult] elementSelector, System.Collections.Generic.IEqualityComparer`1[T] comparer) [0x00051] in <7e91c7d737f04acfa67ccef9a61afddb>:0 
  at System.Linq.Enumerable.ToDictionary[TSource,TKey,TElement] (System.Collections.Generic.IEnumerable`1[T] source, System.Func`2[T,TResult] keySelector, System.Func`2[T,TResult] elementSelector) [0x00000] in <7e91c7d737f04acfa67ccef9a61afddb>:0 
  at UnityEditor.Scripting.ScriptCompilation.AssemblyGraphBuilder.Initialize (System.Collections.Generic.IReadOnlyCollection`1[T] assemblies, System.Collections.Generic.IReadOnlyCollection`1[T] customScriptAssemblyReferences) [0x00046] in <a62328349c154758b537cb55981f61df>:0 
  at UnityEditor.Scripting.ScriptCompilation.AssemblyGraphBuilderFactory.GetOrCreate (System.String projectPath, System.Collections.Generic.IReadOnlyCollection`1[T] assemblies, System.Collections.Generic.IReadOnlyCollection`1[T] customScriptAssemblyReferences) [0x00038] in <a62328349c154758b537cb55981f61df>:0 
  at UnityEditor.Scripting.ScriptCompilation.EditorCompilation.GetAssemblyGraphBuilder () [0x00027] in <a62328349c154758b537cb55981f61df>:0 
  at UnityEditor.Scripting.ScriptCompilation.EditorCompilation.SetAllScripts (System.String[] allScripts) [0x0000d] in <a62328349c154758b537cb55981f61df>:0 
  at UnityEditor.Scripting.ScriptCompilation.EditorCompilationInterface.SetAllScripts (System.String[] allScripts) [0x00006] in <a62328349c154758b537cb55981f61df>:0 

Begin MonoManager ReloadAssembly
Symbol file LoadedFromMemory doesn't match image C:\Users\user3\OneDrive\Documents\GitHub\button_extension\ButtonExtension\Library\PackageCache\com.unity.visualscripting@1.7.8\Editor\VisualScripting.Core\Dependencies\YamlDotNet\Unity.VisualScripting.YamlDotNet.dll
Symbol file LoadedFromMemory doesn't match image C:\Users\user3\OneDrive\Documents\GitHub\button_extension\ButtonExtension\Library\PackageCache\com.unity.visualscripting@1.7.8\Editor\VisualScripting.Core\Dependencies\DotNetZip\Unity.VisualScripting.IonicZip.dll
- Loaded All Assemblies, in  0.922 seconds
Refreshing native plugins compatible for Editor in 5.56 ms, found 3 plugins.
Native extension for WindowsStandalone target not found
Native extension for iOS target not found
Native extension for Android target not found
Folder 'Packages/com.anatolygarchik.fancybutton/Editor/' contains multiple assembly definition files (Packages/com.anatolygarchik.fancybutton/Editor/anatolygarchik.button-extension.Editor.asmdef)
Folder 'Packages/com.anatolygarchik.fancybutton/Editor/' contains multiple assembly definition files (Packages/com.anatolygarchik.fancybutton/Editor/fancybutton.Editor.asmdef)
Folder 'Packages/com.anatolygarchik.fancybutton/Runtime/' contains multiple assembly definition files (Packages/com.anatolygarchik.fancybutton/Runtime/anatolygarchik.button-extension.Runtime.asmdef)
Folder 'Packages/com.anatolygarchik.fancybutton/Runtime/' contains multiple assembly definition files (Packages/com.anatolygarchik.fancybutton/Runtime/fancybutton.Runtime.asmdef)
Assembly with name 'com.anatolygarchik.fancybutton.runtime' already exists (Packages/com.anatolygarchik.fancybutton/Runtime/anatolygarchik.fancybutton.Runtime.asmdef)
Assembly with name 'com.anatolygarchik.fancybutton.runtime' already exists (Packages/com.anatolygarchik.fancybutton/Runtime/anatolygarchik.button-extension.Runtime.asmdef)
ArgumentException: An item with the same key has already been added. Key: b799b27d1785b934289706df7e883044
  at System.Collections.Generic.Dictionary`2[TKey,TValue].TryInsert (TKey key, TValue value, System.Collections.Generic.InsertionBehavior behavior) [0x0015a] in <8f06425e63004caf99a79845675f751e>:0 
  at System.Collections.Generic.Dictionary`2[TKey,TValue].Add (TKey key, TValue value) [0x00000] in <8f06425e63004caf99a79845675f751e>:0 
  at System.Linq.Enumerable.ToDictionary[TSource,TKey,TElement] (TSource[] source, System.Func`2[T,TResult] keySelector, System.Func`2[T,TResult] elementSelector, System.Collections.Generic.IEqualityComparer`1[T] comparer) [0x00029] in <7e91c7d737f04acfa67ccef9a61afddb>:0 
  at System.Linq.Enumerable.ToDictionary[TSource,TKey,TElement] (System.Collections.Generic.IEnumerable`1[T] source, System.Func`2[T,TResult] keySelector, System.Func`2[T,TResult] elementSelector, System.Collections.Generic.IEqualityComparer`1[T] comparer) [0x00051] in <7e91c7d737f04acfa67ccef9a61afddb>:0 
  at System.Linq.Enumerable.ToDictionary[TSource,TKey,TElement] (System.Collections.Generic.IEnumerable`1[T] source, System.Func`2[T,TResult] keySelector, System.Func`2[T,TResult] elementSelector) [0x00000] in <7e91c7d737f04acfa67ccef9a61afddb>:0 
  at UnityEditor.Scripting.ScriptCompilation.AssemblyGraphBuilder.Initialize (System.Collections.Generic.IReadOnlyCollection`1[T] assemblies, System.Collections.Generic.IReadOnlyCollection`1[T] customScriptAssemblyReferences) [0x00046] in <a62328349c154758b537cb55981f61df>:0 
  at UnityEditor.Scripting.ScriptCompilation.AssemblyGraphBuilderFactory.GetOrCreate (System.String projectPath, System.Collections.Generic.IReadOnlyCollection`1[T] assemblies, System.Collections.Generic.IReadOnlyCollection`1[T] customScriptAssemblyReferences) [0x00038] in <a62328349c154758b537cb55981f61df>:0 
  at UnityEditor.Scripting.ScriptCompilation.EditorCompilation.GetAssemblyGraphBuilder () [0x00027] in <a62328349c154758b537cb55981f61df>:0 
  at UnityEditor.Scripting.ScriptCompilation.EditorCompilation.SetAllScripts (System.String[] allScripts) [0x0000d] in <a62328349c154758b537cb55981f61df>:0 
  at UnityEditor.Scripting.ScriptCompilation.EditorCompilationInterface.SetAllScripts (System.String[] allScripts) [0x00006] in <a62328349c154758b537cb55981f61df>:0 

Mono: successfully reloaded assembly
- Finished resetting the current domain, in  0.936 seconds
Domain Reload Profiling:
	ReloadAssembly (242ms)
		BeginReloadAssembly (153ms)
			ExecutionOrderSort (0ms)
			DisableScriptedObjects (7ms)
			BackupInstance (0ms)
			ReleaseScriptingObjects (0ms)
			CreateAndSetChildDomain (48ms)
		LoadAllAssembliesAndSetupDomain (675ms)
			LoadAssemblies (99ms)
			RebuildTransferFunctionScriptingTraits (0ms)
			SetupTypeCache (632ms)
				TypeCache.Initialize (368ms)
					TypeCache.ScanAssembly (360ms)
				ResolveRequiredComponents (7ms)
		FinalizeReload (0ms)
			ReleaseScriptCaches (0ms)
			RebuildScriptCaches (0ms)
			SetupLoadedEditorAssemblies (443ms)
				LogAssemblyErrors (0ms)
				InitializePlatformSupportModulesInManaged (40ms)
				SetLoadedEditorAssemblies (7ms)
				RefreshPlugins (0ms)
				BeforeProcessingInitializeOnLoad (89ms)
				ProcessInitializeOnLoadAttributes (272ms)
				ProcessInitializeOnLoadMethodAttributes (27ms)
				AfterProcessingInitializeOnLoad (8ms)
				EditorAssembliesLoaded (0ms)
			ExecutionOrderSort2 (0ms)
			AwakeInstancesAfterBackupRestoration (7ms)
Refreshing native plugins compatible for Editor in 4.19 ms, found 3 plugins.
Preloading 0 native plugins for Editor in 0.00 ms.
Unloading 3388 Unused Serialized files (Serialized files now loaded: 0)
Unloading 23 unused Assets / (93.4 KB). Loaded Objects now: 3877.
Memory consumption went from 0.51 GB to 0.51 GB.
Total: 3.445500 ms (FindLiveObjects: 0.364400 ms CreateObjectMapping: 0.097200 ms MarkObjects: 2.861900 ms  DeleteObjects: 0.121000 ms)

AssetImportParameters requested are different than current active one (requested -> active):
  custom:container-demuxer-ogg: 62fdf1f143b41e24485cea50d1cbac27 -> 
  custom:video-codec-MediaFoundation-h265: 746d11721c4dcdbdad8f713fa42b33f4 -> 
  custom:video-decoder-ogg-theora: a1e56fd34408186e4bbccfd4996cb3dc -> 
  custom:framework-win-MediaFoundation: 216162199b28c13a410421893ffa2e32 -> 
  custom:container-demuxer-webm: 4f35f7cbe854078d1ac9338744f61a02 -> 
  custom:container-muxer-webm: aa71ff27fc2769a1b78a27578f13a17b -> 
  custom:video-decoder-webm-vp8: 9c59270c3fd7afecdb556c50c9e8de78 -> 
  custom:AudioImporter_EditorPlatform: d09bf68614088b80899f8185d706f6e7 -> 
  custom:video-encoder-webm-vp8: eb34c28f22e8b96e1ab97ce403110664 -> 
  custom:audio-decoder-ogg-vorbis: bf7c407c2cedff20999df2af8eb42d56 -> 
  custom:audio-encoder-webm-vorbis: bf7c407c2cedff20999df2af8eb42d56 -> 
