Using pre-set license
Built from '2022.2/release' branch; Version is '2022.2.0f1 (35dcd44975df) revision 3529940'; Using compiler version '192829333'; Build Type 'Release'
OS: 'Windows 11  (10.0.22000) 64bit Professional' Language: 'ru' Physical Memory: 15776 MB
BatchMode: 1, IsHumanControllingUs: 0, StartBugReporterOnCrash: 0, Is64bit: 1, IsPro: 1

COMMAND LINE ARGUMENTS:
C:\Program Files\Unity\Hub\Editor\2022.2.0f1\Editor\Unity.exe
-adb2
-batchMode
-noUpm
-name
AssetImportWorker4
-projectPath
D:/Projects/button_extension/ButtonExtension
-logFile
Logs/AssetImportWorker4.log
-srvPort
64481
Successfully changed project path to: D:/Projects/button_extension/ButtonExtension
D:/Projects/button_extension/ButtonExtension
[UnityMemory] Configuration Parameters - Can be set up in boot.config
    "memorysetup-bucket-allocator-granularity=16"
    "memorysetup-bucket-allocator-bucket-count=8"
    "memorysetup-bucket-allocator-block-size=33554432"
    "memorysetup-bucket-allocator-block-count=8"
    "memorysetup-main-allocator-block-size=16777216"
    "memorysetup-thread-allocator-block-size=16777216"
    "memorysetup-gfx-main-allocator-block-size=16777216"
    "memorysetup-gfx-thread-allocator-block-size=16777216"
    "memorysetup-cache-allocator-block-size=4194304"
    "memorysetup-typetree-allocator-block-size=2097152"
    "memorysetup-profiler-bucket-allocator-granularity=16"
    "memorysetup-profiler-bucket-allocator-bucket-count=8"
    "memorysetup-profiler-bucket-allocator-block-size=33554432"
    "memorysetup-profiler-bucket-allocator-block-count=8"
    "memorysetup-profiler-allocator-block-size=16777216"
    "memorysetup-profiler-editor-allocator-block-size=1048576"
    "memorysetup-temp-allocator-size-main=16777216"
    "memorysetup-job-temp-allocator-block-size=2097152"
    "memorysetup-job-temp-allocator-block-size-background=1048576"
    "memorysetup-job-temp-allocator-reduction-small-platforms=262144"
    "memorysetup-temp-allocator-size-background-worker=32768"
    "memorysetup-temp-allocator-size-job-worker=262144"
    "memorysetup-temp-allocator-size-preload-manager=33554432"
    "memorysetup-temp-allocator-size-nav-mesh-worker=65536"
    "memorysetup-temp-allocator-size-audio-worker=65536"
    "memorysetup-temp-allocator-size-cloud-worker=32768"
    "memorysetup-temp-allocator-size-gi-baking-worker=262144"
    "memorysetup-temp-allocator-size-gfx=262144"
Player connection [20660] Host "[IP] 192.168.100.8 [Port] 0 [Flags] 2 [Guid] 3117031684 [EditorId] 3117031684 [Version] 1048832 [Id] WindowsEditor(7,Axel) [Debug] 1 [PackageName] WindowsEditor [ProjectName] Editor" joined multi-casting on [225.0.0.222:54997]...

Player connection [20660] Host "[IP] 192.168.100.8 [Port] 0 [Flags] 2 [Guid] 3117031684 [EditorId] 3117031684 [Version] 1048832 [Id] WindowsEditor(7,Axel) [Debug] 1 [PackageName] WindowsEditor [ProjectName] Editor" joined alternative multi-casting on [225.0.0.222:34997]...

Refreshing native plugins compatible for Editor in 12.56 ms, found 3 plugins.
Preloading 0 native plugins for Editor in 0.00 ms.
Initialize engine version: 2022.2.0f1 (35dcd44975df)
[Subsystems] Discovering subsystems at path C:/Program Files/Unity/Hub/Editor/2022.2.0f1/Editor/Data/Resources/UnitySubsystems
[Subsystems] Discovering subsystems at path D:/Projects/button_extension/ButtonExtension/Assets
GfxDevice: creating device client; threaded=0; jobified=0
Direct3D:
    Version:  Direct3D 11.0 [level 11.1]
    Renderer: NVIDIA GeForce RTX 3050 Laptop GPU (ID=0x25a2)
    Vendor:   NVIDIA
    VRAM:     3991 MB
    Driver:   30.0.15.1278
Initialize mono
Mono path[0] = 'C:/Program Files/Unity/Hub/Editor/2022.2.0f1/Editor/Data/Managed'
Mono path[1] = 'C:/Program Files/Unity/Hub/Editor/2022.2.0f1/Editor/Data/MonoBleedingEdge/lib/mono/unityjit-win32'
Mono config path = 'C:/Program Files/Unity/Hub/Editor/2022.2.0f1/Editor/Data/MonoBleedingEdge/etc'
Using monoOptions --debugger-agent=transport=dt_socket,embedding=1,server=y,suspend=n,address=127.0.0.1:56656
Begin MonoManager ReloadAssembly
Registering precompiled unity dll's ...
Register platform support module: C:/Program Files/Unity/Hub/Editor/2022.2.0f1/Editor/Data/PlaybackEngines/AndroidPlayer/UnityEditor.Android.Extensions.dll
Register platform support module: C:/Program Files/Unity/Hub/Editor/2022.2.0f1/Editor/Data/PlaybackEngines/WindowsStandaloneSupport/UnityEditor.WindowsStandalone.Extensions.dll
Registered in 0.007216 seconds.
- Loaded All Assemblies, in  0.358 seconds
Native extension for WindowsStandalone target not found
Native extension for Android target not found
Android Extension - Scanning For ADB Devices 161 ms
Mono: successfully reloaded assembly
- Finished resetting the current domain, in  0.444 seconds
Domain Reload Profiling:
	ReloadAssembly (216ms)
		BeginReloadAssembly (97ms)
			ExecutionOrderSort (0ms)
			DisableScriptedObjects (0ms)
			BackupInstance (0ms)
			ReleaseScriptingObjects (0ms)
			CreateAndSetChildDomain (1ms)
		LoadAllAssembliesAndSetupDomain (0ms)
			LoadAssemblies (93ms)
			RebuildTransferFunctionScriptingTraits (0ms)
			SetupTypeCache (129ms)
				TypeCache.Initialize (127ms)
					TypeCache.ScanAssembly (125ms)
				ResolveRequiredComponents (1ms)
		FinalizeReload (0ms)
			ReleaseScriptCaches (0ms)
			RebuildScriptCaches (0ms)
			SetupLoadedEditorAssemblies (387ms)
				LogAssemblyErrors (0ms)
				InitializePlatformSupportModulesInManaged (233ms)
				SetLoadedEditorAssemblies (5ms)
				RefreshPlugins (0ms)
				BeforeProcessingInitializeOnLoad (1ms)
				ProcessInitializeOnLoadAttributes (105ms)
				ProcessInitializeOnLoadMethodAttributes (44ms)
				AfterProcessingInitializeOnLoad (0ms)
				EditorAssembliesLoaded (0ms)
			ExecutionOrderSort2 (0ms)
			AwakeInstancesAfterBackupRestoration (0ms)
Script 'Packages/button-extension/Runtime/Data/ButtonScaleSettings.cs' will not be compiled because it exists outside the Assets folder and does not to belong to any assembly definition file.
Script 'Packages/button-extension/Runtime/Data/ButtonSpriteSettings.cs' will not be compiled because it exists outside the Assets folder and does not to belong to any assembly definition file.
Script 'Packages/button-extension/Runtime/Data/ButtonSettings.cs' will not be compiled because it exists outside the Assets folder and does not to belong to any assembly definition file.
Script 'Packages/button-extension/Runtime/ButtonSpriteAnimator.cs' will not be compiled because it exists outside the Assets folder and does not to belong to any assembly definition file.
Script 'Packages/button-extension/Runtime/ButtonShineAnimator.cs' will not be compiled because it exists outside the Assets folder and does not to belong to any assembly definition file.
Script 'Packages/button-extension/Runtime/Data/ButtonShineSettings.cs' will not be compiled because it exists outside the Assets folder and does not to belong to any assembly definition file.
Script 'Packages/button-extension/Runtime/ButtonScaleAnimator.cs' will not be compiled because it exists outside the Assets folder and does not to belong to any assembly definition file.
Script 'Packages/button-extension/Runtime/ButtonColorAnimator.cs' will not be compiled because it exists outside the Assets folder and does not to belong to any assembly definition file.
Script 'Packages/button-extension/Runtime/Button.cs' will not be compiled because it exists outside the Assets folder and does not to belong to any assembly definition file.
Script 'Packages/button-extension/Runtime/Selectable.cs' will not be compiled because it exists outside the Assets folder and does not to belong to any assembly definition file.
Script 'Packages/button-extension/Runtime/Data/IButtonSettingsContainer.cs' will not be compiled because it exists outside the Assets folder and does not to belong to any assembly definition file.
Script 'Packages/button-extension/Runtime/ButtonTextAnimator.cs' will not be compiled because it exists outside the Assets folder and does not to belong to any assembly definition file.
Script 'Packages/button-extension/Runtime/Data/ButtonColorSettings.cs' will not be compiled because it exists outside the Assets folder and does not to belong to any assembly definition file.
Script 'Packages/button-extension/Runtime/ButtonAnimator.cs' will not be compiled because it exists outside the Assets folder and does not to belong to any assembly definition file.
Script 'Packages/button-extension/Runtime/Data/ButtonTextSettings.cs' will not be compiled because it exists outside the Assets folder and does not to belong to any assembly definition file.
========================================================================
Worker process is ready to serve import requests
Script 'Packages/button-extension/Runtime/Data/ButtonScaleSettings.cs' will not be compiled because it exists outside the Assets folder and does not to belong to any assembly definition file.
Script 'Packages/button-extension/Runtime/Data/ButtonSpriteSettings.cs' will not be compiled because it exists outside the Assets folder and does not to belong to any assembly definition file.
Script 'Packages/button-extension/Runtime/Data/ButtonSettings.cs' will not be compiled because it exists outside the Assets folder and does not to belong to any assembly definition file.
Script 'Packages/button-extension/Runtime/ButtonSpriteAnimator.cs' will not be compiled because it exists outside the Assets folder and does not to belong to any assembly definition file.
Script 'Packages/button-extension/Runtime/ButtonShineAnimator.cs' will not be compiled because it exists outside the Assets folder and does not to belong to any assembly definition file.
Script 'Packages/button-extension/Runtime/Data/ButtonShineSettings.cs' will not be compiled because it exists outside the Assets folder and does not to belong to any assembly definition file.
Script 'Packages/button-extension/Runtime/ButtonScaleAnimator.cs' will not be compiled because it exists outside the Assets folder and does not to belong to any assembly definition file.
Script 'Packages/button-extension/Runtime/ButtonColorAnimator.cs' will not be compiled because it exists outside the Assets folder and does not to belong to any assembly definition file.
Script 'Packages/button-extension/Runtime/Button.cs' will not be compiled because it exists outside the Assets folder and does not to belong to any assembly definition file.
Script 'Packages/button-extension/Runtime/Selectable.cs' will not be compiled because it exists outside the Assets folder and does not to belong to any assembly definition file.
Script 'Packages/button-extension/Runtime/Data/IButtonSettingsContainer.cs' will not be compiled because it exists outside the Assets folder and does not to belong to any assembly definition file.
Script 'Packages/button-extension/Runtime/ButtonTextAnimator.cs' will not be compiled because it exists outside the Assets folder and does not to belong to any assembly definition file.
Script 'Packages/button-extension/Runtime/Data/ButtonColorSettings.cs' will not be compiled because it exists outside the Assets folder and does not to belong to any assembly definition file.
Script 'Packages/button-extension/Runtime/ButtonAnimator.cs' will not be compiled because it exists outside the Assets folder and does not to belong to any assembly definition file.
Script 'Packages/button-extension/Runtime/Data/ButtonTextSettings.cs' will not be compiled because it exists outside the Assets folder and does not to belong to any assembly definition file.
Begin MonoManager ReloadAssembly
Symbol file LoadedFromMemory doesn't match image D:\Projects\button_extension\ButtonExtension\Library\PackageCache\com.unity.visualscripting@1.7.8\Editor\VisualScripting.Core\Dependencies\YamlDotNet\Unity.VisualScripting.YamlDotNet.dll
Symbol file LoadedFromMemory doesn't match image D:\Projects\button_extension\ButtonExtension\Library\PackageCache\com.unity.visualscripting@1.7.8\Editor\VisualScripting.Core\Dependencies\DotNetZip\Unity.VisualScripting.IonicZip.dll
- Loaded All Assemblies, in  0.755 seconds
Refreshing native plugins compatible for Editor in 7.44 ms, found 3 plugins.
Native extension for WindowsStandalone target not found
Native extension for Android target not found
Script 'Packages/button-extension/Runtime/Data/ButtonScaleSettings.cs' will not be compiled because it exists outside the Assets folder and does not to belong to any assembly definition file.
Script 'Packages/button-extension/Runtime/Data/ButtonSpriteSettings.cs' will not be compiled because it exists outside the Assets folder and does not to belong to any assembly definition file.
Script 'Packages/button-extension/Runtime/Data/ButtonSettings.cs' will not be compiled because it exists outside the Assets folder and does not to belong to any assembly definition file.
Script 'Packages/button-extension/Runtime/ButtonSpriteAnimator.cs' will not be compiled because it exists outside the Assets folder and does not to belong to any assembly definition file.
Script 'Packages/button-extension/Runtime/ButtonShineAnimator.cs' will not be compiled because it exists outside the Assets folder and does not to belong to any assembly definition file.
Script 'Packages/button-extension/Runtime/Data/ButtonShineSettings.cs' will not be compiled because it exists outside the Assets folder and does not to belong to any assembly definition file.
Script 'Packages/button-extension/Runtime/ButtonScaleAnimator.cs' will not be compiled because it exists outside the Assets folder and does not to belong to any assembly definition file.
Script 'Packages/button-extension/Runtime/ButtonColorAnimator.cs' will not be compiled because it exists outside the Assets folder and does not to belong to any assembly definition file.
Script 'Packages/button-extension/Runtime/Button.cs' will not be compiled because it exists outside the Assets folder and does not to belong to any assembly definition file.
Script 'Packages/button-extension/Runtime/Selectable.cs' will not be compiled because it exists outside the Assets folder and does not to belong to any assembly definition file.
Script 'Packages/button-extension/Runtime/Data/IButtonSettingsContainer.cs' will not be compiled because it exists outside the Assets folder and does not to belong to any assembly definition file.
Script 'Packages/button-extension/Runtime/ButtonTextAnimator.cs' will not be compiled because it exists outside the Assets folder and does not to belong to any assembly definition file.
Script 'Packages/button-extension/Runtime/Data/ButtonColorSettings.cs' will not be compiled because it exists outside the Assets folder and does not to belong to any assembly definition file.
Script 'Packages/button-extension/Runtime/ButtonAnimator.cs' will not be compiled because it exists outside the Assets folder and does not to belong to any assembly definition file.
Script 'Packages/button-extension/Runtime/Data/ButtonTextSettings.cs' will not be compiled because it exists outside the Assets folder and does not to belong to any assembly definition file.
Mono: successfully reloaded assembly
- Finished resetting the current domain, in  0.504 seconds
Domain Reload Profiling:
	ReloadAssembly (212ms)
		BeginReloadAssembly (123ms)
			ExecutionOrderSort (0ms)
			DisableScriptedObjects (5ms)
			BackupInstance (0ms)
			ReleaseScriptingObjects (0ms)
			CreateAndSetChildDomain (25ms)
		LoadAllAssembliesAndSetupDomain (537ms)
			LoadAssemblies (106ms)
			RebuildTransferFunctionScriptingTraits (0ms)
			SetupTypeCache (479ms)
				TypeCache.Initialize (265ms)
					TypeCache.ScanAssembly (259ms)
				ResolveRequiredComponents (3ms)
		FinalizeReload (0ms)
			ReleaseScriptCaches (0ms)
			RebuildScriptCaches (0ms)
			SetupLoadedEditorAssemblies (362ms)
				LogAssemblyErrors (0ms)
				InitializePlatformSupportModulesInManaged (16ms)
				SetLoadedEditorAssemblies (6ms)
				RefreshPlugins (0ms)
				BeforeProcessingInitializeOnLoad (67ms)
				ProcessInitializeOnLoadAttributes (240ms)
				ProcessInitializeOnLoadMethodAttributes (24ms)
				AfterProcessingInitializeOnLoad (10ms)
				EditorAssembliesLoaded (0ms)
			ExecutionOrderSort2 (0ms)
			AwakeInstancesAfterBackupRestoration (7ms)
Launched and connected shader compiler UnityShaderCompiler.exe after 0.04 seconds
Refreshing native plugins compatible for Editor in 5.16 ms, found 3 plugins.
Preloading 0 native plugins for Editor in 0.00 ms.
Unloading 3393 Unused Serialized files (Serialized files now loaded: 0)
Unloading 26 unused Assets / (68.2 KB). Loaded Objects now: 3858.
Memory consumption went from 0.51 GB to 0.51 GB.
Total: 4.005100 ms (FindLiveObjects: 0.440100 ms CreateObjectMapping: 0.373300 ms MarkObjects: 3.086800 ms  DeleteObjects: 0.102800 ms)

AssetImportParameters requested are different than current active one (requested -> active):
  custom:scripting/monoscript/filePath//Assets/Scripts/ButtonExtension/Button.cs: 8cb548a2d59e68ab5fc6d3f6a939ee3a -> 
  custom:container-demuxer-ogg: 62fdf1f143b41e24485cea50d1cbac27 -> 
  custom:scripting/monoscript/filePath//Assets/Scripts/ButtonExtension/ButtonAnimator.cs: 83403211d7bc5082410bd84cf032e19a -> 
  custom:scripting/monoscript/filePath//Assets/Scripts/ButtonExtension/Data/ButtonColorSettings.cs: 52509f2f5901602e8795c3d919addccf -> 
  custom:scripting/monoscript/filePath//Assets/Scripts/ButtonExtension/Data/ButtonScaleSettings.cs: 4ef143b0db4387315bcab5e674b47f2c -> 
  custom:scripting/monoscript/filePath//Assets/Scripts/ButtonExtension/ButtonTextAnimator.cs: d788d33b2ea98b186fe4d59dc3ecd8aa -> 
  custom:video-decoder-ogg-theora: a1e56fd34408186e4bbccfd4996cb3dc -> 
  custom:framework-win-MediaFoundation: 216162199b28c13a410421893ffa2e32 -> 
  custom:scripting/monoscript/filePath//Assets/Scripts/ButtonExtension/ButtonShineAnimator.cs: 030a0c2f94c0395b0db2591122064455 -> 
  custom:scripting/monoscript/filePath//Assets/Scripts/ButtonExtension/Data/ButtonTextSettings.cs: b5baf6d69ef858b0b6127b51a953a5c9 -> 
  custom:scripting/monoscript/filePath//Assets/Scripts/ButtonExtension/ButtonColorAnimator.cs: a07ad8690a058ddf4c6fa8b47bc49328 -> 
  custom:container-demuxer-webm: 4f35f7cbe854078d1ac9338744f61a02 -> 
  custom:scripting/monoscript/filePath//Assets/Scripts/ButtonExtension/Data/ButtonSpriteSettings.cs: 7ee17b962d23f6088628b1198b81f8d2 -> 
  custom:container-muxer-webm: aa71ff27fc2769a1b78a27578f13a17b -> 
  custom:scripting/monoscript/filePath//Packages/Button/Editor/ButtonEditor.cs: 1c1d5e4129ecc52c9d8efad71368836e -> 
  custom:video-decoder-webm-vp8: 9c59270c3fd7afecdb556c50c9e8de78 -> 
  custom:AudioImporter_EditorPlatform: d09bf68614088b80899f8185d706f6e7 -> 
  custom:scripting/monoscript/filePath//Assets/Scripts/ButtonExtension/ButtonScaleAnimator.cs: f51aedd98f8722c8b9792134164dc7e3 -> 
  custom:scripting/monoscript/filePath//Assets/Scripts/ButtonExtension/Data/IButtonSettingsContainer.cs: 4441fd233f3b1c471e56c7f1196cba5a -> 
  custom:scripting/monoscript/filePath//Assets/Scripts/ButtonExtension/Data/ButtonSettings.cs: 7c1cae1ac46967f77c51a832d3d1e3c4 -> 
  custom:video-encoder-webm-vp8: eb34c28f22e8b96e1ab97ce403110664 -> 
  custom:audio-decoder-ogg-vorbis: bf7c407c2cedff20999df2af8eb42d56 -> 
  custom:scripting/monoscript/filePath//Assets/Scripts/ButtonExtension/Data/ButtonShineSettings.cs: 264b0d1b07ec7e6bbe7b585489291e63 -> 
  custom:scripting/monoscript/filePath//Assets/Scripts/ButtonExtension/Selectable.cs: 2ce6c07044a855401790e02bfb33cdbe -> 
  custom:audio-encoder-webm-vorbis: bf7c407c2cedff20999df2af8eb42d56 -> 
  custom:scripting/precompiled-assembly-types:Assembly-CSharp-Editor: 99a8cf51df1827f2746fb450418086bf -> 
  custom:scripting/precompiled-assembly-types:Assembly-CSharp: ed019778a200d7412174031193753c1b -> 
  custom:scripting/monoscript/filePath//Assets/Scripts/ButtonExtension/ButtonSpriteAnimator.cs: ec22425cb49b6b19fdb7a8fdc6778ed7 -> 
========================================================================
Received Import Request.
  Time since last request: 6408.818396 seconds.
  path: Packages/button-extension/Editor/button-extension.editor.asmdef
  artifactKey: Guid(b799b27d1785b934289706df7e883044) Importer(815301076,1909f56bfc062723c751e8b465ee728b)
Number of updated assets reloaded before import = 0
Start importing Packages/button-extension/Editor/button-extension.editor.asmdef using Guid(b799b27d1785b934289706df7e883044) Importer(815301076,1909f56bfc062723c751e8b465ee728b)  -> (artifact id: 'bf019dff5c24b493977b67959b2c6d8a') in 0.019702 seconds 
Number of asset objects unloaded after import = 0
========================================================================
Received Import Request.
  Time since last request: 168.177252 seconds.
  path: Packages/button-extension/Editor/axios.button-extension.editor.asmdef
  artifactKey: Guid(b799b27d1785b934289706df7e883044) Importer(815301076,1909f56bfc062723c751e8b465ee728b)
Number of updated assets reloaded before import = 0
Start importing Packages/button-extension/Editor/axios.button-extension.editor.asmdef using Guid(b799b27d1785b934289706df7e883044) Importer(815301076,1909f56bfc062723c751e8b465ee728b)  -> (artifact id: '850727c7fb41f6d2ea4f2773fc0d1e17') in 0.001797 seconds 
Number of asset objects unloaded after import = 0
========================================================================
Received Import Request.
  Time since last request: 13.324369 seconds.
  path: Packages/button-extension/Editor/axios.button-extension.Editor.asmdef
  artifactKey: Guid(b799b27d1785b934289706df7e883044) Importer(815301076,1909f56bfc062723c751e8b465ee728b)
Number of updated assets reloaded before import = 0
Start importing Packages/button-extension/Editor/axios.button-extension.Editor.asmdef using Guid(b799b27d1785b934289706df7e883044) Importer(815301076,1909f56bfc062723c751e8b465ee728b)  -> (artifact id: '849b7b22a1145815a56b603865785dcb') in 0.002377 seconds 
Number of asset objects unloaded after import = 0
========================================================================
Received Import Request.
  Time since last request: 47.846457 seconds.
  path: Packages/button-extension/Runtime/Extrension
  artifactKey: Guid(de8b25c64cadc744e8a4ed970b0ce1f2) Importer(815301076,1909f56bfc062723c751e8b465ee728b)
Number of updated assets reloaded before import = 0
Start importing Packages/button-extension/Runtime/Extrension using Guid(de8b25c64cadc744e8a4ed970b0ce1f2) Importer(815301076,1909f56bfc062723c751e8b465ee728b)  -> (artifact id: '6ce9d9e0514b862d3e7161e7e82296bd') in 0.002199 seconds 
Number of asset objects unloaded after import = 0
========================================================================
Received Import Request.
  Time since last request: 68.073021 seconds.
  path: Packages/button-extension/Runtime/axios.button-extansion.asmdef
  artifactKey: Guid(6f71d09169597804a991766d79087aad) Importer(815301076,1909f56bfc062723c751e8b465ee728b)
Number of updated assets reloaded before import = 0
Start importing Packages/button-extension/Runtime/axios.button-extansion.asmdef using Guid(6f71d09169597804a991766d79087aad) Importer(815301076,1909f56bfc062723c751e8b465ee728b)  -> (artifact id: 'e36bc0636fd6566c80c8ed12f2583247') in 0.001945 seconds 
Number of asset objects unloaded after import = 0
========================================================================
Received Import Request.
  Time since last request: 420.793831 seconds.
  path: Packages/com.axios.button-extension/package.json
  artifactKey: Guid(c6de1432e0655c54dbe5ef42f4bf5ffe) Importer(815301076,1909f56bfc062723c751e8b465ee728b)
Number of updated assets reloaded before import = 0
Start importing Packages/com.axios.button-extension/package.json using Guid(c6de1432e0655c54dbe5ef42f4bf5ffe) Importer(815301076,1909f56bfc062723c751e8b465ee728b)  -> (artifact id: '00000000000000000000000000000000') in 0.012507 seconds  code(4) message(Build asset version error: packages/com.axios.button-extension/package.json in SourceAssetDB has modification time of '2023-01-24T19:00:45.1286905Z' while content on disk has modification time of '0001-01-01T00:00:00Z')
  ERROR: Build asset version error: packages/com.axios.button-extension/package.json in SourceAssetDB has modification time of '2023-01-24T19:00:45.1286905Z' while content on disk has modification time of '0001-01-01T00:00:00Z'
Number of asset objects unloaded after import = 0
========================================================================
Received Import Request.
  Time since last request: 19.201872 seconds.
  path: Packages/com.axios.button-extension/package.json
  artifactKey: Guid(c6de1432e0655c54dbe5ef42f4bf5ffe) Importer(815301076,1909f56bfc062723c751e8b465ee728b)
Number of updated assets reloaded before import = 0
Start importing Packages/com.axios.button-extension/package.json using Guid(c6de1432e0655c54dbe5ef42f4bf5ffe) Importer(815301076,1909f56bfc062723c751e8b465ee728b)  -> (artifact id: '00000000000000000000000000000000') in 0.001056 seconds  code(4) message(Build asset version error: packages/com.axios.button-extension/package.json in SourceAssetDB has modification time of '2023-01-24T19:01:21.2510559Z' while content on disk has modification time of '0001-01-01T00:00:00Z')
  ERROR: Build asset version error: packages/com.axios.button-extension/package.json in SourceAssetDB has modification time of '2023-01-24T19:01:21.2510559Z' while content on disk has modification time of '0001-01-01T00:00:00Z'
Number of asset objects unloaded after import = 0
========================================================================
Received Import Request.
  Time since last request: 36.421252 seconds.
  path: Packages/com.axios.button-extension/package.json
  artifactKey: Guid(c6de1432e0655c54dbe5ef42f4bf5ffe) Importer(815301076,1909f56bfc062723c751e8b465ee728b)
Number of updated assets reloaded before import = 0
Start importing Packages/com.axios.button-extension/package.json using Guid(c6de1432e0655c54dbe5ef42f4bf5ffe) Importer(815301076,1909f56bfc062723c751e8b465ee728b)  -> (artifact id: '00000000000000000000000000000000') in 0.001286 seconds  code(4) message(Build asset version error: packages/com.axios.button-extension/package.json in SourceAssetDB has modification time of '2023-01-24T19:01:57.1077513Z' while content on disk has modification time of '0001-01-01T00:00:00Z')
  ERROR: Build asset version error: packages/com.axios.button-extension/package.json in SourceAssetDB has modification time of '2023-01-24T19:01:57.1077513Z' while content on disk has modification time of '0001-01-01T00:00:00Z'
Number of asset objects unloaded after import = 0
========================================================================
Received Import Request.
  Time since last request: 3.462894 seconds.
  path: Packages/com.axios.button-extension/package.json
  artifactKey: Guid(c6de1432e0655c54dbe5ef42f4bf5ffe) Importer(815301076,1909f56bfc062723c751e8b465ee728b)
Number of updated assets reloaded before import = 0
Start importing Packages/com.axios.button-extension/package.json using Guid(c6de1432e0655c54dbe5ef42f4bf5ffe) Importer(815301076,1909f56bfc062723c751e8b465ee728b)  -> (artifact id: '00000000000000000000000000000000') in 0.001866 seconds  code(4) message(Build asset version error: packages/com.axios.button-extension/package.json in SourceAssetDB has modification time of '2023-01-24T19:02:00.5956311Z' while content on disk has modification time of '0001-01-01T00:00:00Z')
  ERROR: Build asset version error: packages/com.axios.button-extension/package.json in SourceAssetDB has modification time of '2023-01-24T19:02:00.5956311Z' while content on disk has modification time of '0001-01-01T00:00:00Z'
Number of asset objects unloaded after import = 0
========================================================================
Received Import Request.
  Time since last request: 9.989003 seconds.
  path: Packages/com.axios.button-extension/package.json
  artifactKey: Guid(c6de1432e0655c54dbe5ef42f4bf5ffe) Importer(815301076,1909f56bfc062723c751e8b465ee728b)
Number of updated assets reloaded before import = 0
Start importing Packages/com.axios.button-extension/package.json using Guid(c6de1432e0655c54dbe5ef42f4bf5ffe) Importer(815301076,1909f56bfc062723c751e8b465ee728b)  -> (artifact id: '00000000000000000000000000000000') in 0.001023 seconds  code(4) message(Build asset version error: packages/com.axios.button-extension/package.json in SourceAssetDB has modification time of '2023-01-24T19:02:10.5270561Z' while content on disk has modification time of '0001-01-01T00:00:00Z')
  ERROR: Build asset version error: packages/com.axios.button-extension/package.json in SourceAssetDB has modification time of '2023-01-24T19:02:10.5270561Z' while content on disk has modification time of '0001-01-01T00:00:00Z'
Number of asset objects unloaded after import = 0
========================================================================
Received Import Request.
  Time since last request: 191.443882 seconds.
  path: Packages/com.unity.editorcoroutines/package.json
  artifactKey: Guid(6428ca6f30e71ee4dbea7e1d0787cb07) Importer(815301076,1909f56bfc062723c751e8b465ee728b)
Number of updated assets reloaded before import = 0
Start importing Packages/com.unity.editorcoroutines/package.json using Guid(6428ca6f30e71ee4dbea7e1d0787cb07) Importer(815301076,1909f56bfc062723c751e8b465ee728b)  -> (artifact id: 'a011a1620312fcf6b55ea5a9203a2abe') in 0.002624 seconds 
Number of asset objects unloaded after import = 1
========================================================================
Received Import Request.
  Time since last request: 3.311230 seconds.
  path: Packages/com.unity.ext.nunit/package.json
  artifactKey: Guid(8143d3a8390f2c64685e3bc272bd9e90) Importer(815301076,1909f56bfc062723c751e8b465ee728b)
Number of updated assets reloaded before import = 0
Start importing Packages/com.unity.ext.nunit/package.json using Guid(8143d3a8390f2c64685e3bc272bd9e90) Importer(815301076,1909f56bfc062723c751e8b465ee728b)  -> (artifact id: '434645c26520993285c21fba6dffb77b') in 0.002246 seconds 
Number of asset objects unloaded after import = 1
========================================================================
Received Import Request.
  Time since last request: 0.508521 seconds.
  path: Packages/com.unity.nuget.newtonsoft-json/package.json
  artifactKey: Guid(f8d4e5c2f2df25449ae8c391afbe5114) Importer(815301076,1909f56bfc062723c751e8b465ee728b)
Number of updated assets reloaded before import = 0
Start importing Packages/com.unity.nuget.newtonsoft-json/package.json using Guid(f8d4e5c2f2df25449ae8c391afbe5114) Importer(815301076,1909f56bfc062723c751e8b465ee728b)  -> (artifact id: '3cf88721dd3bb1084371347af15482e3') in 0.002279 seconds 
Number of asset objects unloaded after import = 1
========================================================================
Received Import Request.
  Time since last request: 0.483338 seconds.
  path: Packages/com.unity.services.core/package.json
  artifactKey: Guid(182c5bcc97fc21747a9ca5e01da1ed3f) Importer(815301076,1909f56bfc062723c751e8b465ee728b)
Number of updated assets reloaded before import = 0
Start importing Packages/com.unity.services.core/package.json using Guid(182c5bcc97fc21747a9ca5e01da1ed3f) Importer(815301076,1909f56bfc062723c751e8b465ee728b)  -> (artifact id: '95d4e37685610459bfab88634c240047') in 0.002437 seconds 
Number of asset objects unloaded after import = 1
========================================================================
Received Import Request.
  Time since last request: 8.250618 seconds.
  path: Packages/com.unity.textmeshpro/package.json
  artifactKey: Guid(220e9325710f4235a43492dd1ee4980d) Importer(815301076,1909f56bfc062723c751e8b465ee728b)
Number of updated assets reloaded before import = 0
Start importing Packages/com.unity.textmeshpro/package.json using Guid(220e9325710f4235a43492dd1ee4980d) Importer(815301076,1909f56bfc062723c751e8b465ee728b)  -> (artifact id: '2ecf0123e48e1d17b5c669ffcdf7741d') in 0.002232 seconds 
Number of asset objects unloaded after import = 1
========================================================================
Received Import Request.
  Time since last request: 3.531902 seconds.
  path: Packages/com.unity.test-framework/package.json
  artifactKey: Guid(d6a2e6e4803de7b43baacdc355fc144d) Importer(815301076,1909f56bfc062723c751e8b465ee728b)
Number of updated assets reloaded before import = 0
Start importing Packages/com.unity.test-framework/package.json using Guid(d6a2e6e4803de7b43baacdc355fc144d) Importer(815301076,1909f56bfc062723c751e8b465ee728b)  -> (artifact id: 'cec15323255442c40bb0d626a67e87cc') in 0.002387 seconds 
Number of asset objects unloaded after import = 1
========================================================================
Received Import Request.
  Time since last request: 1.184964 seconds.
  path: Packages/com.unity.settings-manager/package.json
  artifactKey: Guid(3001f7491ac66e34a9694543d9f8b1ee) Importer(815301076,1909f56bfc062723c751e8b465ee728b)
Number of updated assets reloaded before import = 0
Start importing Packages/com.unity.settings-manager/package.json using Guid(3001f7491ac66e34a9694543d9f8b1ee) Importer(815301076,1909f56bfc062723c751e8b465ee728b)  -> (artifact id: 'd75ab97979e578f9baab975d61d25355') in 0.002164 seconds 
Number of asset objects unloaded after import = 1
========================================================================
Received Import Request.
  Time since last request: 3.383847 seconds.
  path: Packages/com.unity.settings-manager/LICENSE.md
  artifactKey: Guid(27264456a8bbc094d9479c5d5f9b0aa5) Importer(815301076,1909f56bfc062723c751e8b465ee728b)
Number of updated assets reloaded before import = 0
Start importing Packages/com.unity.settings-manager/LICENSE.md using Guid(27264456a8bbc094d9479c5d5f9b0aa5) Importer(815301076,1909f56bfc062723c751e8b465ee728b)  -> (artifact id: 'b0b49b430456f3578dea5d2ec0925605') in 0.004621 seconds 
Number of asset objects unloaded after import = 1
========================================================================
Received Import Request.
  Time since last request: 0.956566 seconds.
  path: Packages/com.unity.settings-manager/README.md
  artifactKey: Guid(561e43493ab773746acefbe0f624795e) Importer(815301076,1909f56bfc062723c751e8b465ee728b)
Number of updated assets reloaded before import = 0
Start importing Packages/com.unity.settings-manager/README.md using Guid(561e43493ab773746acefbe0f624795e) Importer(815301076,1909f56bfc062723c751e8b465ee728b)  -> (artifact id: 'e24f35d29a399169e69798f803b79541') in 0.002503 seconds 
Number of asset objects unloaded after import = 1
========================================================================
Received Import Request.
  Time since last request: 4.778208 seconds.
  path: Packages/com.unity.settings-manager/CHANGELOG.md
  artifactKey: Guid(4774b2f29b63d2844915d86afff02b47) Importer(815301076,1909f56bfc062723c751e8b465ee728b)
Number of updated assets reloaded before import = 0
Start importing Packages/com.unity.settings-manager/CHANGELOG.md using Guid(4774b2f29b63d2844915d86afff02b47) Importer(815301076,1909f56bfc062723c751e8b465ee728b)  -> (artifact id: 'f902d95cd4edccf7969e889b3de30243') in 0.003155 seconds 
Number of asset objects unloaded after import = 1
========================================================================
Received Import Request.
  Time since last request: 1.797532 seconds.
  path: Packages/com.unity.ugui/package.json
  artifactKey: Guid(319b8889f363f5947acf209c17a94149) Importer(815301076,1909f56bfc062723c751e8b465ee728b)
Number of updated assets reloaded before import = 0
Start importing Packages/com.unity.ugui/package.json using Guid(319b8889f363f5947acf209c17a94149) Importer(815301076,1909f56bfc062723c751e8b465ee728b)  -> (artifact id: 'b39d830ee0020f0184a3af026bcc47d8') in 0.002360 seconds 
Number of asset objects unloaded after import = 1
========================================================================
Received Import Request.
  Time since last request: 2.816787 seconds.
  path: Packages/com.unity.collab-proxy/package.json
  artifactKey: Guid(743fda8c4b219c8429fb5a77ede1c879) Importer(815301076,1909f56bfc062723c751e8b465ee728b)
Number of updated assets reloaded before import = 0
Start importing Packages/com.unity.collab-proxy/package.json using Guid(743fda8c4b219c8429fb5a77ede1c879) Importer(815301076,1909f56bfc062723c751e8b465ee728b)  -> (artifact id: '2140d3c841c63fe14b03ce86743e2750') in 0.002433 seconds 
Number of asset objects unloaded after import = 1
========================================================================
Received Import Request.
  Time since last request: 0.681699 seconds.
  path: Packages/com.unity.visualscripting/package.json
  artifactKey: Guid(545a9d2bc7370224f8d14c22f2f580e0) Importer(815301076,1909f56bfc062723c751e8b465ee728b)
Number of updated assets reloaded before import = 0
Start importing Packages/com.unity.visualscripting/package.json using Guid(545a9d2bc7370224f8d14c22f2f580e0) Importer(815301076,1909f56bfc062723c751e8b465ee728b)  -> (artifact id: '1cd5c779c0877af454e568250489688e') in 0.002189 seconds 
Number of asset objects unloaded after import = 1
========================================================================
Received Import Request.
  Time since last request: 0.544534 seconds.
  path: Packages/com.unity.ide.vscode/package.json
  artifactKey: Guid(ffc6271f08270b64ca0aae9c49235d81) Importer(815301076,1909f56bfc062723c751e8b465ee728b)
Number of updated assets reloaded before import = 0
Start importing Packages/com.unity.ide.vscode/package.json using Guid(ffc6271f08270b64ca0aae9c49235d81) Importer(815301076,1909f56bfc062723c751e8b465ee728b)  -> (artifact id: '5f285906967e3e4a44e4dab083fb6d93') in 0.002470 seconds 
Number of asset objects unloaded after import = 1
========================================================================
Received Import Request.
  Time since last request: 0.842894 seconds.
  path: Packages/com.unity.ide.visualstudio/package.json
  artifactKey: Guid(656f74f6edaa396458412b9e3903d8cd) Importer(815301076,1909f56bfc062723c751e8b465ee728b)
Number of updated assets reloaded before import = 0
Start importing Packages/com.unity.ide.visualstudio/package.json using Guid(656f74f6edaa396458412b9e3903d8cd) Importer(815301076,1909f56bfc062723c751e8b465ee728b)  -> (artifact id: '2bffadc71581c254bd0440d7b9f7ec04') in 0.002066 seconds 
Number of asset objects unloaded after import = 1
========================================================================
Received Import Request.
  Time since last request: 2.542832 seconds.
  path: Packages/com.unity.performance.profile-analyzer/Editor
  artifactKey: Guid(6867c2662acbb4810a369aba450b6776) Importer(815301076,1909f56bfc062723c751e8b465ee728b)
Number of updated assets reloaded before import = 0
Start importing Packages/com.unity.performance.profile-analyzer/Editor using Guid(6867c2662acbb4810a369aba450b6776) Importer(815301076,1909f56bfc062723c751e8b465ee728b)  -> (artifact id: 'ae4fe4081ac67f9e5a5f6473b3d89e80') in 0.001997 seconds 
Number of asset objects unloaded after import = 0
========================================================================
Received Import Request.
  Time since last request: 34.165584 seconds.
  path: Packages/com.axios.button-extension/Editor/axios.button-extension.Editor.asmdef
  artifactKey: Guid(b799b27d1785b934289706df7e883044) Importer(815301076,1909f56bfc062723c751e8b465ee728b)
Number of updated assets reloaded before import = 0
Start importing Packages/com.axios.button-extension/Editor/axios.button-extension.Editor.asmdef using Guid(b799b27d1785b934289706df7e883044) Importer(815301076,1909f56bfc062723c751e8b465ee728b)  -> (artifact id: '00000000000000000000000000000000') in 0.000514 seconds  code(4) message(Build asset version error: packages/com.axios.button-extension/editor/axios.button-extension.editor.asmdef in SourceAssetDB has modification time of '2023-01-24T19:06:31.9120611Z' while content on disk has modification time of '0001-01-01T00:00:00Z')
  ERROR: Build asset version error: packages/com.axios.button-extension/editor/axios.button-extension.editor.asmdef in SourceAssetDB has modification time of '2023-01-24T19:06:31.9120611Z' while content on disk has modification time of '0001-01-01T00:00:00Z'
Number of asset objects unloaded after import = 0
========================================================================
Received Import Request.
  Time since last request: 15.894858 seconds.
  path: Packages/com.axios.button-extension/Editor/axios.button-extension.Editor.asmdef
  artifactKey: Guid(b799b27d1785b934289706df7e883044) Importer(815301076,1909f56bfc062723c751e8b465ee728b)
Number of updated assets reloaded before import = 0
Start importing Packages/com.axios.button-extension/Editor/axios.button-extension.Editor.asmdef using Guid(b799b27d1785b934289706df7e883044) Importer(815301076,1909f56bfc062723c751e8b465ee728b)  -> (artifact id: '00000000000000000000000000000000') in 0.000444 seconds  code(4) message(Build asset version error: packages/com.axios.button-extension/editor/axios.button-extension.editor.asmdef in SourceAssetDB has modification time of '2023-01-24T19:06:31.9120611Z' while content on disk has modification time of '0001-01-01T00:00:00Z')
  ERROR: Build asset version error: packages/com.axios.button-extension/editor/axios.button-extension.editor.asmdef in SourceAssetDB has modification time of '2023-01-24T19:06:31.9120611Z' while content on disk has modification time of '0001-01-01T00:00:00Z'
Number of asset objects unloaded after import = 0
========================================================================
Received Import Request.
  Time since last request: 6.109912 seconds.
  path: Packages/com.axios.button-extension/Editor/axios.button-extension.Editor.asmdef
  artifactKey: Guid(b799b27d1785b934289706df7e883044) Importer(815301076,1909f56bfc062723c751e8b465ee728b)
Number of updated assets reloaded before import = 0
Start importing Packages/com.axios.button-extension/Editor/axios.button-extension.Editor.asmdef using Guid(b799b27d1785b934289706df7e883044) Importer(815301076,1909f56bfc062723c751e8b465ee728b)  -> (artifact id: '00000000000000000000000000000000') in 0.000716 seconds  code(4) message(Build asset version error: packages/com.axios.button-extension/editor/axios.button-extension.editor.asmdef in SourceAssetDB has modification time of '2023-01-24T19:06:31.9120611Z' while content on disk has modification time of '0001-01-01T00:00:00Z')
  ERROR: Build asset version error: packages/com.axios.button-extension/editor/axios.button-extension.editor.asmdef in SourceAssetDB has modification time of '2023-01-24T19:06:31.9120611Z' while content on disk has modification time of '0001-01-01T00:00:00Z'
Number of asset objects unloaded after import = 0
========================================================================
Received Import Request.
  Time since last request: 12.656500 seconds.
  path: Packages/com.axios.button-extension/Editor/axios.button-extension.Editor.asmdef
  artifactKey: Guid(b799b27d1785b934289706df7e883044) Importer(815301076,1909f56bfc062723c751e8b465ee728b)
Number of updated assets reloaded before import = 0
Start importing Packages/com.axios.button-extension/Editor/axios.button-extension.Editor.asmdef using Guid(b799b27d1785b934289706df7e883044) Importer(815301076,1909f56bfc062723c751e8b465ee728b)  -> (artifact id: '00000000000000000000000000000000') in 0.000398 seconds  code(4) message(Build asset version error: packages/com.axios.button-extension/editor/axios.button-extension.editor.asmdef in SourceAssetDB has modification time of '2023-01-24T19:07:06.5972975Z' while content on disk has modification time of '0001-01-01T00:00:00Z')
  ERROR: Build asset version error: packages/com.axios.button-extension/editor/axios.button-extension.editor.asmdef in SourceAssetDB has modification time of '2023-01-24T19:07:06.5972975Z' while content on disk has modification time of '0001-01-01T00:00:00Z'
Number of asset objects unloaded after import = 0
========================================================================
Received Import Request.
  Time since last request: 364.896787 seconds.
  path: Packages/com.axios.button-extension/Runtime/axios.button-extansion.asmdef
  artifactKey: Guid(6f71d09169597804a991766d79087aad) Importer(815301076,1909f56bfc062723c751e8b465ee728b)
Number of updated assets reloaded before import = 0
Start importing Packages/com.axios.button-extension/Runtime/axios.button-extansion.asmdef using Guid(6f71d09169597804a991766d79087aad) Importer(815301076,1909f56bfc062723c751e8b465ee728b)  -> (artifact id: '00000000000000000000000000000000') in 0.000569 seconds  code(4) message(Build asset version error: packages/com.axios.button-extension/runtime/axios.button-extansion.asmdef in SourceAssetDB has modification time of '2023-01-24T19:13:11.5070565Z' while content on disk has modification time of '0001-01-01T00:00:00Z')
  ERROR: Build asset version error: packages/com.axios.button-extension/runtime/axios.button-extansion.asmdef in SourceAssetDB has modification time of '2023-01-24T19:13:11.5070565Z' while content on disk has modification time of '0001-01-01T00:00:00Z'
Number of asset objects unloaded after import = 0
========================================================================
Received Import Request.
  Time since last request: 9.820122 seconds.
  path: Packages/com.axios.button-extension/Editor/axios.button-extension.Editor.asmdef
  artifactKey: Guid(b799b27d1785b934289706df7e883044) Importer(815301076,1909f56bfc062723c751e8b465ee728b)
Number of updated assets reloaded before import = 0
Start importing Packages/com.axios.button-extension/Editor/axios.button-extension.Editor.asmdef using Guid(b799b27d1785b934289706df7e883044) Importer(815301076,1909f56bfc062723c751e8b465ee728b)  -> (artifact id: '00000000000000000000000000000000') in 0.000433 seconds  code(4) message(Build asset version error: packages/com.axios.button-extension/editor/axios.button-extension.editor.asmdef in SourceAssetDB has modification time of '2023-01-24T19:07:06.5972975Z' while content on disk has modification time of '0001-01-01T00:00:00Z')
  ERROR: Build asset version error: packages/com.axios.button-extension/editor/axios.button-extension.editor.asmdef in SourceAssetDB has modification time of '2023-01-24T19:07:06.5972975Z' while content on disk has modification time of '0001-01-01T00:00:00Z'
Number of asset objects unloaded after import = 0
========================================================================
Received Import Request.
  Time since last request: 10.126416 seconds.
  path: Packages/com.axios.button-extension/Editor/axios.button-extension.Editor.asmdef
  artifactKey: Guid(b799b27d1785b934289706df7e883044) Importer(815301076,1909f56bfc062723c751e8b465ee728b)
Number of updated assets reloaded before import = 0
Start importing Packages/com.axios.button-extension/Editor/axios.button-extension.Editor.asmdef using Guid(b799b27d1785b934289706df7e883044) Importer(815301076,1909f56bfc062723c751e8b465ee728b)  -> (artifact id: '00000000000000000000000000000000') in 0.000485 seconds  code(4) message(Build asset version error: packages/com.axios.button-extension/editor/axios.button-extension.editor.asmdef in SourceAssetDB has modification time of '2023-01-24T19:13:31.4779719Z' while content on disk has modification time of '0001-01-01T00:00:00Z')
  ERROR: Build asset version error: packages/com.axios.button-extension/editor/axios.button-extension.editor.asmdef in SourceAssetDB has modification time of '2023-01-24T19:13:31.4779719Z' while content on disk has modification time of '0001-01-01T00:00:00Z'
Number of asset objects unloaded after import = 0
========================================================================
Received Import Request.
  Time since last request: 11.569935 seconds.
  path: Packages/com.axios.button-extension/Editor/axios.button-extension.Editor.asmdef
  artifactKey: Guid(b799b27d1785b934289706df7e883044) Importer(815301076,1909f56bfc062723c751e8b465ee728b)
Number of updated assets reloaded before import = 0
Start importing Packages/com.axios.button-extension/Editor/axios.button-extension.Editor.asmdef using Guid(b799b27d1785b934289706df7e883044) Importer(815301076,1909f56bfc062723c751e8b465ee728b)  -> (artifact id: '00000000000000000000000000000000') in 0.000507 seconds  code(4) message(Build asset version error: packages/com.axios.button-extension/editor/axios.button-extension.editor.asmdef in SourceAssetDB has modification time of '2023-01-24T19:13:31.4779719Z' while content on disk has modification time of '0001-01-01T00:00:00Z')
  ERROR: Build asset version error: packages/com.axios.button-extension/editor/axios.button-extension.editor.asmdef in SourceAssetDB has modification time of '2023-01-24T19:13:31.4779719Z' while content on disk has modification time of '0001-01-01T00:00:00Z'
Number of asset objects unloaded after import = 0
========================================================================
Received Prepare
ArgumentException: An item with the same key has already been added. Key: b799b27d1785b934289706df7e883044
  at System.Collections.Generic.Dictionary`2[TKey,TValue].TryInsert (TKey key, TValue value, System.Collections.Generic.InsertionBehavior behavior) [0x0015a] in <8f06425e63004caf99a79845675f751e>:0 
  at System.Collections.Generic.Dictionary`2[TKey,TValue].Add (TKey key, TValue value) [0x00000] in <8f06425e63004caf99a79845675f751e>:0 
  at System.Linq.Enumerable.ToDictionary[TSource,TKey,TElement] (TSource[] source, System.Func`2[T,TResult] keySelector, System.Func`2[T,TResult] elementSelector, System.Collections.Generic.IEqualityComparer`1[T] comparer) [0x00029] in <7e91c7d737f04acfa67ccef9a61afddb>:0 
  at System.Linq.Enumerable.ToDictionary[TSource,TKey,TElement] (System.Collections.Generic.IEnumerable`1[T] source, System.Func`2[T,TResult] keySelector, System.Func`2[T,TResult] elementSelector, System.Collections.Generic.IEqualityComparer`1[T] comparer) [0x00051] in <7e91c7d737f04acfa67ccef9a61afddb>:0 
  at System.Linq.Enumerable.ToDictionary[TSource,TKey,TElement] (System.Collections.Generic.IEnumerable`1[T] source, System.Func`2[T,TResult] keySelector, System.Func`2[T,TResult] elementSelector) [0x00000] in <7e91c7d737f04acfa67ccef9a61afddb>:0 
  at UnityEditor.Scripting.ScriptCompilation.AssemblyGraphBuilder.Initialize (System.Collections.Generic.IReadOnlyCollection`1[T] assemblies, System.Collections.Generic.IReadOnlyCollection`1[T] customScriptAssemblyReferences) [0x00046] in <a62328349c154758b537cb55981f61df>:0 
  at UnityEditor.Scripting.ScriptCompilation.AssemblyGraphBuilderFactory.GetOrCreate (System.String projectPath, System.Collections.Generic.IReadOnlyCollection`1[T] assemblies, System.Collections.Generic.IReadOnlyCollection`1[T] customScriptAssemblyReferences) [0x00038] in <a62328349c154758b537cb55981f61df>:0 
  at UnityEditor.Scripting.ScriptCompilation.EditorCompilation.GetAssemblyGraphBuilder () [0x00027] in <a62328349c154758b537cb55981f61df>:0 
  at UnityEditor.Scripting.ScriptCompilation.EditorCompilation.SetAllScripts (System.String[] allScripts) [0x0000d] in <a62328349c154758b537cb55981f61df>:0 
  at UnityEditor.Scripting.ScriptCompilation.EditorCompilationInterface.SetAllScripts (System.String[] allScripts) [0x00006] in <a62328349c154758b537cb55981f61df>:0 

ArgumentException: An item with the same key has already been added. Key: b799b27d1785b934289706df7e883044
  at System.Collections.Generic.Dictionary`2[TKey,TValue].TryInsert (TKey key, TValue value, System.Collections.Generic.InsertionBehavior behavior) [0x0015a] in <8f06425e63004caf99a79845675f751e>:0 
  at System.Collections.Generic.Dictionary`2[TKey,TValue].Add (TKey key, TValue value) [0x00000] in <8f06425e63004caf99a79845675f751e>:0 
  at System.Linq.Enumerable.ToDictionary[TSource,TKey,TElement] (TSource[] source, System.Func`2[T,TResult] keySelector, System.Func`2[T,TResult] elementSelector, System.Collections.Generic.IEqualityComparer`1[T] comparer) [0x00029] in <7e91c7d737f04acfa67ccef9a61afddb>:0 
  at System.Linq.Enumerable.ToDictionary[TSource,TKey,TElement] (System.Collections.Generic.IEnumerable`1[T] source, System.Func`2[T,TResult] keySelector, System.Func`2[T,TResult] elementSelector, System.Collections.Generic.IEqualityComparer`1[T] comparer) [0x00051] in <7e91c7d737f04acfa67ccef9a61afddb>:0 
  at System.Linq.Enumerable.ToDictionary[TSource,TKey,TElement] (System.Collections.Generic.IEnumerable`1[T] source, System.Func`2[T,TResult] keySelector, System.Func`2[T,TResult] elementSelector) [0x00000] in <7e91c7d737f04acfa67ccef9a61afddb>:0 
  at UnityEditor.Scripting.ScriptCompilation.AssemblyGraphBuilder.Initialize (System.Collections.Generic.IReadOnlyCollection`1[T] assemblies, System.Collections.Generic.IReadOnlyCollection`1[T] customScriptAssemblyReferences) [0x00046] in <a62328349c154758b537cb55981f61df>:0 
  at UnityEditor.Scripting.ScriptCompilation.AssemblyGraphBuilderFactory.GetOrCreate (System.String projectPath, System.Collections.Generic.IReadOnlyCollection`1[T] assemblies, System.Collections.Generic.IReadOnlyCollection`1[T] customScriptAssemblyReferences) [0x00038] in <a62328349c154758b537cb55981f61df>:0 
  at UnityEditor.Scripting.ScriptCompilation.EditorCompilation.GetAssemblyGraphBuilder () [0x00027] in <a62328349c154758b537cb55981f61df>:0 
  at UnityEditor.Scripting.ScriptCompilation.EditorCompilation.SetAllScripts (System.String[] allScripts) [0x0000d] in <a62328349c154758b537cb55981f61df>:0 
  at UnityEditor.Scripting.ScriptCompilation.EditorCompilationInterface.SetAllScripts (System.String[] allScripts) [0x00006] in <a62328349c154758b537cb55981f61df>:0 

Begin MonoManager ReloadAssembly
Symbol file LoadedFromMemory doesn't match image D:\Projects\button_extension\ButtonExtension\Library\PackageCache\com.unity.visualscripting@1.7.8\Editor\VisualScripting.Core\Dependencies\YamlDotNet\Unity.VisualScripting.YamlDotNet.dll
Symbol file LoadedFromMemory doesn't match image D:\Projects\button_extension\ButtonExtension\Library\PackageCache\com.unity.visualscripting@1.7.8\Editor\VisualScripting.Core\Dependencies\DotNetZip\Unity.VisualScripting.IonicZip.dll
- Loaded All Assemblies, in  0.703 seconds
Refreshing native plugins compatible for Editor in 5.13 ms, found 3 plugins.
Native extension for WindowsStandalone target not found
Native extension for Android target not found
ArgumentException: An item with the same key has already been added. Key: b799b27d1785b934289706df7e883044
  at System.Collections.Generic.Dictionary`2[TKey,TValue].TryInsert (TKey key, TValue value, System.Collections.Generic.InsertionBehavior behavior) [0x0015a] in <8f06425e63004caf99a79845675f751e>:0 
  at System.Collections.Generic.Dictionary`2[TKey,TValue].Add (TKey key, TValue value) [0x00000] in <8f06425e63004caf99a79845675f751e>:0 
  at System.Linq.Enumerable.ToDictionary[TSource,TKey,TElement] (TSource[] source, System.Func`2[T,TResult] keySelector, System.Func`2[T,TResult] elementSelector, System.Collections.Generic.IEqualityComparer`1[T] comparer) [0x00029] in <7e91c7d737f04acfa67ccef9a61afddb>:0 
  at System.Linq.Enumerable.ToDictionary[TSource,TKey,TElement] (System.Collections.Generic.IEnumerable`1[T] source, System.Func`2[T,TResult] keySelector, System.Func`2[T,TResult] elementSelector, System.Collections.Generic.IEqualityComparer`1[T] comparer) [0x00051] in <7e91c7d737f04acfa67ccef9a61afddb>:0 
  at System.Linq.Enumerable.ToDictionary[TSource,TKey,TElement] (System.Collections.Generic.IEnumerable`1[T] source, System.Func`2[T,TResult] keySelector, System.Func`2[T,TResult] elementSelector) [0x00000] in <7e91c7d737f04acfa67ccef9a61afddb>:0 
  at UnityEditor.Scripting.ScriptCompilation.AssemblyGraphBuilder.Initialize (System.Collections.Generic.IReadOnlyCollection`1[T] assemblies, System.Collections.Generic.IReadOnlyCollection`1[T] customScriptAssemblyReferences) [0x00046] in <a62328349c154758b537cb55981f61df>:0 
  at UnityEditor.Scripting.ScriptCompilation.AssemblyGraphBuilderFactory.GetOrCreate (System.String projectPath, System.Collections.Generic.IReadOnlyCollection`1[T] assemblies, System.Collections.Generic.IReadOnlyCollection`1[T] customScriptAssemblyReferences) [0x00038] in <a62328349c154758b537cb55981f61df>:0 
  at UnityEditor.Scripting.ScriptCompilation.EditorCompilation.GetAssemblyGraphBuilder () [0x00027] in <a62328349c154758b537cb55981f61df>:0 
  at UnityEditor.Scripting.ScriptCompilation.EditorCompilation.SetAllScripts (System.String[] allScripts) [0x0000d] in <a62328349c154758b537cb55981f61df>:0 
  at UnityEditor.Scripting.ScriptCompilation.EditorCompilationInterface.SetAllScripts (System.String[] allScripts) [0x00006] in <a62328349c154758b537cb55981f61df>:0 

Mono: successfully reloaded assembly
- Finished resetting the current domain, in  0.919 seconds
Domain Reload Profiling:
	ReloadAssembly (201ms)
		BeginReloadAssembly (133ms)
			ExecutionOrderSort (0ms)
			DisableScriptedObjects (6ms)
			BackupInstance (0ms)
			ReleaseScriptingObjects (0ms)
			CreateAndSetChildDomain (38ms)
		LoadAllAssembliesAndSetupDomain (497ms)
			LoadAssemblies (88ms)
			RebuildTransferFunctionScriptingTraits (0ms)
			SetupTypeCache (450ms)
				TypeCache.Initialize (232ms)
					TypeCache.ScanAssembly (225ms)
				ResolveRequiredComponents (4ms)
		FinalizeReload (0ms)
			ReleaseScriptCaches (0ms)
			RebuildScriptCaches (0ms)
			SetupLoadedEditorAssemblies (324ms)
				LogAssemblyErrors (0ms)
				InitializePlatformSupportModulesInManaged (22ms)
				SetLoadedEditorAssemblies (7ms)
				RefreshPlugins (0ms)
				BeforeProcessingInitializeOnLoad (49ms)
				ProcessInitializeOnLoadAttributes (214ms)
				ProcessInitializeOnLoadMethodAttributes (22ms)
				AfterProcessingInitializeOnLoad (10ms)
				EditorAssembliesLoaded (0ms)
			ExecutionOrderSort2 (0ms)
			AwakeInstancesAfterBackupRestoration (6ms)
Refreshing native plugins compatible for Editor in 6.09 ms, found 3 plugins.
Preloading 0 native plugins for Editor in 0.00 ms.
Unloading 3386 Unused Serialized files (Serialized files now loaded: 0)
Unloading 21 unused Assets / (35.0 KB). Loaded Objects now: 3862.
Memory consumption went from 0.51 GB to 0.51 GB.
Total: 3.988800 ms (FindLiveObjects: 0.364500 ms CreateObjectMapping: 0.355500 ms MarkObjects: 3.203000 ms  DeleteObjects: 0.064500 ms)

AssetImportParameters requested are different than current active one (requested -> active):
  custom:container-demuxer-ogg: 62fdf1f143b41e24485cea50d1cbac27 -> 
  custom:video-decoder-ogg-theora: a1e56fd34408186e4bbccfd4996cb3dc -> 
  custom:framework-win-MediaFoundation: 216162199b28c13a410421893ffa2e32 -> 
  custom:container-demuxer-webm: 4f35f7cbe854078d1ac9338744f61a02 -> 
  custom:container-muxer-webm: aa71ff27fc2769a1b78a27578f13a17b -> 
  custom:video-decoder-webm-vp8: 9c59270c3fd7afecdb556c50c9e8de78 -> 
  custom:AudioImporter_EditorPlatform: d09bf68614088b80899f8185d706f6e7 -> 
  custom:video-encoder-webm-vp8: eb34c28f22e8b96e1ab97ce403110664 -> 
  custom:audio-decoder-ogg-vorbis: bf7c407c2cedff20999df2af8eb42d56 -> 
  custom:audio-encoder-webm-vorbis: bf7c407c2cedff20999df2af8eb42d56 -> 
========================================================================
Received Import Request.
  Time since last request: 7.510250 seconds.
  path: Packages/com.axios.button-extension/Editor/axios.button-extension.Editor.asmdef
  artifactKey: Guid(b799b27d1785b934289706df7e883044) Importer(815301076,1909f56bfc062723c751e8b465ee728b)
Number of updated assets reloaded before import = 0
Start importing Packages/com.axios.button-extension/Editor/axios.button-extension.Editor.asmdef using Guid(b799b27d1785b934289706df7e883044) Importer(815301076,1909f56bfc062723c751e8b465ee728b)  -> (artifact id: '3e34cf07d12f9c503cef4390d58e7deb') in 0.003455 seconds 
Number of asset objects unloaded after import = 0
========================================================================
Received Import Request.
  Time since last request: 76.791739 seconds.
  path: Packages/com.axios.button-extension/Runtime/axios.button-extansion.asmdef
  artifactKey: Guid(6f71d09169597804a991766d79087aad) Importer(815301076,1909f56bfc062723c751e8b465ee728b)
Number of updated assets reloaded before import = 0
Start importing Packages/com.axios.button-extension/Runtime/axios.button-extansion.asmdef using Guid(6f71d09169597804a991766d79087aad) Importer(815301076,1909f56bfc062723c751e8b465ee728b)  -> (artifact id: '246cc4610d40423849a0775a87351feb') in 0.001880 seconds 
Number of asset objects unloaded after import = 0
========================================================================
Received Import Request.
  Time since last request: 4.216735 seconds.
  path: Packages/com.axios.button-extension/Runtime/ButtonExtension
  artifactKey: Guid(de8b25c64cadc744e8a4ed970b0ce1f2) Importer(815301076,1909f56bfc062723c751e8b465ee728b)
Number of updated assets reloaded before import = 0
Start importing Packages/com.axios.button-extension/Runtime/ButtonExtension using Guid(de8b25c64cadc744e8a4ed970b0ce1f2) Importer(815301076,1909f56bfc062723c751e8b465ee728b)  -> (artifact id: '703f0147bb08e00ab93c152db19c40e6') in 0.001847 seconds 
Number of asset objects unloaded after import = 0
========================================================================
Received Prepare
ArgumentException: An item with the same key has already been added. Key: b799b27d1785b934289706df7e883044
  at System.Collections.Generic.Dictionary`2[TKey,TValue].TryInsert (TKey key, TValue value, System.Collections.Generic.InsertionBehavior behavior) [0x0015a] in <8f06425e63004caf99a79845675f751e>:0 
  at System.Collections.Generic.Dictionary`2[TKey,TValue].Add (TKey key, TValue value) [0x00000] in <8f06425e63004caf99a79845675f751e>:0 
  at System.Linq.Enumerable.ToDictionary[TSource,TKey,TElement] (TSource[] source, System.Func`2[T,TResult] keySelector, System.Func`2[T,TResult] elementSelector, System.Collections.Generic.IEqualityComparer`1[T] comparer) [0x00029] in <7e91c7d737f04acfa67ccef9a61afddb>:0 
  at System.Linq.Enumerable.ToDictionary[TSource,TKey,TElement] (System.Collections.Generic.IEnumerable`1[T] source, System.Func`2[T,TResult] keySelector, System.Func`2[T,TResult] elementSelector, System.Collections.Generic.IEqualityComparer`1[T] comparer) [0x00051] in <7e91c7d737f04acfa67ccef9a61afddb>:0 
  at System.Linq.Enumerable.ToDictionary[TSource,TKey,TElement] (System.Collections.Generic.IEnumerable`1[T] source, System.Func`2[T,TResult] keySelector, System.Func`2[T,TResult] elementSelector) [0x00000] in <7e91c7d737f04acfa67ccef9a61afddb>:0 
  at UnityEditor.Scripting.ScriptCompilation.AssemblyGraphBuilder.Initialize (System.Collections.Generic.IReadOnlyCollection`1[T] assemblies, System.Collections.Generic.IReadOnlyCollection`1[T] customScriptAssemblyReferences) [0x00046] in <a62328349c154758b537cb55981f61df>:0 
  at UnityEditor.Scripting.ScriptCompilation.AssemblyGraphBuilderFactory.GetOrCreate (System.String projectPath, System.Collections.Generic.IReadOnlyCollection`1[T] assemblies, System.Collections.Generic.IReadOnlyCollection`1[T] customScriptAssemblyReferences) [0x00038] in <a62328349c154758b537cb55981f61df>:0 
  at UnityEditor.Scripting.ScriptCompilation.EditorCompilation.GetAssemblyGraphBuilder () [0x00027] in <a62328349c154758b537cb55981f61df>:0 
  at UnityEditor.Scripting.ScriptCompilation.EditorCompilation.SetAllScripts (System.String[] allScripts) [0x0000d] in <a62328349c154758b537cb55981f61df>:0 
  at UnityEditor.Scripting.ScriptCompilation.EditorCompilationInterface.SetAllScripts (System.String[] allScripts) [0x00006] in <a62328349c154758b537cb55981f61df>:0 

ArgumentException: An item with the same key has already been added. Key: b799b27d1785b934289706df7e883044
  at System.Collections.Generic.Dictionary`2[TKey,TValue].TryInsert (TKey key, TValue value, System.Collections.Generic.InsertionBehavior behavior) [0x0015a] in <8f06425e63004caf99a79845675f751e>:0 
  at System.Collections.Generic.Dictionary`2[TKey,TValue].Add (TKey key, TValue value) [0x00000] in <8f06425e63004caf99a79845675f751e>:0 
  at System.Linq.Enumerable.ToDictionary[TSource,TKey,TElement] (TSource[] source, System.Func`2[T,TResult] keySelector, System.Func`2[T,TResult] elementSelector, System.Collections.Generic.IEqualityComparer`1[T] comparer) [0x00029] in <7e91c7d737f04acfa67ccef9a61afddb>:0 
  at System.Linq.Enumerable.ToDictionary[TSource,TKey,TElement] (System.Collections.Generic.IEnumerable`1[T] source, System.Func`2[T,TResult] keySelector, System.Func`2[T,TResult] elementSelector, System.Collections.Generic.IEqualityComparer`1[T] comparer) [0x00051] in <7e91c7d737f04acfa67ccef9a61afddb>:0 
  at System.Linq.Enumerable.ToDictionary[TSource,TKey,TElement] (System.Collections.Generic.IEnumerable`1[T] source, System.Func`2[T,TResult] keySelector, System.Func`2[T,TResult] elementSelector) [0x00000] in <7e91c7d737f04acfa67ccef9a61afddb>:0 
  at UnityEditor.Scripting.ScriptCompilation.AssemblyGraphBuilder.Initialize (System.Collections.Generic.IReadOnlyCollection`1[T] assemblies, System.Collections.Generic.IReadOnlyCollection`1[T] customScriptAssemblyReferences) [0x00046] in <a62328349c154758b537cb55981f61df>:0 
  at UnityEditor.Scripting.ScriptCompilation.AssemblyGraphBuilderFactory.GetOrCreate (System.String projectPath, System.Collections.Generic.IReadOnlyCollection`1[T] assemblies, System.Collections.Generic.IReadOnlyCollection`1[T] customScriptAssemblyReferences) [0x00038] in <a62328349c154758b537cb55981f61df>:0 
  at UnityEditor.Scripting.ScriptCompilation.EditorCompilation.GetAssemblyGraphBuilder () [0x00027] in <a62328349c154758b537cb55981f61df>:0 
  at UnityEditor.Scripting.ScriptCompilation.EditorCompilation.SetAllScripts (System.String[] allScripts) [0x0000d] in <a62328349c154758b537cb55981f61df>:0 
  at UnityEditor.Scripting.ScriptCompilation.EditorCompilationInterface.SetAllScripts (System.String[] allScripts) [0x00006] in <a62328349c154758b537cb55981f61df>:0 

Begin MonoManager ReloadAssembly
Symbol file LoadedFromMemory doesn't match image D:\Projects\button_extension\ButtonExtension\Library\PackageCache\com.unity.visualscripting@1.7.8\Editor\VisualScripting.Core\Dependencies\YamlDotNet\Unity.VisualScripting.YamlDotNet.dll
Symbol file LoadedFromMemory doesn't match image D:\Projects\button_extension\ButtonExtension\Library\PackageCache\com.unity.visualscripting@1.7.8\Editor\VisualScripting.Core\Dependencies\DotNetZip\Unity.VisualScripting.IonicZip.dll
- Loaded All Assemblies, in  0.750 seconds
Refreshing native plugins compatible for Editor in 5.61 ms, found 3 plugins.
Native extension for WindowsStandalone target not found
Native extension for Android target not found
ArgumentException: An item with the same key has already been added. Key: b799b27d1785b934289706df7e883044
  at System.Collections.Generic.Dictionary`2[TKey,TValue].TryInsert (TKey key, TValue value, System.Collections.Generic.InsertionBehavior behavior) [0x0015a] in <8f06425e63004caf99a79845675f751e>:0 
  at System.Collections.Generic.Dictionary`2[TKey,TValue].Add (TKey key, TValue value) [0x00000] in <8f06425e63004caf99a79845675f751e>:0 
  at System.Linq.Enumerable.ToDictionary[TSource,TKey,TElement] (TSource[] source, System.Func`2[T,TResult] keySelector, System.Func`2[T,TResult] elementSelector, System.Collections.Generic.IEqualityComparer`1[T] comparer) [0x00029] in <7e91c7d737f04acfa67ccef9a61afddb>:0 
  at System.Linq.Enumerable.ToDictionary[TSource,TKey,TElement] (System.Collections.Generic.IEnumerable`1[T] source, System.Func`2[T,TResult] keySelector, System.Func`2[T,TResult] elementSelector, System.Collections.Generic.IEqualityComparer`1[T] comparer) [0x00051] in <7e91c7d737f04acfa67ccef9a61afddb>:0 
  at System.Linq.Enumerable.ToDictionary[TSource,TKey,TElement] (System.Collections.Generic.IEnumerable`1[T] source, System.Func`2[T,TResult] keySelector, System.Func`2[T,TResult] elementSelector) [0x00000] in <7e91c7d737f04acfa67ccef9a61afddb>:0 
  at UnityEditor.Scripting.ScriptCompilation.AssemblyGraphBuilder.Initialize (System.Collections.Generic.IReadOnlyCollection`1[T] assemblies, System.Collections.Generic.IReadOnlyCollection`1[T] customScriptAssemblyReferences) [0x00046] in <a62328349c154758b537cb55981f61df>:0 
  at UnityEditor.Scripting.ScriptCompilation.AssemblyGraphBuilderFactory.GetOrCreate (System.String projectPath, System.Collections.Generic.IReadOnlyCollection`1[T] assemblies, System.Collections.Generic.IReadOnlyCollection`1[T] customScriptAssemblyReferences) [0x00038] in <a62328349c154758b537cb55981f61df>:0 
  at UnityEditor.Scripting.ScriptCompilation.EditorCompilation.GetAssemblyGraphBuilder () [0x00027] in <a62328349c154758b537cb55981f61df>:0 
  at UnityEditor.Scripting.ScriptCompilation.EditorCompilation.SetAllScripts (System.String[] allScripts) [0x0000d] in <a62328349c154758b537cb55981f61df>:0 
  at UnityEditor.Scripting.ScriptCompilation.EditorCompilationInterface.SetAllScripts (System.String[] allScripts) [0x00006] in <a62328349c154758b537cb55981f61df>:0 

Mono: successfully reloaded assembly
- Finished resetting the current domain, in  0.916 seconds
Domain Reload Profiling:
	ReloadAssembly (244ms)
		BeginReloadAssembly (164ms)
			ExecutionOrderSort (0ms)
			DisableScriptedObjects (5ms)
			BackupInstance (0ms)
			ReleaseScriptingObjects (0ms)
			CreateAndSetChildDomain (61ms)
		LoadAllAssembliesAndSetupDomain (499ms)
			LoadAssemblies (103ms)
			RebuildTransferFunctionScriptingTraits (0ms)
			SetupTypeCache (441ms)
				TypeCache.Initialize (255ms)
					TypeCache.ScanAssembly (247ms)
				ResolveRequiredComponents (4ms)
		FinalizeReload (0ms)
			ReleaseScriptCaches (0ms)
			RebuildScriptCaches (0ms)
			SetupLoadedEditorAssemblies (330ms)
				LogAssemblyErrors (0ms)
				InitializePlatformSupportModulesInManaged (23ms)
				SetLoadedEditorAssemblies (6ms)
				RefreshPlugins (0ms)
				BeforeProcessingInitializeOnLoad (57ms)
				ProcessInitializeOnLoadAttributes (212ms)
				ProcessInitializeOnLoadMethodAttributes (22ms)
				AfterProcessingInitializeOnLoad (9ms)
				EditorAssembliesLoaded (0ms)
			ExecutionOrderSort2 (0ms)
			AwakeInstancesAfterBackupRestoration (6ms)
Refreshing native plugins compatible for Editor in 5.90 ms, found 3 plugins.
Preloading 0 native plugins for Editor in 0.00 ms.
Unloading 3386 Unused Serialized files (Serialized files now loaded: 0)
Unloading 21 unused Assets / (34.8 KB). Loaded Objects now: 3865.
Memory consumption went from 0.51 GB to 0.51 GB.
Total: 3.558100 ms (FindLiveObjects: 0.412000 ms CreateObjectMapping: 0.266400 ms MarkObjects: 2.802300 ms  DeleteObjects: 0.075800 ms)

AssetImportParameters requested are different than current active one (requested -> active):
  custom:container-demuxer-ogg: 62fdf1f143b41e24485cea50d1cbac27 -> 
  custom:video-decoder-ogg-theora: a1e56fd34408186e4bbccfd4996cb3dc -> 
  custom:framework-win-MediaFoundation: 216162199b28c13a410421893ffa2e32 -> 
  custom:container-demuxer-webm: 4f35f7cbe854078d1ac9338744f61a02 -> 
  custom:container-muxer-webm: aa71ff27fc2769a1b78a27578f13a17b -> 
  custom:video-decoder-webm-vp8: 9c59270c3fd7afecdb556c50c9e8de78 -> 
  custom:AudioImporter_EditorPlatform: d09bf68614088b80899f8185d706f6e7 -> 
  custom:video-encoder-webm-vp8: eb34c28f22e8b96e1ab97ce403110664 -> 
  custom:audio-decoder-ogg-vorbis: bf7c407c2cedff20999df2af8eb42d56 -> 
  custom:audio-encoder-webm-vorbis: bf7c407c2cedff20999df2af8eb42d56 -> 
========================================================================
Received Import Request.
  Time since last request: 6.653478 seconds.
  path: Packages/com.axios.button-extension/Runtime/ButtonExtension/Button.cs
  artifactKey: Guid(9fd3e2f014a9ffe47abdae8655cc65f6) Importer(815301076,1909f56bfc062723c751e8b465ee728b)
Number of updated assets reloaded before import = 0
Start importing Packages/com.axios.button-extension/Runtime/ButtonExtension/Button.cs using Guid(9fd3e2f014a9ffe47abdae8655cc65f6) Importer(815301076,1909f56bfc062723c751e8b465ee728b)  -> (artifact id: 'fb6f616ebcb66e1e3b1f2a328eab7437') in 0.006601 seconds 
Number of asset objects unloaded after import = 0
========================================================================
Received Import Request.
  Time since last request: 449.200615 seconds.
  path: Packages/com.axios.button-extension/package.json
  artifactKey: Guid(c6de1432e0655c54dbe5ef42f4bf5ffe) Importer(815301076,1909f56bfc062723c751e8b465ee728b)
Number of updated assets reloaded before import = 0
Start importing Packages/com.axios.button-extension/package.json using Guid(c6de1432e0655c54dbe5ef42f4bf5ffe) Importer(815301076,1909f56bfc062723c751e8b465ee728b)  -> (artifact id: '2d54b320a9609d22dbd6a80e14b85cb6') in 0.009783 seconds 
Number of asset objects unloaded after import = 1
========================================================================
Received Import Request.
  Time since last request: 76.132289 seconds.
  path: Packages/com.axios.button-extension/package.json
  artifactKey: Guid(c6de1432e0655c54dbe5ef42f4bf5ffe) Importer(815301076,1909f56bfc062723c751e8b465ee728b)
Number of updated assets reloaded before import = 0
Start importing Packages/com.axios.button-extension/package.json using Guid(c6de1432e0655c54dbe5ef42f4bf5ffe) Importer(815301076,1909f56bfc062723c751e8b465ee728b)  -> (artifact id: 'c7051d61332073d599c8a3eea51089f2') in 0.002878 seconds 
Number of asset objects unloaded after import = 1
========================================================================
Received Import Request.
  Time since last request: 3.060768 seconds.
  path: Packages/com.axios.button-extension/package.json
  artifactKey: Guid(c6de1432e0655c54dbe5ef42f4bf5ffe) Importer(815301076,1909f56bfc062723c751e8b465ee728b)
Number of updated assets reloaded before import = 0
Start importing Packages/com.axios.button-extension/package.json using Guid(c6de1432e0655c54dbe5ef42f4bf5ffe) Importer(815301076,1909f56bfc062723c751e8b465ee728b)  -> (artifact id: '48c39674e5bb2e28fe03f37f9397b6f8') in 0.003075 seconds 
Number of asset objects unloaded after import = 1
