Using pre-set license
Built from '2022.2/release' branch; Version is '2022.2.0f1 (35dcd44975df) revision 3529940'; Using compiler version '192829333'; Build Type 'Release'
OS: 'Windows 11  (10.0.22621) 64bit Professional' Language: 'en' Physical Memory: 16315 MB
BatchMode: 1, IsHumanControllingUs: 0, StartBugReporterOnCrash: 0, Is64bit: 1, IsPro: 1

COMMAND LINE ARGUMENTS:
C:\Program Files\Unity\Hub\Editor\2022.2.0f1\Editor\Unity.exe
-adb2
-batchMode
-noUpm
-name
AssetImportWorker1
-projectPath
C:/Users/user3/OneDrive/Documents/GitHub/button_extension/ButtonExtension
-logFile
Logs/AssetImportWorker1.log
-srvPort
55607
Successfully changed project path to: C:/Users/user3/OneDrive/Documents/GitHub/button_extension/ButtonExtension
C:/Users/user3/OneDrive/Documents/GitHub/button_extension/ButtonExtension
[UnityMemory] Configuration Parameters - Can be set up in boot.config
    "memorysetup-bucket-allocator-granularity=16"
    "memorysetup-bucket-allocator-bucket-count=8"
    "memorysetup-bucket-allocator-block-size=33554432"
    "memorysetup-bucket-allocator-block-count=8"
    "memorysetup-main-allocator-block-size=16777216"
    "memorysetup-thread-allocator-block-size=16777216"
    "memorysetup-gfx-main-allocator-block-size=16777216"
    "memorysetup-gfx-thread-allocator-block-size=16777216"
    "memorysetup-cache-allocator-block-size=4194304"
    "memorysetup-typetree-allocator-block-size=2097152"
    "memorysetup-profiler-bucket-allocator-granularity=16"
    "memorysetup-profiler-bucket-allocator-bucket-count=8"
    "memorysetup-profiler-bucket-allocator-block-size=33554432"
    "memorysetup-profiler-bucket-allocator-block-count=8"
    "memorysetup-profiler-allocator-block-size=16777216"
    "memorysetup-profiler-editor-allocator-block-size=1048576"
    "memorysetup-temp-allocator-size-main=16777216"
    "memorysetup-job-temp-allocator-block-size=2097152"
    "memorysetup-job-temp-allocator-block-size-background=1048576"
    "memorysetup-job-temp-allocator-reduction-small-platforms=262144"
    "memorysetup-temp-allocator-size-background-worker=32768"
    "memorysetup-temp-allocator-size-job-worker=262144"
    "memorysetup-temp-allocator-size-preload-manager=33554432"
    "memorysetup-temp-allocator-size-nav-mesh-worker=65536"
    "memorysetup-temp-allocator-size-audio-worker=65536"
    "memorysetup-temp-allocator-size-cloud-worker=32768"
    "memorysetup-temp-allocator-size-gi-baking-worker=262144"
    "memorysetup-temp-allocator-size-gfx=262144"
Player connection [7228] Host "[IP] 192.168.0.35 [Port] 0 [Flags] 2 [Guid] 3288391014 [EditorId] 3288391014 [Version] 1048832 [Id] WindowsEditor(7,Axel) [Debug] 1 [PackageName] WindowsEditor [ProjectName] Editor" joined multi-casting on [225.0.0.222:54997]...

Player connection [7228] Host "[IP] 192.168.0.35 [Port] 0 [Flags] 2 [Guid] 3288391014 [EditorId] 3288391014 [Version] 1048832 [Id] WindowsEditor(7,Axel) [Debug] 1 [PackageName] WindowsEditor [ProjectName] Editor" joined alternative multi-casting on [225.0.0.222:34997]...

Refreshing native plugins compatible for Editor in 9.16 ms, found 3 plugins.
Preloading 0 native plugins for Editor in 0.00 ms.
Initialize engine version: 2022.2.0f1 (35dcd44975df)
[Subsystems] Discovering subsystems at path C:/Program Files/Unity/Hub/Editor/2022.2.0f1/Editor/Data/Resources/UnitySubsystems
[Subsystems] Discovering subsystems at path C:/Users/user3/OneDrive/Documents/GitHub/button_extension/ButtonExtension/Assets
GfxDevice: creating device client; threaded=0; jobified=0
Direct3D:
    Version:  Direct3D 11.0 [level 11.1]
    Renderer: NVIDIA GeForce GTX 1050 Ti (ID=0x1c82)
    Vendor:   NVIDIA
    VRAM:     4017 MB
    Driver:   31.0.15.2756
Initialize mono
Mono path[0] = 'C:/Program Files/Unity/Hub/Editor/2022.2.0f1/Editor/Data/Managed'
Mono path[1] = 'C:/Program Files/Unity/Hub/Editor/2022.2.0f1/Editor/Data/MonoBleedingEdge/lib/mono/unityjit-win32'
Mono config path = 'C:/Program Files/Unity/Hub/Editor/2022.2.0f1/Editor/Data/MonoBleedingEdge/etc'
Using monoOptions --debugger-agent=transport=dt_socket,embedding=1,server=y,suspend=n,address=127.0.0.1:56656
Begin MonoManager ReloadAssembly
Registering precompiled unity dll's ...
Register platform support module: C:/Program Files/Unity/Hub/Editor/2022.2.0f1/Editor/Data/PlaybackEngines/AndroidPlayer/UnityEditor.Android.Extensions.dll
Register platform support module: C:/Program Files/Unity/Hub/Editor/2022.2.0f1/Editor/Data/PlaybackEngines/iOSSupport/UnityEditor.iOS.Extensions.dll
Register platform support module: C:/Program Files/Unity/Hub/Editor/2022.2.0f1/Editor/Data/PlaybackEngines/WindowsStandaloneSupport/UnityEditor.WindowsStandalone.Extensions.dll
Registered in 0.011975 seconds.
- Loaded All Assemblies, in  0.425 seconds
Native extension for WindowsStandalone target not found
[usbmuxd] Start listen thread
[usbmuxd] Listen thread started
Native extension for iOS target not found
Native extension for Android target not found
Android Extension - Scanning For ADB Devices 176 ms
Mono: successfully reloaded assembly
- Finished resetting the current domain, in  0.562 seconds
Domain Reload Profiling:
	ReloadAssembly (245ms)
		BeginReloadAssembly (87ms)
			ExecutionOrderSort (0ms)
			DisableScriptedObjects (0ms)
			BackupInstance (0ms)
			ReleaseScriptingObjects (0ms)
			CreateAndSetChildDomain (1ms)
		LoadAllAssembliesAndSetupDomain (0ms)
			LoadAssemblies (84ms)
			RebuildTransferFunctionScriptingTraits (0ms)
			SetupTypeCache (169ms)
				TypeCache.Initialize (168ms)
					TypeCache.ScanAssembly (166ms)
				ResolveRequiredComponents (1ms)
		FinalizeReload (0ms)
			ReleaseScriptCaches (0ms)
			RebuildScriptCaches (0ms)
			SetupLoadedEditorAssemblies (491ms)
				LogAssemblyErrors (0ms)
				InitializePlatformSupportModulesInManaged (280ms)
				SetLoadedEditorAssemblies (5ms)
				RefreshPlugins (0ms)
				BeforeProcessingInitializeOnLoad (1ms)
				ProcessInitializeOnLoadAttributes (147ms)
				ProcessInitializeOnLoadMethodAttributes (58ms)
				AfterProcessingInitializeOnLoad (0ms)
				EditorAssembliesLoaded (0ms)
			ExecutionOrderSort2 (0ms)
			AwakeInstancesAfterBackupRestoration (0ms)
========================================================================
Worker process is ready to serve import requests
Begin MonoManager ReloadAssembly
Symbol file LoadedFromMemory doesn't match image C:\Users\user3\OneDrive\Documents\GitHub\button_extension\ButtonExtension\Library\PackageCache\com.unity.visualscripting@1.7.8\Editor\VisualScripting.Core\Dependencies\YamlDotNet\Unity.VisualScripting.YamlDotNet.dll
Symbol file LoadedFromMemory doesn't match image C:\Users\user3\OneDrive\Documents\GitHub\button_extension\ButtonExtension\Library\PackageCache\com.unity.visualscripting@1.7.8\Editor\VisualScripting.Core\Dependencies\DotNetZip\Unity.VisualScripting.IonicZip.dll
- Loaded All Assemblies, in  0.853 seconds
Refreshing native plugins compatible for Editor in 4.40 ms, found 3 plugins.
Native extension for WindowsStandalone target not found
Native extension for iOS target not found
Native extension for Android target not found
Mono: successfully reloaded assembly
- Finished resetting the current domain, in  0.638 seconds
Domain Reload Profiling:
	ReloadAssembly (253ms)
		BeginReloadAssembly (137ms)
			ExecutionOrderSort (0ms)
			DisableScriptedObjects (7ms)
			BackupInstance (0ms)
			ReleaseScriptingObjects (0ms)
			CreateAndSetChildDomain (26ms)
		LoadAllAssembliesAndSetupDomain (597ms)
			LoadAssemblies (89ms)
			RebuildTransferFunctionScriptingTraits (0ms)
			SetupTypeCache (563ms)
				TypeCache.Initialize (325ms)
					TypeCache.ScanAssembly (320ms)
				ResolveRequiredComponents (8ms)
		FinalizeReload (0ms)
			ReleaseScriptCaches (0ms)
			RebuildScriptCaches (0ms)
			SetupLoadedEditorAssemblies (460ms)
				LogAssemblyErrors (0ms)
				InitializePlatformSupportModulesInManaged (34ms)
				SetLoadedEditorAssemblies (7ms)
				RefreshPlugins (0ms)
				BeforeProcessingInitializeOnLoad (79ms)
				ProcessInitializeOnLoadAttributes (303ms)
				ProcessInitializeOnLoadMethodAttributes (28ms)
				AfterProcessingInitializeOnLoad (8ms)
				EditorAssembliesLoaded (0ms)
			ExecutionOrderSort2 (0ms)
			AwakeInstancesAfterBackupRestoration (7ms)
Launched and connected shader compiler UnityShaderCompiler.exe after 0.04 seconds
Refreshing native plugins compatible for Editor in 4.04 ms, found 3 plugins.
Preloading 0 native plugins for Editor in 0.00 ms.
Unloading 3393 Unused Serialized files (Serialized files now loaded: 0)
Unloading 28 unused Assets / (128.8 KB). Loaded Objects now: 3856.
Memory consumption went from 0.51 GB to 0.51 GB.
Total: 3.821500 ms (FindLiveObjects: 0.392100 ms CreateObjectMapping: 0.095800 ms MarkObjects: 3.170500 ms  DeleteObjects: 0.161900 ms)

AssetImportParameters requested are different than current active one (requested -> active):
  custom:container-demuxer-ogg: 62fdf1f143b41e24485cea50d1cbac27 -> 
  custom:video-codec-MediaFoundation-h265: 746d11721c4dcdbdad8f713fa42b33f4 -> 
  custom:video-decoder-ogg-theora: a1e56fd34408186e4bbccfd4996cb3dc -> 
  custom:framework-win-MediaFoundation: 216162199b28c13a410421893ffa2e32 -> 
  custom:container-demuxer-webm: 4f35f7cbe854078d1ac9338744f61a02 -> 
  custom:container-muxer-webm: aa71ff27fc2769a1b78a27578f13a17b -> 
  custom:video-decoder-webm-vp8: 9c59270c3fd7afecdb556c50c9e8de78 -> 
  custom:AudioImporter_EditorPlatform: d09bf68614088b80899f8185d706f6e7 -> 
  custom:video-encoder-webm-vp8: eb34c28f22e8b96e1ab97ce403110664 -> 
  custom:audio-decoder-ogg-vorbis: bf7c407c2cedff20999df2af8eb42d56 -> 
  custom:audio-encoder-webm-vorbis: bf7c407c2cedff20999df2af8eb42d56 -> 
========================================================================
Received Import Request.
  Time since last request: 3437.148447 seconds.
  path: Packages/com.anatolygarchik.fancybutton/Runtime/FancyButtons/Button.cs
  artifactKey: Guid(9fd3e2f014a9ffe47abdae8655cc65f6) Importer(815301076,1909f56bfc062723c751e8b465ee728b)
Number of updated assets reloaded before import = 0
Start importing Packages/com.anatolygarchik.fancybutton/Runtime/FancyButtons/Button.cs using Guid(9fd3e2f014a9ffe47abdae8655cc65f6) Importer(815301076,1909f56bfc062723c751e8b465ee728b)  -> (artifact id: '36997543681d4ba5c5d23dafb29e247c') in 0.017795 seconds 
Number of asset objects unloaded after import = 0
========================================================================
Received Prepare
Begin MonoManager ReloadAssembly
Symbol file LoadedFromMemory doesn't match image C:\Users\user3\OneDrive\Documents\GitHub\button_extension\ButtonExtension\Library\PackageCache\com.unity.visualscripting@1.7.8\Editor\VisualScripting.Core\Dependencies\YamlDotNet\Unity.VisualScripting.YamlDotNet.dll
Symbol file LoadedFromMemory doesn't match image C:\Users\user3\OneDrive\Documents\GitHub\button_extension\ButtonExtension\Library\PackageCache\com.unity.visualscripting@1.7.8\Editor\VisualScripting.Core\Dependencies\DotNetZip\Unity.VisualScripting.IonicZip.dll
- Loaded All Assemblies, in  0.900 seconds
Refreshing native plugins compatible for Editor in 3.83 ms, found 3 plugins.
Native extension for WindowsStandalone target not found
Native extension for iOS target not found
Native extension for Android target not found
Mono: successfully reloaded assembly
- Finished resetting the current domain, in  0.924 seconds
Domain Reload Profiling:
	ReloadAssembly (263ms)
		BeginReloadAssembly (155ms)
			ExecutionOrderSort (0ms)
			DisableScriptedObjects (9ms)
			BackupInstance (0ms)
			ReleaseScriptingObjects (0ms)
			CreateAndSetChildDomain (45ms)
		LoadAllAssembliesAndSetupDomain (633ms)
			LoadAssemblies (90ms)
			RebuildTransferFunctionScriptingTraits (0ms)
			SetupTypeCache (598ms)
				TypeCache.Initialize (352ms)
					TypeCache.ScanAssembly (345ms)
				ResolveRequiredComponents (4ms)
		FinalizeReload (0ms)
			ReleaseScriptCaches (0ms)
			RebuildScriptCaches (0ms)
			SetupLoadedEditorAssemblies (443ms)
				LogAssemblyErrors (0ms)
				InitializePlatformSupportModulesInManaged (44ms)
				SetLoadedEditorAssemblies (8ms)
				RefreshPlugins (0ms)
				BeforeProcessingInitializeOnLoad (79ms)
				ProcessInitializeOnLoadAttributes (272ms)
				ProcessInitializeOnLoadMethodAttributes (33ms)
				AfterProcessingInitializeOnLoad (8ms)
				EditorAssembliesLoaded (0ms)
			ExecutionOrderSort2 (0ms)
			AwakeInstancesAfterBackupRestoration (7ms)
Refreshing native plugins compatible for Editor in 3.84 ms, found 3 plugins.
Preloading 0 native plugins for Editor in 0.00 ms.
Unloading 3388 Unused Serialized files (Serialized files now loaded: 0)
Unloading 23 unused Assets / (93.6 KB). Loaded Objects now: 3859.
Memory consumption went from 0.51 GB to 0.51 GB.
Total: 3.372400 ms (FindLiveObjects: 0.353300 ms CreateObjectMapping: 0.093600 ms MarkObjects: 2.809800 ms  DeleteObjects: 0.114400 ms)

AssetImportParameters requested are different than current active one (requested -> active):
  custom:container-demuxer-ogg: 62fdf1f143b41e24485cea50d1cbac27 -> 
  custom:video-codec-MediaFoundation-h265: 746d11721c4dcdbdad8f713fa42b33f4 -> 
  custom:video-decoder-ogg-theora: a1e56fd34408186e4bbccfd4996cb3dc -> 
  custom:framework-win-MediaFoundation: 216162199b28c13a410421893ffa2e32 -> 
  custom:container-demuxer-webm: 4f35f7cbe854078d1ac9338744f61a02 -> 
  custom:container-muxer-webm: aa71ff27fc2769a1b78a27578f13a17b -> 
  custom:video-decoder-webm-vp8: 9c59270c3fd7afecdb556c50c9e8de78 -> 
  custom:AudioImporter_EditorPlatform: d09bf68614088b80899f8185d706f6e7 -> 
  custom:video-encoder-webm-vp8: eb34c28f22e8b96e1ab97ce403110664 -> 
  custom:audio-decoder-ogg-vorbis: bf7c407c2cedff20999df2af8eb42d56 -> 
  custom:audio-encoder-webm-vorbis: bf7c407c2cedff20999df2af8eb42d56 -> 
========================================================================
Received Prepare
Assembly with name 'com.anatolygarchik.fancybutton.runtime' already exists (Packages/com.anatolygarchik.fancybutton/Runtime/anatolygarchik.fancybutton.Runtime.asmdef)
Assembly with name 'com.anatolygarchik.fancybutton.runtime' already exists (Packages/com.anatolygarchik.fancybutton/Runtime/anatolygarchik.button-extension.Runtime.asmdef)
Assembly with name 'com.anatolygarchik.fancybutton.runtime' already exists (Packages/com.anatolygarchik.fancybutton/Runtime/anatolygarchik.fancybutton.Runtime.asmdef)
Assembly with name 'com.anatolygarchik.fancybutton.runtime' already exists (Packages/com.anatolygarchik.fancybutton/Runtime/anatolygarchik.button-extension.Runtime.asmdef)
Begin MonoManager ReloadAssembly
Symbol file LoadedFromMemory doesn't match image C:\Users\user3\OneDrive\Documents\GitHub\button_extension\ButtonExtension\Library\PackageCache\com.unity.visualscripting@1.7.8\Editor\VisualScripting.Core\Dependencies\YamlDotNet\Unity.VisualScripting.YamlDotNet.dll
Symbol file LoadedFromMemory doesn't match image C:\Users\user3\OneDrive\Documents\GitHub\button_extension\ButtonExtension\Library\PackageCache\com.unity.visualscripting@1.7.8\Editor\VisualScripting.Core\Dependencies\DotNetZip\Unity.VisualScripting.IonicZip.dll
- Loaded All Assemblies, in  0.966 seconds
Refreshing native plugins compatible for Editor in 3.89 ms, found 3 plugins.
Native extension for WindowsStandalone target not found
Native extension for iOS target not found
Native extension for Android target not found
Assembly with name 'com.anatolygarchik.fancybutton.runtime' already exists (Packages/com.anatolygarchik.fancybutton/Runtime/anatolygarchik.fancybutton.Runtime.asmdef)
Assembly with name 'com.anatolygarchik.fancybutton.runtime' already exists (Packages/com.anatolygarchik.fancybutton/Runtime/anatolygarchik.button-extension.Runtime.asmdef)
Mono: successfully reloaded assembly
- Finished resetting the current domain, in  0.953 seconds
Domain Reload Profiling:
	ReloadAssembly (322ms)
		BeginReloadAssembly (207ms)
			ExecutionOrderSort (0ms)
			DisableScriptedObjects (7ms)
			BackupInstance (0ms)
			ReleaseScriptingObjects (0ms)
			CreateAndSetChildDomain (81ms)
		LoadAllAssembliesAndSetupDomain (638ms)
			LoadAssemblies (117ms)
			RebuildTransferFunctionScriptingTraits (0ms)
			SetupTypeCache (597ms)
				TypeCache.Initialize (355ms)
					TypeCache.ScanAssembly (348ms)
				ResolveRequiredComponents (5ms)
		FinalizeReload (0ms)
			ReleaseScriptCaches (0ms)
			RebuildScriptCaches (0ms)
			SetupLoadedEditorAssemblies (471ms)
				LogAssemblyErrors (0ms)
				InitializePlatformSupportModulesInManaged (41ms)
				SetLoadedEditorAssemblies (8ms)
				RefreshPlugins (0ms)
				BeforeProcessingInitializeOnLoad (106ms)
				ProcessInitializeOnLoadAttributes (277ms)
				ProcessInitializeOnLoadMethodAttributes (31ms)
				AfterProcessingInitializeOnLoad (8ms)
				EditorAssembliesLoaded (0ms)
			ExecutionOrderSort2 (0ms)
			AwakeInstancesAfterBackupRestoration (8ms)
Refreshing native plugins compatible for Editor in 3.98 ms, found 3 plugins.
Preloading 0 native plugins for Editor in 0.00 ms.
Unloading 3389 Unused Serialized files (Serialized files now loaded: 0)
Unloading 23 unused Assets / (100.9 KB). Loaded Objects now: 3862.
Memory consumption went from 0.51 GB to 0.51 GB.
Total: 3.758700 ms (FindLiveObjects: 0.363200 ms CreateObjectMapping: 0.094600 ms MarkObjects: 3.171100 ms  DeleteObjects: 0.128500 ms)

AssetImportParameters requested are different than current active one (requested -> active):
  custom:container-demuxer-ogg: 62fdf1f143b41e24485cea50d1cbac27 -> 
  custom:video-codec-MediaFoundation-h265: 746d11721c4dcdbdad8f713fa42b33f4 -> 
  custom:video-decoder-ogg-theora: a1e56fd34408186e4bbccfd4996cb3dc -> 
  custom:framework-win-MediaFoundation: 216162199b28c13a410421893ffa2e32 -> 
  custom:container-demuxer-webm: 4f35f7cbe854078d1ac9338744f61a02 -> 
  custom:container-muxer-webm: aa71ff27fc2769a1b78a27578f13a17b -> 
  custom:video-decoder-webm-vp8: 9c59270c3fd7afecdb556c50c9e8de78 -> 
  custom:AudioImporter_EditorPlatform: d09bf68614088b80899f8185d706f6e7 -> 
  custom:video-encoder-webm-vp8: eb34c28f22e8b96e1ab97ce403110664 -> 
  custom:audio-decoder-ogg-vorbis: bf7c407c2cedff20999df2af8eb42d56 -> 
  custom:audio-encoder-webm-vorbis: bf7c407c2cedff20999df2af8eb42d56 -> 
========================================================================
Received Prepare
Assembly with name 'com.anatolygarchik.fancybutton.runtime' already exists (Packages/com.anatolygarchik.fancybutton/Runtime/anatolygarchik.button-extension.Runtime.asmdef)
Assembly with name 'com.anatolygarchik.fancybutton.runtime' already exists (Packages/com.anatolygarchik.fancybutton/Runtime/fancybutton.Runtime.asmdef)
Assembly with name 'com.anatolygarchik.fancybutton.runtime' already exists (Packages/com.anatolygarchik.fancybutton/Runtime/anatolygarchik.fancybutton.Runtime.asmdef)
Assembly with name 'com.anatolygarchik.fancybutton.runtime' already exists (Packages/com.anatolygarchik.fancybutton/Runtime/fancybutton.Runtime.asmdef)
Assembly with name 'com.anatolygarchik.fancybutton.runtime' already exists (Packages/com.anatolygarchik.fancybutton/Runtime/anatolygarchik.button-extension.Runtime.asmdef)
Assembly with name 'com.anatolygarchik.fancybutton.runtime' already exists (Packages/com.anatolygarchik.fancybutton/Runtime/fancybutton.Runtime.asmdef)
Assembly with name 'com.anatolygarchik.fancybutton.runtime' already exists (Packages/com.anatolygarchik.fancybutton/Runtime/anatolygarchik.fancybutton.Runtime.asmdef)
Assembly with name 'com.anatolygarchik.fancybutton.runtime' already exists (Packages/com.anatolygarchik.fancybutton/Runtime/fancybutton.Runtime.asmdef)
Begin MonoManager ReloadAssembly
Symbol file LoadedFromMemory doesn't match image C:\Users\user3\OneDrive\Documents\GitHub\button_extension\ButtonExtension\Library\PackageCache\com.unity.visualscripting@1.7.8\Editor\VisualScripting.Core\Dependencies\YamlDotNet\Unity.VisualScripting.YamlDotNet.dll
Symbol file LoadedFromMemory doesn't match image C:\Users\user3\OneDrive\Documents\GitHub\button_extension\ButtonExtension\Library\PackageCache\com.unity.visualscripting@1.7.8\Editor\VisualScripting.Core\Dependencies\DotNetZip\Unity.VisualScripting.IonicZip.dll
- Loaded All Assemblies, in  0.959 seconds
Refreshing native plugins compatible for Editor in 3.93 ms, found 3 plugins.
Native extension for WindowsStandalone target not found
Native extension for iOS target not found
Native extension for Android target not found
Assembly with name 'com.anatolygarchik.fancybutton.runtime' already exists (Packages/com.anatolygarchik.fancybutton/Runtime/anatolygarchik.button-extension.Runtime.asmdef)
Assembly with name 'com.anatolygarchik.fancybutton.runtime' already exists (Packages/com.anatolygarchik.fancybutton/Runtime/fancybutton.Runtime.asmdef)
Assembly with name 'com.anatolygarchik.fancybutton.runtime' already exists (Packages/com.anatolygarchik.fancybutton/Runtime/anatolygarchik.fancybutton.Runtime.asmdef)
Assembly with name 'com.anatolygarchik.fancybutton.runtime' already exists (Packages/com.anatolygarchik.fancybutton/Runtime/fancybutton.Runtime.asmdef)
Mono: successfully reloaded assembly
- Finished resetting the current domain, in  0.962 seconds
Domain Reload Profiling:
	ReloadAssembly (295ms)
		BeginReloadAssembly (178ms)
			ExecutionOrderSort (0ms)
			DisableScriptedObjects (7ms)
			BackupInstance (0ms)
			ReleaseScriptingObjects (0ms)
			CreateAndSetChildDomain (45ms)
		LoadAllAssembliesAndSetupDomain (660ms)
			LoadAssemblies (124ms)
			RebuildTransferFunctionScriptingTraits (0ms)
			SetupTypeCache (615ms)
				TypeCache.Initialize (359ms)
					TypeCache.ScanAssembly (349ms)
				ResolveRequiredComponents (8ms)
		FinalizeReload (0ms)
			ReleaseScriptCaches (0ms)
			RebuildScriptCaches (0ms)
			SetupLoadedEditorAssemblies (468ms)
				LogAssemblyErrors (0ms)
				InitializePlatformSupportModulesInManaged (40ms)
				SetLoadedEditorAssemblies (7ms)
				RefreshPlugins (0ms)
				BeforeProcessingInitializeOnLoad (109ms)
				ProcessInitializeOnLoadAttributes (274ms)
				ProcessInitializeOnLoadMethodAttributes (29ms)
				AfterProcessingInitializeOnLoad (9ms)
				EditorAssembliesLoaded (0ms)
			ExecutionOrderSort2 (0ms)
			AwakeInstancesAfterBackupRestoration (7ms)
Refreshing native plugins compatible for Editor in 3.87 ms, found 3 plugins.
Preloading 0 native plugins for Editor in 0.00 ms.
Unloading 3389 Unused Serialized files (Serialized files now loaded: 0)
Unloading 23 unused Assets / (100.8 KB). Loaded Objects now: 3865.
Memory consumption went from 0.51 GB to 0.51 GB.
Total: 3.770000 ms (FindLiveObjects: 0.362100 ms CreateObjectMapping: 0.095600 ms MarkObjects: 3.183200 ms  DeleteObjects: 0.128200 ms)

AssetImportParameters requested are different than current active one (requested -> active):
  custom:container-demuxer-ogg: 62fdf1f143b41e24485cea50d1cbac27 -> 
  custom:video-codec-MediaFoundation-h265: 746d11721c4dcdbdad8f713fa42b33f4 -> 
  custom:video-decoder-ogg-theora: a1e56fd34408186e4bbccfd4996cb3dc -> 
  custom:framework-win-MediaFoundation: 216162199b28c13a410421893ffa2e32 -> 
  custom:container-demuxer-webm: 4f35f7cbe854078d1ac9338744f61a02 -> 
  custom:container-muxer-webm: aa71ff27fc2769a1b78a27578f13a17b -> 
  custom:video-decoder-webm-vp8: 9c59270c3fd7afecdb556c50c9e8de78 -> 
  custom:AudioImporter_EditorPlatform: d09bf68614088b80899f8185d706f6e7 -> 
  custom:video-encoder-webm-vp8: eb34c28f22e8b96e1ab97ce403110664 -> 
  custom:audio-decoder-ogg-vorbis: bf7c407c2cedff20999df2af8eb42d56 -> 
  custom:audio-encoder-webm-vorbis: bf7c407c2cedff20999df2af8eb42d56 -> 
========================================================================
Received Prepare
Assembly with name 'com.anatolygarchik.button-extension.editor' already exists (Packages/com.anatolygarchik.fancybutton/Editor/anatolygarchik.button-extension.Editor.asmdef)
Assembly with name 'com.anatolygarchik.button-extension.editor' already exists (Packages/com.anatolygarchik.fancybutton/Editor/fancybutton.Editor.asmdef)
Assembly with name 'com.anatolygarchik.fancybutton.runtime' already exists (Packages/com.anatolygarchik.fancybutton/Runtime/anatolygarchik.button-extension.Runtime.asmdef)
Assembly with name 'com.anatolygarchik.fancybutton.runtime' already exists (Packages/com.anatolygarchik.fancybutton/Runtime/fancybutton.Runtime.asmdef)
Assembly with name 'com.anatolygarchik.fancybutton.runtime' already exists (Packages/com.anatolygarchik.fancybutton/Runtime/anatolygarchik.fancybutton.Runtime.asmdef)
Assembly with name 'com.anatolygarchik.fancybutton.runtime' already exists (Packages/com.anatolygarchik.fancybutton/Runtime/fancybutton.Runtime.asmdef)
Assembly with name 'com.anatolygarchik.button-extension.editor' already exists (Packages/com.anatolygarchik.fancybutton/Editor/anatolygarchik.button-extension.Editor.asmdef)
Assembly with name 'com.anatolygarchik.button-extension.editor' already exists (Packages/com.anatolygarchik.fancybutton/Editor/fancybutton.Editor.asmdef)
Assembly with name 'com.anatolygarchik.fancybutton.runtime' already exists (Packages/com.anatolygarchik.fancybutton/Runtime/anatolygarchik.button-extension.Runtime.asmdef)
Assembly with name 'com.anatolygarchik.fancybutton.runtime' already exists (Packages/com.anatolygarchik.fancybutton/Runtime/fancybutton.Runtime.asmdef)
Assembly with name 'com.anatolygarchik.fancybutton.runtime' already exists (Packages/com.anatolygarchik.fancybutton/Runtime/anatolygarchik.fancybutton.Runtime.asmdef)
Assembly with name 'com.anatolygarchik.fancybutton.runtime' already exists (Packages/com.anatolygarchik.fancybutton/Runtime/fancybutton.Runtime.asmdef)
Begin MonoManager ReloadAssembly
Symbol file LoadedFromMemory doesn't match image C:\Users\user3\OneDrive\Documents\GitHub\button_extension\ButtonExtension\Library\PackageCache\com.unity.visualscripting@1.7.8\Editor\VisualScripting.Core\Dependencies\YamlDotNet\Unity.VisualScripting.YamlDotNet.dll
Symbol file LoadedFromMemory doesn't match image C:\Users\user3\OneDrive\Documents\GitHub\button_extension\ButtonExtension\Library\PackageCache\com.unity.visualscripting@1.7.8\Editor\VisualScripting.Core\Dependencies\DotNetZip\Unity.VisualScripting.IonicZip.dll
- Loaded All Assemblies, in  0.956 seconds
Refreshing native plugins compatible for Editor in 3.84 ms, found 3 plugins.
Native extension for WindowsStandalone target not found
Native extension for iOS target not found
Native extension for Android target not found
Assembly with name 'com.anatolygarchik.button-extension.editor' already exists (Packages/com.anatolygarchik.fancybutton/Editor/anatolygarchik.button-extension.Editor.asmdef)
Assembly with name 'com.anatolygarchik.button-extension.editor' already exists (Packages/com.anatolygarchik.fancybutton/Editor/fancybutton.Editor.asmdef)
Assembly with name 'com.anatolygarchik.fancybutton.runtime' already exists (Packages/com.anatolygarchik.fancybutton/Runtime/anatolygarchik.button-extension.Runtime.asmdef)
Assembly with name 'com.anatolygarchik.fancybutton.runtime' already exists (Packages/com.anatolygarchik.fancybutton/Runtime/fancybutton.Runtime.asmdef)
Assembly with name 'com.anatolygarchik.fancybutton.runtime' already exists (Packages/com.anatolygarchik.fancybutton/Runtime/anatolygarchik.fancybutton.Runtime.asmdef)
Assembly with name 'com.anatolygarchik.fancybutton.runtime' already exists (Packages/com.anatolygarchik.fancybutton/Runtime/fancybutton.Runtime.asmdef)
Mono: successfully reloaded assembly
- Finished resetting the current domain, in  0.935 seconds
Domain Reload Profiling:
	ReloadAssembly (293ms)
		BeginReloadAssembly (178ms)
			ExecutionOrderSort (0ms)
			DisableScriptedObjects (7ms)
			BackupInstance (0ms)
			ReleaseScriptingObjects (0ms)
			CreateAndSetChildDomain (40ms)
		LoadAllAssembliesAndSetupDomain (659ms)
			LoadAssemblies (132ms)
			RebuildTransferFunctionScriptingTraits (0ms)
			SetupTypeCache (615ms)
				TypeCache.Initialize (360ms)
					TypeCache.ScanAssembly (351ms)
				ResolveRequiredComponents (5ms)
		FinalizeReload (0ms)
			ReleaseScriptCaches (0ms)
			RebuildScriptCaches (0ms)
			SetupLoadedEditorAssemblies (468ms)
				LogAssemblyErrors (0ms)
				InitializePlatformSupportModulesInManaged (41ms)
				SetLoadedEditorAssemblies (7ms)
				RefreshPlugins (0ms)
				BeforeProcessingInitializeOnLoad (106ms)
				ProcessInitializeOnLoadAttributes (273ms)
				ProcessInitializeOnLoadMethodAttributes (33ms)
				AfterProcessingInitializeOnLoad (8ms)
				EditorAssembliesLoaded (0ms)
			ExecutionOrderSort2 (0ms)
			AwakeInstancesAfterBackupRestoration (6ms)
Refreshing native plugins compatible for Editor in 3.85 ms, found 3 plugins.
Preloading 0 native plugins for Editor in 0.00 ms.
Unloading 3389 Unused Serialized files (Serialized files now loaded: 0)
Unloading 23 unused Assets / (100.9 KB). Loaded Objects now: 3868.
Memory consumption went from 0.51 GB to 0.51 GB.
Total: 3.867100 ms (FindLiveObjects: 0.390400 ms CreateObjectMapping: 0.098600 ms MarkObjects: 3.122700 ms  DeleteObjects: 0.253900 ms)

AssetImportParameters requested are different than current active one (requested -> active):
  custom:container-demuxer-ogg: 62fdf1f143b41e24485cea50d1cbac27 -> 
  custom:video-codec-MediaFoundation-h265: 746d11721c4dcdbdad8f713fa42b33f4 -> 
  custom:video-decoder-ogg-theora: a1e56fd34408186e4bbccfd4996cb3dc -> 
  custom:framework-win-MediaFoundation: 216162199b28c13a410421893ffa2e32 -> 
  custom:container-demuxer-webm: 4f35f7cbe854078d1ac9338744f61a02 -> 
  custom:container-muxer-webm: aa71ff27fc2769a1b78a27578f13a17b -> 
  custom:video-decoder-webm-vp8: 9c59270c3fd7afecdb556c50c9e8de78 -> 
  custom:AudioImporter_EditorPlatform: d09bf68614088b80899f8185d706f6e7 -> 
  custom:video-encoder-webm-vp8: eb34c28f22e8b96e1ab97ce403110664 -> 
  custom:audio-decoder-ogg-vorbis: bf7c407c2cedff20999df2af8eb42d56 -> 
  custom:audio-encoder-webm-vorbis: bf7c407c2cedff20999df2af8eb42d56 -> 
========================================================================
Received Prepare
Folder 'Packages/com.anatolygarchik.fancybutton/Editor/' contains multiple assembly definition files (Packages/com.anatolygarchik.fancybutton/Editor/anatolygarchik.button-extension.Editor.asmdef)
Folder 'Packages/com.anatolygarchik.fancybutton/Editor/' contains multiple assembly definition files (Packages/com.anatolygarchik.fancybutton/Editor/fancybutton.Editor.asmdef)
Assembly with name 'com.anatolygarchik.fancybutton.runtime' already exists (Packages/com.anatolygarchik.fancybutton/Runtime/anatolygarchik.button-extension.Runtime.asmdef)
Assembly with name 'com.anatolygarchik.fancybutton.runtime' already exists (Packages/com.anatolygarchik.fancybutton/Runtime/fancybutton.Runtime.asmdef)
Assembly with name 'com.anatolygarchik.fancybutton.runtime' already exists (Packages/com.anatolygarchik.fancybutton/Runtime/anatolygarchik.fancybutton.Runtime.asmdef)
Assembly with name 'com.anatolygarchik.fancybutton.runtime' already exists (Packages/com.anatolygarchik.fancybutton/Runtime/fancybutton.Runtime.asmdef)
ArgumentException: An item with the same key has already been added. Key: b799b27d1785b934289706df7e883044
  at System.Collections.Generic.Dictionary`2[TKey,TValue].TryInsert (TKey key, TValue value, System.Collections.Generic.InsertionBehavior behavior) [0x0015a] in <8f06425e63004caf99a79845675f751e>:0 
  at System.Collections.Generic.Dictionary`2[TKey,TValue].Add (TKey key, TValue value) [0x00000] in <8f06425e63004caf99a79845675f751e>:0 
  at System.Linq.Enumerable.ToDictionary[TSource,TKey,TElement] (TSource[] source, System.Func`2[T,TResult] keySelector, System.Func`2[T,TResult] elementSelector, System.Collections.Generic.IEqualityComparer`1[T] comparer) [0x00029] in <7e91c7d737f04acfa67ccef9a61afddb>:0 
  at System.Linq.Enumerable.ToDictionary[TSource,TKey,TElement] (System.Collections.Generic.IEnumerable`1[T] source, System.Func`2[T,TResult] keySelector, System.Func`2[T,TResult] elementSelector, System.Collections.Generic.IEqualityComparer`1[T] comparer) [0x00051] in <7e91c7d737f04acfa67ccef9a61afddb>:0 
  at System.Linq.Enumerable.ToDictionary[TSource,TKey,TElement] (System.Collections.Generic.IEnumerable`1[T] source, System.Func`2[T,TResult] keySelector, System.Func`2[T,TResult] elementSelector) [0x00000] in <7e91c7d737f04acfa67ccef9a61afddb>:0 
  at UnityEditor.Scripting.ScriptCompilation.AssemblyGraphBuilder.Initialize (System.Collections.Generic.IReadOnlyCollection`1[T] assemblies, System.Collections.Generic.IReadOnlyCollection`1[T] customScriptAssemblyReferences) [0x00046] in <a62328349c154758b537cb55981f61df>:0 
  at UnityEditor.Scripting.ScriptCompilation.AssemblyGraphBuilderFactory.GetOrCreate (System.String projectPath, System.Collections.Generic.IReadOnlyCollection`1[T] assemblies, System.Collections.Generic.IReadOnlyCollection`1[T] customScriptAssemblyReferences) [0x00038] in <a62328349c154758b537cb55981f61df>:0 
  at UnityEditor.Scripting.ScriptCompilation.EditorCompilation.GetAssemblyGraphBuilder () [0x00027] in <a62328349c154758b537cb55981f61df>:0 
  at UnityEditor.Scripting.ScriptCompilation.EditorCompilation.SetAllScripts (System.String[] allScripts) [0x0000d] in <a62328349c154758b537cb55981f61df>:0 
  at UnityEditor.Scripting.ScriptCompilation.EditorCompilationInterface.SetAllScripts (System.String[] allScripts) [0x00006] in <a62328349c154758b537cb55981f61df>:0 

Folder 'Packages/com.anatolygarchik.fancybutton/Editor/' contains multiple assembly definition files (Packages/com.anatolygarchik.fancybutton/Editor/anatolygarchik.button-extension.Editor.asmdef)
Folder 'Packages/com.anatolygarchik.fancybutton/Editor/' contains multiple assembly definition files (Packages/com.anatolygarchik.fancybutton/Editor/fancybutton.Editor.asmdef)
Assembly with name 'com.anatolygarchik.fancybutton.runtime' already exists (Packages/com.anatolygarchik.fancybutton/Runtime/anatolygarchik.button-extension.Runtime.asmdef)
Assembly with name 'com.anatolygarchik.fancybutton.runtime' already exists (Packages/com.anatolygarchik.fancybutton/Runtime/fancybutton.Runtime.asmdef)
Assembly with name 'com.anatolygarchik.fancybutton.runtime' already exists (Packages/com.anatolygarchik.fancybutton/Runtime/anatolygarchik.fancybutton.Runtime.asmdef)
Assembly with name 'com.anatolygarchik.fancybutton.runtime' already exists (Packages/com.anatolygarchik.fancybutton/Runtime/fancybutton.Runtime.asmdef)
ArgumentException: An item with the same key has already been added. Key: b799b27d1785b934289706df7e883044
  at System.Collections.Generic.Dictionary`2[TKey,TValue].TryInsert (TKey key, TValue value, System.Collections.Generic.InsertionBehavior behavior) [0x0015a] in <8f06425e63004caf99a79845675f751e>:0 
  at System.Collections.Generic.Dictionary`2[TKey,TValue].Add (TKey key, TValue value) [0x00000] in <8f06425e63004caf99a79845675f751e>:0 
  at System.Linq.Enumerable.ToDictionary[TSource,TKey,TElement] (TSource[] source, System.Func`2[T,TResult] keySelector, System.Func`2[T,TResult] elementSelector, System.Collections.Generic.IEqualityComparer`1[T] comparer) [0x00029] in <7e91c7d737f04acfa67ccef9a61afddb>:0 
  at System.Linq.Enumerable.ToDictionary[TSource,TKey,TElement] (System.Collections.Generic.IEnumerable`1[T] source, System.Func`2[T,TResult] keySelector, System.Func`2[T,TResult] elementSelector, System.Collections.Generic.IEqualityComparer`1[T] comparer) [0x00051] in <7e91c7d737f04acfa67ccef9a61afddb>:0 
  at System.Linq.Enumerable.ToDictionary[TSource,TKey,TElement] (System.Collections.Generic.IEnumerable`1[T] source, System.Func`2[T,TResult] keySelector, System.Func`2[T,TResult] elementSelector) [0x00000] in <7e91c7d737f04acfa67ccef9a61afddb>:0 
  at UnityEditor.Scripting.ScriptCompilation.AssemblyGraphBuilder.Initialize (System.Collections.Generic.IReadOnlyCollection`1[T] assemblies, System.Collections.Generic.IReadOnlyCollection`1[T] customScriptAssemblyReferences) [0x00046] in <a62328349c154758b537cb55981f61df>:0 
  at UnityEditor.Scripting.ScriptCompilation.AssemblyGraphBuilderFactory.GetOrCreate (System.String projectPath, System.Collections.Generic.IReadOnlyCollection`1[T] assemblies, System.Collections.Generic.IReadOnlyCollection`1[T] customScriptAssemblyReferences) [0x00038] in <a62328349c154758b537cb55981f61df>:0 
  at UnityEditor.Scripting.ScriptCompilation.EditorCompilation.GetAssemblyGraphBuilder () [0x00027] in <a62328349c154758b537cb55981f61df>:0 
  at UnityEditor.Scripting.ScriptCompilation.EditorCompilation.SetAllScripts (System.String[] allScripts) [0x0000d] in <a62328349c154758b537cb55981f61df>:0 
  at UnityEditor.Scripting.ScriptCompilation.EditorCompilationInterface.SetAllScripts (System.String[] allScripts) [0x00006] in <a62328349c154758b537cb55981f61df>:0 

Begin MonoManager ReloadAssembly
Symbol file LoadedFromMemory doesn't match image C:\Users\user3\OneDrive\Documents\GitHub\button_extension\ButtonExtension\Library\PackageCache\com.unity.visualscripting@1.7.8\Editor\VisualScripting.Core\Dependencies\YamlDotNet\Unity.VisualScripting.YamlDotNet.dll
Symbol file LoadedFromMemory doesn't match image C:\Users\user3\OneDrive\Documents\GitHub\button_extension\ButtonExtension\Library\PackageCache\com.unity.visualscripting@1.7.8\Editor\VisualScripting.Core\Dependencies\DotNetZip\Unity.VisualScripting.IonicZip.dll
- Loaded All Assemblies, in  0.877 seconds
Refreshing native plugins compatible for Editor in 4.31 ms, found 3 plugins.
Native extension for WindowsStandalone target not found
Native extension for iOS target not found
Native extension for Android target not found
Folder 'Packages/com.anatolygarchik.fancybutton/Editor/' contains multiple assembly definition files (Packages/com.anatolygarchik.fancybutton/Editor/anatolygarchik.button-extension.Editor.asmdef)
Folder 'Packages/com.anatolygarchik.fancybutton/Editor/' contains multiple assembly definition files (Packages/com.anatolygarchik.fancybutton/Editor/fancybutton.Editor.asmdef)
Assembly with name 'com.anatolygarchik.fancybutton.runtime' already exists (Packages/com.anatolygarchik.fancybutton/Runtime/anatolygarchik.button-extension.Runtime.asmdef)
Assembly with name 'com.anatolygarchik.fancybutton.runtime' already exists (Packages/com.anatolygarchik.fancybutton/Runtime/fancybutton.Runtime.asmdef)
Assembly with name 'com.anatolygarchik.fancybutton.runtime' already exists (Packages/com.anatolygarchik.fancybutton/Runtime/anatolygarchik.fancybutton.Runtime.asmdef)
Assembly with name 'com.anatolygarchik.fancybutton.runtime' already exists (Packages/com.anatolygarchik.fancybutton/Runtime/fancybutton.Runtime.asmdef)
ArgumentException: An item with the same key has already been added. Key: b799b27d1785b934289706df7e883044
  at System.Collections.Generic.Dictionary`2[TKey,TValue].TryInsert (TKey key, TValue value, System.Collections.Generic.InsertionBehavior behavior) [0x0015a] in <8f06425e63004caf99a79845675f751e>:0 
  at System.Collections.Generic.Dictionary`2[TKey,TValue].Add (TKey key, TValue value) [0x00000] in <8f06425e63004caf99a79845675f751e>:0 
  at System.Linq.Enumerable.ToDictionary[TSource,TKey,TElement] (TSource[] source, System.Func`2[T,TResult] keySelector, System.Func`2[T,TResult] elementSelector, System.Collections.Generic.IEqualityComparer`1[T] comparer) [0x00029] in <7e91c7d737f04acfa67ccef9a61afddb>:0 
  at System.Linq.Enumerable.ToDictionary[TSource,TKey,TElement] (System.Collections.Generic.IEnumerable`1[T] source, System.Func`2[T,TResult] keySelector, System.Func`2[T,TResult] elementSelector, System.Collections.Generic.IEqualityComparer`1[T] comparer) [0x00051] in <7e91c7d737f04acfa67ccef9a61afddb>:0 
  at System.Linq.Enumerable.ToDictionary[TSource,TKey,TElement] (System.Collections.Generic.IEnumerable`1[T] source, System.Func`2[T,TResult] keySelector, System.Func`2[T,TResult] elementSelector) [0x00000] in <7e91c7d737f04acfa67ccef9a61afddb>:0 
  at UnityEditor.Scripting.ScriptCompilation.AssemblyGraphBuilder.Initialize (System.Collections.Generic.IReadOnlyCollection`1[T] assemblies, System.Collections.Generic.IReadOnlyCollection`1[T] customScriptAssemblyReferences) [0x00046] in <a62328349c154758b537cb55981f61df>:0 
  at UnityEditor.Scripting.ScriptCompilation.AssemblyGraphBuilderFactory.GetOrCreate (System.String projectPath, System.Collections.Generic.IReadOnlyCollection`1[T] assemblies, System.Collections.Generic.IReadOnlyCollection`1[T] customScriptAssemblyReferences) [0x00038] in <a62328349c154758b537cb55981f61df>:0 
  at UnityEditor.Scripting.ScriptCompilation.EditorCompilation.GetAssemblyGraphBuilder () [0x00027] in <a62328349c154758b537cb55981f61df>:0 
  at UnityEditor.Scripting.ScriptCompilation.EditorCompilation.SetAllScripts (System.String[] allScripts) [0x0000d] in <a62328349c154758b537cb55981f61df>:0 
  at UnityEditor.Scripting.ScriptCompilation.EditorCompilationInterface.SetAllScripts (System.String[] allScripts) [0x00006] in <a62328349c154758b537cb55981f61df>:0 

Mono: successfully reloaded assembly
- Finished resetting the current domain, in  0.922 seconds
Domain Reload Profiling:
	ReloadAssembly (239ms)
		BeginReloadAssembly (151ms)
			ExecutionOrderSort (0ms)
			DisableScriptedObjects (7ms)
			BackupInstance (0ms)
			ReleaseScriptingObjects (0ms)
			CreateAndSetChildDomain (47ms)
		LoadAllAssembliesAndSetupDomain (634ms)
			LoadAssemblies (94ms)
			RebuildTransferFunctionScriptingTraits (0ms)
			SetupTypeCache (594ms)
				TypeCache.Initialize (334ms)
					TypeCache.ScanAssembly (326ms)
				ResolveRequiredComponents (5ms)
		FinalizeReload (0ms)
			ReleaseScriptCaches (0ms)
			RebuildScriptCaches (0ms)
			SetupLoadedEditorAssemblies (442ms)
				LogAssemblyErrors (0ms)
				InitializePlatformSupportModulesInManaged (42ms)
				SetLoadedEditorAssemblies (7ms)
				RefreshPlugins (0ms)
				BeforeProcessingInitializeOnLoad (87ms)
				ProcessInitializeOnLoadAttributes (269ms)
				ProcessInitializeOnLoadMethodAttributes (27ms)
				AfterProcessingInitializeOnLoad (9ms)
				EditorAssembliesLoaded (0ms)
			ExecutionOrderSort2 (0ms)
			AwakeInstancesAfterBackupRestoration (6ms)
Refreshing native plugins compatible for Editor in 4.01 ms, found 3 plugins.
Preloading 0 native plugins for Editor in 0.00 ms.
Unloading 3389 Unused Serialized files (Serialized files now loaded: 0)
Unloading 23 unused Assets / (100.8 KB). Loaded Objects now: 3871.
Memory consumption went from 0.51 GB to 0.51 GB.
Total: 3.583800 ms (FindLiveObjects: 0.352900 ms CreateObjectMapping: 0.093400 ms MarkObjects: 3.005300 ms  DeleteObjects: 0.131000 ms)

AssetImportParameters requested are different than current active one (requested -> active):
  custom:container-demuxer-ogg: 62fdf1f143b41e24485cea50d1cbac27 -> 
  custom:video-codec-MediaFoundation-h265: 746d11721c4dcdbdad8f713fa42b33f4 -> 
  custom:video-decoder-ogg-theora: a1e56fd34408186e4bbccfd4996cb3dc -> 
  custom:framework-win-MediaFoundation: 216162199b28c13a410421893ffa2e32 -> 
  custom:container-demuxer-webm: 4f35f7cbe854078d1ac9338744f61a02 -> 
  custom:container-muxer-webm: aa71ff27fc2769a1b78a27578f13a17b -> 
  custom:video-decoder-webm-vp8: 9c59270c3fd7afecdb556c50c9e8de78 -> 
  custom:AudioImporter_EditorPlatform: d09bf68614088b80899f8185d706f6e7 -> 
  custom:video-encoder-webm-vp8: eb34c28f22e8b96e1ab97ce403110664 -> 
  custom:audio-decoder-ogg-vorbis: bf7c407c2cedff20999df2af8eb42d56 -> 
  custom:audio-encoder-webm-vorbis: bf7c407c2cedff20999df2af8eb42d56 -> 
========================================================================
Received Prepare
Folder 'Packages/com.anatolygarchik.fancybutton/Editor/' contains multiple assembly definition files (Packages/com.anatolygarchik.fancybutton/Editor/anatolygarchik.button-extension.Editor.asmdef)
Folder 'Packages/com.anatolygarchik.fancybutton/Editor/' contains multiple assembly definition files (Packages/com.anatolygarchik.fancybutton/Editor/fancybutton.Editor.asmdef)
Folder 'Packages/com.anatolygarchik.fancybutton/Runtime/' contains multiple assembly definition files (Packages/com.anatolygarchik.fancybutton/Runtime/anatolygarchik.button-extension.Runtime.asmdef)
Folder 'Packages/com.anatolygarchik.fancybutton/Runtime/' contains multiple assembly definition files (Packages/com.anatolygarchik.fancybutton/Runtime/fancybutton.Runtime.asmdef)
Assembly with name 'com.anatolygarchik.fancybutton.runtime' already exists (Packages/com.anatolygarchik.fancybutton/Runtime/anatolygarchik.fancybutton.Runtime.asmdef)
Assembly with name 'com.anatolygarchik.fancybutton.runtime' already exists (Packages/com.anatolygarchik.fancybutton/Runtime/anatolygarchik.button-extension.Runtime.asmdef)
ArgumentException: An item with the same key has already been added. Key: b799b27d1785b934289706df7e883044
  at System.Collections.Generic.Dictionary`2[TKey,TValue].TryInsert (TKey key, TValue value, System.Collections.Generic.InsertionBehavior behavior) [0x0015a] in <8f06425e63004caf99a79845675f751e>:0 
  at System.Collections.Generic.Dictionary`2[TKey,TValue].Add (TKey key, TValue value) [0x00000] in <8f06425e63004caf99a79845675f751e>:0 
  at System.Linq.Enumerable.ToDictionary[TSource,TKey,TElement] (TSource[] source, System.Func`2[T,TResult] keySelector, System.Func`2[T,TResult] elementSelector, System.Collections.Generic.IEqualityComparer`1[T] comparer) [0x00029] in <7e91c7d737f04acfa67ccef9a61afddb>:0 
  at System.Linq.Enumerable.ToDictionary[TSource,TKey,TElement] (System.Collections.Generic.IEnumerable`1[T] source, System.Func`2[T,TResult] keySelector, System.Func`2[T,TResult] elementSelector, System.Collections.Generic.IEqualityComparer`1[T] comparer) [0x00051] in <7e91c7d737f04acfa67ccef9a61afddb>:0 
  at System.Linq.Enumerable.ToDictionary[TSource,TKey,TElement] (System.Collections.Generic.IEnumerable`1[T] source, System.Func`2[T,TResult] keySelector, System.Func`2[T,TResult] elementSelector) [0x00000] in <7e91c7d737f04acfa67ccef9a61afddb>:0 
  at UnityEditor.Scripting.ScriptCompilation.AssemblyGraphBuilder.Initialize (System.Collections.Generic.IReadOnlyCollection`1[T] assemblies, System.Collections.Generic.IReadOnlyCollection`1[T] customScriptAssemblyReferences) [0x00046] in <a62328349c154758b537cb55981f61df>:0 
  at UnityEditor.Scripting.ScriptCompilation.AssemblyGraphBuilderFactory.GetOrCreate (System.String projectPath, System.Collections.Generic.IReadOnlyCollection`1[T] assemblies, System.Collections.Generic.IReadOnlyCollection`1[T] customScriptAssemblyReferences) [0x00038] in <a62328349c154758b537cb55981f61df>:0 
  at UnityEditor.Scripting.ScriptCompilation.EditorCompilation.GetAssemblyGraphBuilder () [0x00027] in <a62328349c154758b537cb55981f61df>:0 
  at UnityEditor.Scripting.ScriptCompilation.EditorCompilation.SetAllScripts (System.String[] allScripts) [0x0000d] in <a62328349c154758b537cb55981f61df>:0 
  at UnityEditor.Scripting.ScriptCompilation.EditorCompilationInterface.SetAllScripts (System.String[] allScripts) [0x00006] in <a62328349c154758b537cb55981f61df>:0 

Folder 'Packages/com.anatolygarchik.fancybutton/Editor/' contains multiple assembly definition files (Packages/com.anatolygarchik.fancybutton/Editor/anatolygarchik.button-extension.Editor.asmdef)
Folder 'Packages/com.anatolygarchik.fancybutton/Editor/' contains multiple assembly definition files (Packages/com.anatolygarchik.fancybutton/Editor/fancybutton.Editor.asmdef)
Folder 'Packages/com.anatolygarchik.fancybutton/Runtime/' contains multiple assembly definition files (Packages/com.anatolygarchik.fancybutton/Runtime/anatolygarchik.button-extension.Runtime.asmdef)
Folder 'Packages/com.anatolygarchik.fancybutton/Runtime/' contains multiple assembly definition files (Packages/com.anatolygarchik.fancybutton/Runtime/fancybutton.Runtime.asmdef)
Assembly with name 'com.anatolygarchik.fancybutton.runtime' already exists (Packages/com.anatolygarchik.fancybutton/Runtime/anatolygarchik.fancybutton.Runtime.asmdef)
Assembly with name 'com.anatolygarchik.fancybutton.runtime' already exists (Packages/com.anatolygarchik.fancybutton/Runtime/anatolygarchik.button-extension.Runtime.asmdef)
ArgumentException: An item with the same key has already been added. Key: b799b27d1785b934289706df7e883044
  at System.Collections.Generic.Dictionary`2[TKey,TValue].TryInsert (TKey key, TValue value, System.Collections.Generic.InsertionBehavior behavior) [0x0015a] in <8f06425e63004caf99a79845675f751e>:0 
  at System.Collections.Generic.Dictionary`2[TKey,TValue].Add (TKey key, TValue value) [0x00000] in <8f06425e63004caf99a79845675f751e>:0 
  at System.Linq.Enumerable.ToDictionary[TSource,TKey,TElement] (TSource[] source, System.Func`2[T,TResult] keySelector, System.Func`2[T,TResult] elementSelector, System.Collections.Generic.IEqualityComparer`1[T] comparer) [0x00029] in <7e91c7d737f04acfa67ccef9a61afddb>:0 
  at System.Linq.Enumerable.ToDictionary[TSource,TKey,TElement] (System.Collections.Generic.IEnumerable`1[T] source, System.Func`2[T,TResult] keySelector, System.Func`2[T,TResult] elementSelector, System.Collections.Generic.IEqualityComparer`1[T] comparer) [0x00051] in <7e91c7d737f04acfa67ccef9a61afddb>:0 
  at System.Linq.Enumerable.ToDictionary[TSource,TKey,TElement] (System.Collections.Generic.IEnumerable`1[T] source, System.Func`2[T,TResult] keySelector, System.Func`2[T,TResult] elementSelector) [0x00000] in <7e91c7d737f04acfa67ccef9a61afddb>:0 
  at UnityEditor.Scripting.ScriptCompilation.AssemblyGraphBuilder.Initialize (System.Collections.Generic.IReadOnlyCollection`1[T] assemblies, System.Collections.Generic.IReadOnlyCollection`1[T] customScriptAssemblyReferences) [0x00046] in <a62328349c154758b537cb55981f61df>:0 
  at UnityEditor.Scripting.ScriptCompilation.AssemblyGraphBuilderFactory.GetOrCreate (System.String projectPath, System.Collections.Generic.IReadOnlyCollection`1[T] assemblies, System.Collections.Generic.IReadOnlyCollection`1[T] customScriptAssemblyReferences) [0x00038] in <a62328349c154758b537cb55981f61df>:0 
  at UnityEditor.Scripting.ScriptCompilation.EditorCompilation.GetAssemblyGraphBuilder () [0x00027] in <a62328349c154758b537cb55981f61df>:0 
  at UnityEditor.Scripting.ScriptCompilation.EditorCompilation.SetAllScripts (System.String[] allScripts) [0x0000d] in <a62328349c154758b537cb55981f61df>:0 
  at UnityEditor.Scripting.ScriptCompilation.EditorCompilationInterface.SetAllScripts (System.String[] allScripts) [0x00006] in <a62328349c154758b537cb55981f61df>:0 

Begin MonoManager ReloadAssembly
Symbol file LoadedFromMemory doesn't match image C:\Users\user3\OneDrive\Documents\GitHub\button_extension\ButtonExtension\Library\PackageCache\com.unity.visualscripting@1.7.8\Editor\VisualScripting.Core\Dependencies\YamlDotNet\Unity.VisualScripting.YamlDotNet.dll
Symbol file LoadedFromMemory doesn't match image C:\Users\user3\OneDrive\Documents\GitHub\button_extension\ButtonExtension\Library\PackageCache\com.unity.visualscripting@1.7.8\Editor\VisualScripting.Core\Dependencies\DotNetZip\Unity.VisualScripting.IonicZip.dll
- Loaded All Assemblies, in  0.927 seconds
Refreshing native plugins compatible for Editor in 4.22 ms, found 3 plugins.
Native extension for WindowsStandalone target not found
Native extension for iOS target not found
Native extension for Android target not found
Folder 'Packages/com.anatolygarchik.fancybutton/Editor/' contains multiple assembly definition files (Packages/com.anatolygarchik.fancybutton/Editor/anatolygarchik.button-extension.Editor.asmdef)
Folder 'Packages/com.anatolygarchik.fancybutton/Editor/' contains multiple assembly definition files (Packages/com.anatolygarchik.fancybutton/Editor/fancybutton.Editor.asmdef)
Folder 'Packages/com.anatolygarchik.fancybutton/Runtime/' contains multiple assembly definition files (Packages/com.anatolygarchik.fancybutton/Runtime/anatolygarchik.button-extension.Runtime.asmdef)
Folder 'Packages/com.anatolygarchik.fancybutton/Runtime/' contains multiple assembly definition files (Packages/com.anatolygarchik.fancybutton/Runtime/fancybutton.Runtime.asmdef)
Assembly with name 'com.anatolygarchik.fancybutton.runtime' already exists (Packages/com.anatolygarchik.fancybutton/Runtime/anatolygarchik.fancybutton.Runtime.asmdef)
Assembly with name 'com.anatolygarchik.fancybutton.runtime' already exists (Packages/com.anatolygarchik.fancybutton/Runtime/anatolygarchik.button-extension.Runtime.asmdef)
ArgumentException: An item with the same key has already been added. Key: b799b27d1785b934289706df7e883044
  at System.Collections.Generic.Dictionary`2[TKey,TValue].TryInsert (TKey key, TValue value, System.Collections.Generic.InsertionBehavior behavior) [0x0015a] in <8f06425e63004caf99a79845675f751e>:0 
  at System.Collections.Generic.Dictionary`2[TKey,TValue].Add (TKey key, TValue value) [0x00000] in <8f06425e63004caf99a79845675f751e>:0 
  at System.Linq.Enumerable.ToDictionary[TSource,TKey,TElement] (TSource[] source, System.Func`2[T,TResult] keySelector, System.Func`2[T,TResult] elementSelector, System.Collections.Generic.IEqualityComparer`1[T] comparer) [0x00029] in <7e91c7d737f04acfa67ccef9a61afddb>:0 
  at System.Linq.Enumerable.ToDictionary[TSource,TKey,TElement] (System.Collections.Generic.IEnumerable`1[T] source, System.Func`2[T,TResult] keySelector, System.Func`2[T,TResult] elementSelector, System.Collections.Generic.IEqualityComparer`1[T] comparer) [0x00051] in <7e91c7d737f04acfa67ccef9a61afddb>:0 
  at System.Linq.Enumerable.ToDictionary[TSource,TKey,TElement] (System.Collections.Generic.IEnumerable`1[T] source, System.Func`2[T,TResult] keySelector, System.Func`2[T,TResult] elementSelector) [0x00000] in <7e91c7d737f04acfa67ccef9a61afddb>:0 
  at UnityEditor.Scripting.ScriptCompilation.AssemblyGraphBuilder.Initialize (System.Collections.Generic.IReadOnlyCollection`1[T] assemblies, System.Collections.Generic.IReadOnlyCollection`1[T] customScriptAssemblyReferences) [0x00046] in <a62328349c154758b537cb55981f61df>:0 
  at UnityEditor.Scripting.ScriptCompilation.AssemblyGraphBuilderFactory.GetOrCreate (System.String projectPath, System.Collections.Generic.IReadOnlyCollection`1[T] assemblies, System.Collections.Generic.IReadOnlyCollection`1[T] customScriptAssemblyReferences) [0x00038] in <a62328349c154758b537cb55981f61df>:0 
  at UnityEditor.Scripting.ScriptCompilation.EditorCompilation.GetAssemblyGraphBuilder () [0x00027] in <a62328349c154758b537cb55981f61df>:0 
  at UnityEditor.Scripting.ScriptCompilation.EditorCompilation.SetAllScripts (System.String[] allScripts) [0x0000d] in <a62328349c154758b537cb55981f61df>:0 
  at UnityEditor.Scripting.ScriptCompilation.EditorCompilationInterface.SetAllScripts (System.String[] allScripts) [0x00006] in <a62328349c154758b537cb55981f61df>:0 

Mono: successfully reloaded assembly
- Finished resetting the current domain, in  0.936 seconds
Domain Reload Profiling:
	ReloadAssembly (279ms)
		BeginReloadAssembly (161ms)
			ExecutionOrderSort (0ms)
			DisableScriptedObjects (7ms)
			BackupInstance (0ms)
			ReleaseScriptingObjects (0ms)
			CreateAndSetChildDomain (47ms)
		LoadAllAssembliesAndSetupDomain (642ms)
			LoadAssemblies (105ms)
			RebuildTransferFunctionScriptingTraits (0ms)
			SetupTypeCache (596ms)
				TypeCache.Initialize (353ms)
					TypeCache.ScanAssembly (345ms)
				ResolveRequiredComponents (4ms)
		FinalizeReload (0ms)
			ReleaseScriptCaches (0ms)
			RebuildScriptCaches (0ms)
			SetupLoadedEditorAssemblies (445ms)
				LogAssemblyErrors (0ms)
				InitializePlatformSupportModulesInManaged (42ms)
				SetLoadedEditorAssemblies (7ms)
				RefreshPlugins (0ms)
				BeforeProcessingInitializeOnLoad (89ms)
				ProcessInitializeOnLoadAttributes (273ms)
				ProcessInitializeOnLoadMethodAttributes (26ms)
				AfterProcessingInitializeOnLoad (9ms)
				EditorAssembliesLoaded (0ms)
			ExecutionOrderSort2 (0ms)
			AwakeInstancesAfterBackupRestoration (6ms)
Refreshing native plugins compatible for Editor in 3.88 ms, found 3 plugins.
Preloading 0 native plugins for Editor in 0.00 ms.
Unloading 3389 Unused Serialized files (Serialized files now loaded: 0)
Unloading 23 unused Assets / (100.7 KB). Loaded Objects now: 3874.
Memory consumption went from 0.51 GB to 0.51 GB.
Total: 3.607000 ms (FindLiveObjects: 0.336600 ms CreateObjectMapping: 0.092600 ms MarkObjects: 3.052400 ms  DeleteObjects: 0.124300 ms)

AssetImportParameters requested are different than current active one (requested -> active):
  custom:container-demuxer-ogg: 62fdf1f143b41e24485cea50d1cbac27 -> 
  custom:video-codec-MediaFoundation-h265: 746d11721c4dcdbdad8f713fa42b33f4 -> 
  custom:video-decoder-ogg-theora: a1e56fd34408186e4bbccfd4996cb3dc -> 
  custom:framework-win-MediaFoundation: 216162199b28c13a410421893ffa2e32 -> 
  custom:container-demuxer-webm: 4f35f7cbe854078d1ac9338744f61a02 -> 
  custom:container-muxer-webm: aa71ff27fc2769a1b78a27578f13a17b -> 
  custom:video-decoder-webm-vp8: 9c59270c3fd7afecdb556c50c9e8de78 -> 
  custom:AudioImporter_EditorPlatform: d09bf68614088b80899f8185d706f6e7 -> 
  custom:video-encoder-webm-vp8: eb34c28f22e8b96e1ab97ce403110664 -> 
  custom:audio-decoder-ogg-vorbis: bf7c407c2cedff20999df2af8eb42d56 -> 
  custom:audio-encoder-webm-vorbis: bf7c407c2cedff20999df2af8eb42d56 -> 
========================================================================
Received Prepare
Folder 'Packages/com.anatolygarchik.fancybutton/Editor/' contains multiple assembly definition files (Packages/com.anatolygarchik.fancybutton/Editor/anatolygarchik.button-extension.Editor.asmdef)
Folder 'Packages/com.anatolygarchik.fancybutton/Editor/' contains multiple assembly definition files (Packages/com.anatolygarchik.fancybutton/Editor/fancybutton.Editor.asmdef)
Folder 'Packages/com.anatolygarchik.fancybutton/Runtime/' contains multiple assembly definition files (Packages/com.anatolygarchik.fancybutton/Runtime/anatolygarchik.button-extension.Runtime.asmdef)
Folder 'Packages/com.anatolygarchik.fancybutton/Runtime/' contains multiple assembly definition files (Packages/com.anatolygarchik.fancybutton/Runtime/fancybutton.Runtime.asmdef)
Assembly with name 'com.anatolygarchik.fancybutton.runtime' already exists (Packages/com.anatolygarchik.fancybutton/Runtime/anatolygarchik.fancybutton.Runtime.asmdef)
Assembly with name 'com.anatolygarchik.fancybutton.runtime' already exists (Packages/com.anatolygarchik.fancybutton/Runtime/anatolygarchik.button-extension.Runtime.asmdef)
ArgumentException: An item with the same key has already been added. Key: b799b27d1785b934289706df7e883044
  at System.Collections.Generic.Dictionary`2[TKey,TValue].TryInsert (TKey key, TValue value, System.Collections.Generic.InsertionBehavior behavior) [0x0015a] in <8f06425e63004caf99a79845675f751e>:0 
  at System.Collections.Generic.Dictionary`2[TKey,TValue].Add (TKey key, TValue value) [0x00000] in <8f06425e63004caf99a79845675f751e>:0 
  at System.Linq.Enumerable.ToDictionary[TSource,TKey,TElement] (TSource[] source, System.Func`2[T,TResult] keySelector, System.Func`2[T,TResult] elementSelector, System.Collections.Generic.IEqualityComparer`1[T] comparer) [0x00029] in <7e91c7d737f04acfa67ccef9a61afddb>:0 
  at System.Linq.Enumerable.ToDictionary[TSource,TKey,TElement] (System.Collections.Generic.IEnumerable`1[T] source, System.Func`2[T,TResult] keySelector, System.Func`2[T,TResult] elementSelector, System.Collections.Generic.IEqualityComparer`1[T] comparer) [0x00051] in <7e91c7d737f04acfa67ccef9a61afddb>:0 
  at System.Linq.Enumerable.ToDictionary[TSource,TKey,TElement] (System.Collections.Generic.IEnumerable`1[T] source, System.Func`2[T,TResult] keySelector, System.Func`2[T,TResult] elementSelector) [0x00000] in <7e91c7d737f04acfa67ccef9a61afddb>:0 
  at UnityEditor.Scripting.ScriptCompilation.AssemblyGraphBuilder.Initialize (System.Collections.Generic.IReadOnlyCollection`1[T] assemblies, System.Collections.Generic.IReadOnlyCollection`1[T] customScriptAssemblyReferences) [0x00046] in <a62328349c154758b537cb55981f61df>:0 
  at UnityEditor.Scripting.ScriptCompilation.AssemblyGraphBuilderFactory.GetOrCreate (System.String projectPath, System.Collections.Generic.IReadOnlyCollection`1[T] assemblies, System.Collections.Generic.IReadOnlyCollection`1[T] customScriptAssemblyReferences) [0x00038] in <a62328349c154758b537cb55981f61df>:0 
  at UnityEditor.Scripting.ScriptCompilation.EditorCompilation.GetAssemblyGraphBuilder () [0x00027] in <a62328349c154758b537cb55981f61df>:0 
  at UnityEditor.Scripting.ScriptCompilation.EditorCompilation.SetAllScripts (System.String[] allScripts) [0x0000d] in <a62328349c154758b537cb55981f61df>:0 
  at UnityEditor.Scripting.ScriptCompilation.EditorCompilationInterface.SetAllScripts (System.String[] allScripts) [0x00006] in <a62328349c154758b537cb55981f61df>:0 

Folder 'Packages/com.anatolygarchik.fancybutton/Editor/' contains multiple assembly definition files (Packages/com.anatolygarchik.fancybutton/Editor/anatolygarchik.button-extension.Editor.asmdef)
Folder 'Packages/com.anatolygarchik.fancybutton/Editor/' contains multiple assembly definition files (Packages/com.anatolygarchik.fancybutton/Editor/fancybutton.Editor.asmdef)
Folder 'Packages/com.anatolygarchik.fancybutton/Runtime/' contains multiple assembly definition files (Packages/com.anatolygarchik.fancybutton/Runtime/anatolygarchik.button-extension.Runtime.asmdef)
Folder 'Packages/com.anatolygarchik.fancybutton/Runtime/' contains multiple assembly definition files (Packages/com.anatolygarchik.fancybutton/Runtime/fancybutton.Runtime.asmdef)
Assembly with name 'com.anatolygarchik.fancybutton.runtime' already exists (Packages/com.anatolygarchik.fancybutton/Runtime/anatolygarchik.fancybutton.Runtime.asmdef)
Assembly with name 'com.anatolygarchik.fancybutton.runtime' already exists (Packages/com.anatolygarchik.fancybutton/Runtime/anatolygarchik.button-extension.Runtime.asmdef)
ArgumentException: An item with the same key has already been added. Key: b799b27d1785b934289706df7e883044
  at System.Collections.Generic.Dictionary`2[TKey,TValue].TryInsert (TKey key, TValue value, System.Collections.Generic.InsertionBehavior behavior) [0x0015a] in <8f06425e63004caf99a79845675f751e>:0 
  at System.Collections.Generic.Dictionary`2[TKey,TValue].Add (TKey key, TValue value) [0x00000] in <8f06425e63004caf99a79845675f751e>:0 
  at System.Linq.Enumerable.ToDictionary[TSource,TKey,TElement] (TSource[] source, System.Func`2[T,TResult] keySelector, System.Func`2[T,TResult] elementSelector, System.Collections.Generic.IEqualityComparer`1[T] comparer) [0x00029] in <7e91c7d737f04acfa67ccef9a61afddb>:0 
  at System.Linq.Enumerable.ToDictionary[TSource,TKey,TElement] (System.Collections.Generic.IEnumerable`1[T] source, System.Func`2[T,TResult] keySelector, System.Func`2[T,TResult] elementSelector, System.Collections.Generic.IEqualityComparer`1[T] comparer) [0x00051] in <7e91c7d737f04acfa67ccef9a61afddb>:0 
  at System.Linq.Enumerable.ToDictionary[TSource,TKey,TElement] (System.Collections.Generic.IEnumerable`1[T] source, System.Func`2[T,TResult] keySelector, System.Func`2[T,TResult] elementSelector) [0x00000] in <7e91c7d737f04acfa67ccef9a61afddb>:0 
  at UnityEditor.Scripting.ScriptCompilation.AssemblyGraphBuilder.Initialize (System.Collections.Generic.IReadOnlyCollection`1[T] assemblies, System.Collections.Generic.IReadOnlyCollection`1[T] customScriptAssemblyReferences) [0x00046] in <a62328349c154758b537cb55981f61df>:0 
  at UnityEditor.Scripting.ScriptCompilation.AssemblyGraphBuilderFactory.GetOrCreate (System.String projectPath, System.Collections.Generic.IReadOnlyCollection`1[T] assemblies, System.Collections.Generic.IReadOnlyCollection`1[T] customScriptAssemblyReferences) [0x00038] in <a62328349c154758b537cb55981f61df>:0 
  at UnityEditor.Scripting.ScriptCompilation.EditorCompilation.GetAssemblyGraphBuilder () [0x00027] in <a62328349c154758b537cb55981f61df>:0 
  at UnityEditor.Scripting.ScriptCompilation.EditorCompilation.SetAllScripts (System.String[] allScripts) [0x0000d] in <a62328349c154758b537cb55981f61df>:0 
  at UnityEditor.Scripting.ScriptCompilation.EditorCompilationInterface.SetAllScripts (System.String[] allScripts) [0x00006] in <a62328349c154758b537cb55981f61df>:0 

Begin MonoManager ReloadAssembly
Symbol file LoadedFromMemory doesn't match image C:\Users\user3\OneDrive\Documents\GitHub\button_extension\ButtonExtension\Library\PackageCache\com.unity.visualscripting@1.7.8\Editor\VisualScripting.Core\Dependencies\YamlDotNet\Unity.VisualScripting.YamlDotNet.dll
Symbol file LoadedFromMemory doesn't match image C:\Users\user3\OneDrive\Documents\GitHub\button_extension\ButtonExtension\Library\PackageCache\com.unity.visualscripting@1.7.8\Editor\VisualScripting.Core\Dependencies\DotNetZip\Unity.VisualScripting.IonicZip.dll
- Loaded All Assemblies, in  0.897 seconds
Refreshing native plugins compatible for Editor in 5.51 ms, found 3 plugins.
Native extension for WindowsStandalone target not found
Native extension for iOS target not found
Native extension for Android target not found
Folder 'Packages/com.anatolygarchik.fancybutton/Editor/' contains multiple assembly definition files (Packages/com.anatolygarchik.fancybutton/Editor/anatolygarchik.button-extension.Editor.asmdef)
Folder 'Packages/com.anatolygarchik.fancybutton/Editor/' contains multiple assembly definition files (Packages/com.anatolygarchik.fancybutton/Editor/fancybutton.Editor.asmdef)
Folder 'Packages/com.anatolygarchik.fancybutton/Runtime/' contains multiple assembly definition files (Packages/com.anatolygarchik.fancybutton/Runtime/anatolygarchik.button-extension.Runtime.asmdef)
Folder 'Packages/com.anatolygarchik.fancybutton/Runtime/' contains multiple assembly definition files (Packages/com.anatolygarchik.fancybutton/Runtime/fancybutton.Runtime.asmdef)
Assembly with name 'com.anatolygarchik.fancybutton.runtime' already exists (Packages/com.anatolygarchik.fancybutton/Runtime/anatolygarchik.fancybutton.Runtime.asmdef)
Assembly with name 'com.anatolygarchik.fancybutton.runtime' already exists (Packages/com.anatolygarchik.fancybutton/Runtime/anatolygarchik.button-extension.Runtime.asmdef)
ArgumentException: An item with the same key has already been added. Key: b799b27d1785b934289706df7e883044
  at System.Collections.Generic.Dictionary`2[TKey,TValue].TryInsert (TKey key, TValue value, System.Collections.Generic.InsertionBehavior behavior) [0x0015a] in <8f06425e63004caf99a79845675f751e>:0 
  at System.Collections.Generic.Dictionary`2[TKey,TValue].Add (TKey key, TValue value) [0x00000] in <8f06425e63004caf99a79845675f751e>:0 
  at System.Linq.Enumerable.ToDictionary[TSource,TKey,TElement] (TSource[] source, System.Func`2[T,TResult] keySelector, System.Func`2[T,TResult] elementSelector, System.Collections.Generic.IEqualityComparer`1[T] comparer) [0x00029] in <7e91c7d737f04acfa67ccef9a61afddb>:0 
  at System.Linq.Enumerable.ToDictionary[TSource,TKey,TElement] (System.Collections.Generic.IEnumerable`1[T] source, System.Func`2[T,TResult] keySelector, System.Func`2[T,TResult] elementSelector, System.Collections.Generic.IEqualityComparer`1[T] comparer) [0x00051] in <7e91c7d737f04acfa67ccef9a61afddb>:0 
  at System.Linq.Enumerable.ToDictionary[TSource,TKey,TElement] (System.Collections.Generic.IEnumerable`1[T] source, System.Func`2[T,TResult] keySelector, System.Func`2[T,TResult] elementSelector) [0x00000] in <7e91c7d737f04acfa67ccef9a61afddb>:0 
  at UnityEditor.Scripting.ScriptCompilation.AssemblyGraphBuilder.Initialize (System.Collections.Generic.IReadOnlyCollection`1[T] assemblies, System.Collections.Generic.IReadOnlyCollection`1[T] customScriptAssemblyReferences) [0x00046] in <a62328349c154758b537cb55981f61df>:0 
  at UnityEditor.Scripting.ScriptCompilation.AssemblyGraphBuilderFactory.GetOrCreate (System.String projectPath, System.Collections.Generic.IReadOnlyCollection`1[T] assemblies, System.Collections.Generic.IReadOnlyCollection`1[T] customScriptAssemblyReferences) [0x00038] in <a62328349c154758b537cb55981f61df>:0 
  at UnityEditor.Scripting.ScriptCompilation.EditorCompilation.GetAssemblyGraphBuilder () [0x00027] in <a62328349c154758b537cb55981f61df>:0 
  at UnityEditor.Scripting.ScriptCompilation.EditorCompilation.SetAllScripts (System.String[] allScripts) [0x0000d] in <a62328349c154758b537cb55981f61df>:0 
  at UnityEditor.Scripting.ScriptCompilation.EditorCompilationInterface.SetAllScripts (System.String[] allScripts) [0x00006] in <a62328349c154758b537cb55981f61df>:0 

Mono: successfully reloaded assembly
- Finished resetting the current domain, in  0.951 seconds
Domain Reload Profiling:
	ReloadAssembly (254ms)
		BeginReloadAssembly (159ms)
			ExecutionOrderSort (0ms)
			DisableScriptedObjects (7ms)
			BackupInstance (0ms)
			ReleaseScriptingObjects (0ms)
			CreateAndSetChildDomain (51ms)
		LoadAllAssembliesAndSetupDomain (640ms)
			LoadAssemblies (97ms)
			RebuildTransferFunctionScriptingTraits (0ms)
			SetupTypeCache (602ms)
				TypeCache.Initialize (355ms)
					TypeCache.ScanAssembly (347ms)
				ResolveRequiredComponents (7ms)
		FinalizeReload (0ms)
			ReleaseScriptCaches (0ms)
			RebuildScriptCaches (0ms)
			SetupLoadedEditorAssemblies (447ms)
				LogAssemblyErrors (0ms)
				InitializePlatformSupportModulesInManaged (44ms)
				SetLoadedEditorAssemblies (7ms)
				RefreshPlugins (0ms)
				BeforeProcessingInitializeOnLoad (89ms)
				ProcessInitializeOnLoadAttributes (269ms)
				ProcessInitializeOnLoadMethodAttributes (29ms)
				AfterProcessingInitializeOnLoad (9ms)
				EditorAssembliesLoaded (0ms)
			ExecutionOrderSort2 (0ms)
			AwakeInstancesAfterBackupRestoration (6ms)
Refreshing native plugins compatible for Editor in 4.21 ms, found 3 plugins.
Preloading 0 native plugins for Editor in 0.00 ms.
Unloading 3389 Unused Serialized files (Serialized files now loaded: 0)
Unloading 23 unused Assets / (100.7 KB). Loaded Objects now: 3877.
Memory consumption went from 0.51 GB to 0.51 GB.
Total: 3.545300 ms (FindLiveObjects: 0.358100 ms CreateObjectMapping: 0.093200 ms MarkObjects: 2.968300 ms  DeleteObjects: 0.123800 ms)

AssetImportParameters requested are different than current active one (requested -> active):
  custom:container-demuxer-ogg: 62fdf1f143b41e24485cea50d1cbac27 -> 
  custom:video-codec-MediaFoundation-h265: 746d11721c4dcdbdad8f713fa42b33f4 -> 
  custom:video-decoder-ogg-theora: a1e56fd34408186e4bbccfd4996cb3dc -> 
  custom:framework-win-MediaFoundation: 216162199b28c13a410421893ffa2e32 -> 
  custom:container-demuxer-webm: 4f35f7cbe854078d1ac9338744f61a02 -> 
  custom:container-muxer-webm: aa71ff27fc2769a1b78a27578f13a17b -> 
  custom:video-decoder-webm-vp8: 9c59270c3fd7afecdb556c50c9e8de78 -> 
  custom:AudioImporter_EditorPlatform: d09bf68614088b80899f8185d706f6e7 -> 
  custom:video-encoder-webm-vp8: eb34c28f22e8b96e1ab97ce403110664 -> 
  custom:audio-decoder-ogg-vorbis: bf7c407c2cedff20999df2af8eb42d56 -> 
  custom:audio-encoder-webm-vorbis: bf7c407c2cedff20999df2af8eb42d56 -> 
